2023-07-31 16:43:42,159 INFO  - Reading 'C:\Users\giann\Documents\Progetti\KITE\KITE-Telemed-Test\.\configs\telemed.config.json' ...
 2023-07-31 16:43:42,384 INFO  - new RoomManager(2 max per room) for https://falgsc.eu.org/
 2023-07-31 16:43:42,384 INFO  - Please make sure that you have enough room for all users.
 2023-07-31 16:43:42,385 INFO  - getRoomUrl(random) function, with random value = true/false, will give you the base url with or without a randomized ID.
 2023-07-31 16:43:42,386 INFO  - Finished reading the configuration file
 2023-07-31 16:43:42,386 INFO  - Creating report folder if not exist at :C:\Users\giann\Documents\Progetti\KITE\KITE-Telemed-Test/kite-allure-reports/
 2023-07-31 16:43:42,393 INFO  - Running {"type":"interop","name":"Telemed Test %ts","testImpl":"org.webrtc.kite.telemed.KiteTelemedTest","description":"Telemed test description","tupleSize":2,"noOfThreads":1,"maxRetryCount":0,"delayForClosing":0,"permute":true} ...
 2023-07-31 16:43:42,398 INFO  - Executing {"type":"interop","name":"Telemed Test %ts","testImpl":"org.webrtc.kite.telemed.KiteTelemedTest","description":"Telemed test description","tupleSize":2,"noOfThreads":1,"maxRetryCount":0,"delayForClosing":0,"permute":true} for 1 browser tuples with size :2
 2023-07-31 16:43:42,402 INFO  - current phase in test manager has been set to DEFAULT
 2023-07-31 16:43:42,406 INFO  - 
           |--------------------------------------------------
           | Number of registered tests: 0
           | Elapsed time: 0m0s (avg:0m0s)
           | Running test case with ID: 0/1
           | ETA (for Telemed Test %ts): Estimating..
           |--------------------------------------------------
 2023-07-31 16:43:42,408 INFO  - execute(DEFAULT) for the test case: WIN_ch-WIN_ch (2023-07-31-164342)
 2023-07-31 16:43:42,410 INFO  - Not load test, init report for test
 2023-07-31 16:43:42,411 INFO  - Finished filling out initial report for phase 
 2023-07-31 16:43:42,412 INFO  - payload handling
 2023-07-31 16:43:42,412 INFO  - the payload is {"url":"https://falgsc.eu.org/","usersPerRoom":2,"getStats":{"enabled":true,"statsCollectionTime":2,"statsCollectionInterval":1,"peerConnections":["ng.getComponent($('app-videocall-pj')[0]).mediaConnection.peerConnection"],"selectedStats":["inbound-rtp","outbound-rtp","local-candidate","remote-candidate","candidate-pair","stream","peer-connection","codec","track","transport"]}}
 2023-07-31 16:43:42,413 INFO  - Creating runners
 2023-07-31 16:43:42,414 INFO  - Start creating the TestRunner id 1 in 0ms
 2023-07-31 16:43:42,414 INFO  - Start creating the TestRunner id 0 in 0ms
 2023-07-31 16:43:42,430 INFO  - unknown(no Web Driver): Creating web driver for {"app":false,"kind":"browser","logger":{"name":"org.webrtc.kite.config.client.Client","debugEnabled":true},"count":5,"clientIndex":0,"fullReset":false,"jsonConfig":{"browserName":{},"platform":{}},"capability":{"headless":false,"windowSize":"1920,1200","technologyPreview":false,"useFakeMedia":true,"flags":[],"maxInstances":5,"extraCapabilities":{},"gateway":"none"},"paas":{"specList":[],"networkProfile":{"delay":0,"corrupt":0,"cleanUpCommand":"","bandwidth":0,"packetloss":0,"name":"NONE","id":"","duplicate":0,"command":""},"availableSlots":3,"type":"local","region":"NC","url":"http://localhost:4444/wd/hub"},"name":"1","networkProfile":{"delay":0,"corrupt":0,"cleanUpCommand":"","bandwidth":0,"packetloss":0,"name":"","id":"","duplicate":0,"command":""},"exclude":false,"browserSpecs":{"extension":"","profile":"","driverString":"-Dwebdriver.chrome.driver=./chromedriver","browserName":"chrome","deviceName":"unknown","platform":"WINDOWS"},"region":"NC"}
 2023-07-31 16:43:42,430 INFO  - unknown(no Web Driver): Creating web driver for {"app":false,"kind":"browser","logger":{"name":"org.webrtc.kite.config.client.Client","debugEnabled":true},"count":5,"clientIndex":0,"fullReset":false,"jsonConfig":{"browserName":{},"platform":{}},"capability":{"headless":false,"windowSize":"1920,1200","technologyPreview":false,"useFakeMedia":true,"flags":[],"maxInstances":5,"extraCapabilities":{},"gateway":"none"},"paas":{"specList":[],"networkProfile":{"delay":0,"corrupt":0,"cleanUpCommand":"","bandwidth":0,"packetloss":0,"name":"NONE","id":"","duplicate":0,"command":""},"availableSlots":3,"type":"local","region":"NC","url":"http://localhost:4444/wd/hub"},"name":"0","networkProfile":{"delay":0,"corrupt":0,"cleanUpCommand":"","bandwidth":0,"packetloss":0,"name":"","id":"","duplicate":0,"command":""},"exclude":false,"browserSpecs":{"extension":"","profile":"","driverString":"-Dwebdriver.chrome.driver=./chromedriver","browserName":"chrome","deviceName":"unknown","platform":"WINDOWS"},"region":"NC"}
 2023-07-31 16:44:14,231 INFO  - Reading 'C:\Users\giann\Documents\Progetti\KITE\KITE-Telemed-Test\.\configs\telemed.config.json' ...
 2023-07-31 16:44:14,425 INFO  - new RoomManager(2 max per room) for https://falgsc.eu.org/
 2023-07-31 16:44:14,425 INFO  - Please make sure that you have enough room for all users.
 2023-07-31 16:44:14,425 INFO  - getRoomUrl(random) function, with random value = true/false, will give you the base url with or without a randomized ID.
 2023-07-31 16:44:14,425 INFO  - Finished reading the configuration file
 2023-07-31 16:44:14,425 INFO  - Creating report folder if not exist at :C:\Users\giann\Documents\Progetti\KITE\KITE-Telemed-Test/kite-allure-reports/
 2023-07-31 16:44:14,429 INFO  - Running {"type":"interop","name":"Telemed Test %ts","testImpl":"org.webrtc.kite.telemed.KiteTelemedTest","description":"Telemed test description","tupleSize":2,"noOfThreads":1,"maxRetryCount":0,"delayForClosing":0,"permute":true} ...
 2023-07-31 16:44:14,429 INFO  - Executing {"type":"interop","name":"Telemed Test %ts","testImpl":"org.webrtc.kite.telemed.KiteTelemedTest","description":"Telemed test description","tupleSize":2,"noOfThreads":1,"maxRetryCount":0,"delayForClosing":0,"permute":true} for 1 browser tuples with size :2
 2023-07-31 16:44:14,436 INFO  - current phase in test manager has been set to DEFAULT
 2023-07-31 16:44:14,439 INFO  - 
           |--------------------------------------------------
           | Number of registered tests: 0
           | Elapsed time: 0m0s (avg:0m0s)
           | Running test case with ID: 0/1
           | ETA (for Telemed Test %ts): Estimating..
           |--------------------------------------------------
 2023-07-31 16:44:14,439 INFO  - execute(DEFAULT) for the test case: WIN_ch-WIN_ch (2023-07-31-164414)
 2023-07-31 16:44:14,439 INFO  - Not load test, init report for test
 2023-07-31 16:44:14,443 INFO  - Finished filling out initial report for phase 
 2023-07-31 16:44:14,443 INFO  - payload handling
 2023-07-31 16:44:14,443 INFO  - the payload is {"url":"https://falgsc.eu.org/","usersPerRoom":2,"getStats":{"enabled":true,"statsCollectionTime":2,"statsCollectionInterval":1,"peerConnections":["ng.getComponent($('app-videocall-pj')[0]).mediaConnection.peerConnection"],"selectedStats":["inbound-rtp","outbound-rtp","local-candidate","remote-candidate","candidate-pair","stream","peer-connection","codec","track","transport"]}}
 2023-07-31 16:44:14,445 INFO  - Creating runners
 2023-07-31 16:44:14,445 INFO  - Start creating the TestRunner id 0 in 0ms
 2023-07-31 16:44:14,445 INFO  - Start creating the TestRunner id 1 in 0ms
 2023-07-31 16:44:14,457 INFO  - unknown(no Web Driver): Creating web driver for {"app":false,"kind":"browser","logger":{"name":"org.webrtc.kite.config.client.Client","debugEnabled":true},"count":5,"clientIndex":0,"fullReset":false,"jsonConfig":{"browserName":{},"platform":{}},"capability":{"headless":false,"windowSize":"1920,1200","technologyPreview":false,"useFakeMedia":true,"flags":[],"maxInstances":5,"extraCapabilities":{},"gateway":"none"},"paas":{"specList":[],"networkProfile":{"corrupt":0,"delay":0,"cleanUpCommand":"","bandwidth":0,"packetloss":0,"name":"NONE","duplicate":0,"id":"","command":""},"availableSlots":3,"type":"local","region":"NC","url":"http://localhost:4444/wd/hub"},"name":"1","networkProfile":{"corrupt":0,"delay":0,"cleanUpCommand":"","bandwidth":0,"packetloss":0,"name":"","duplicate":0,"id":"","command":""},"exclude":false,"browserSpecs":{"extension":"","driverString":"-Dwebdriver.chrome.driver=./chromedriver","profile":"","browserName":"chrome","deviceName":"unknown","platform":"WINDOWS"},"region":"NC"}
 2023-07-31 16:44:14,457 INFO  - unknown(no Web Driver): Creating web driver for {"app":false,"kind":"browser","logger":{"name":"org.webrtc.kite.config.client.Client","debugEnabled":true},"count":5,"clientIndex":0,"fullReset":false,"jsonConfig":{"browserName":{},"platform":{}},"capability":{"headless":false,"windowSize":"1920,1200","technologyPreview":false,"useFakeMedia":true,"flags":[],"maxInstances":5,"extraCapabilities":{},"gateway":"none"},"paas":{"specList":[],"networkProfile":{"corrupt":0,"delay":0,"cleanUpCommand":"","bandwidth":0,"packetloss":0,"name":"NONE","duplicate":0,"id":"","command":""},"availableSlots":3,"type":"local","region":"NC","url":"http://localhost:4444/wd/hub"},"name":"0","networkProfile":{"corrupt":0,"delay":0,"cleanUpCommand":"","bandwidth":0,"packetloss":0,"name":"","duplicate":0,"id":"","command":""},"exclude":false,"browserSpecs":{"extension":"","driverString":"-Dwebdriver.chrome.driver=./chromedriver","profile":"","browserName":"chrome","deviceName":"unknown","platform":"WINDOWS"},"region":"NC"}
 2023-07-31 16:44:17,526 INFO  - unknown(no Web Driver):  [PASSED] Initiate webDriver for client
 2023-07-31 16:44:17,527 INFO  - unknown(no Web Driver):  [PASSED] Initiate webDriver for client
 2023-07-31 16:44:17,550 INFO  - Starting the execution of the test runners in parallel 
 2023-07-31 16:44:17,551 INFO  - Start processing the TestRunner(DEFAULT) id 0 in 0ms
 2023-07-31 16:44:17,551 INFO  - Start processing the TestRunner(DEFAULT) id 1 in 0ms
 2023-07-31 16:44:18,946 ERROR - Step broken:
   message = ***UNHANDLED EXCEPTION*** 
 This is a bug and must be fixed. The exception must be caught and thrown as KiteTestException
   trace = java.lang.RuntimeException: java.io.FileNotFoundException: credentials.properties (Impossibile trovare il file specificato)
	at org.webrtc.kite.telemed.steps.OpenUrlStep.step(OpenUrlStep.java:64)
	at io.cosmosoftware.kite.steps.TestStep.execute(TestStep.java:81)
	at io.cosmosoftware.kite.steps.TestStep.processTestStep(TestStep.java:329)
	at org.webrtc.kite.tests.TestRunner.call(TestRunner.java:187)
	at java.util.concurrent.FutureTask.run(FutureTask.java:266)
	at java.util.concurrent.ThreadPoolExecutor.runWorker(ThreadPoolExecutor.java:1149)
	at java.util.concurrent.ThreadPoolExecutor$Worker.run(ThreadPoolExecutor.java:624)
	at java.lang.Thread.run(Thread.java:750)
Caused by: java.io.FileNotFoundException: credentials.properties (Impossibile trovare il file specificato)
	at java.io.FileInputStream.open0(Native Method)
	at java.io.FileInputStream.open(FileInputStream.java:195)
	at java.io.FileInputStream.<init>(FileInputStream.java:138)
	at java.io.FileInputStream.<init>(FileInputStream.java:93)
	at org.webrtc.kite.telemed.steps.OpenUrlStep.step(OpenUrlStep.java:47)
	... 7 more

Caused by: java.io.FileNotFoundException: credentials.properties (Impossibile trovare il file specificato)
	at java.io.FileInputStream.open0(Native Method)
	at java.io.FileInputStream.open(FileInputStream.java:195)
	at java.io.FileInputStream.<init>(FileInputStream.java:138)
	at java.io.FileInputStream.<init>(FileInputStream.java:93)
	at org.webrtc.kite.telemed.steps.OpenUrlStep.step(OpenUrlStep.java:47)
	at io.cosmosoftware.kite.steps.TestStep.execute(TestStep.java:81)
	at io.cosmosoftware.kite.steps.TestStep.processTestStep(TestStep.java:329)
	at org.webrtc.kite.tests.TestRunner.call(TestRunner.java:187)
	at java.util.concurrent.FutureTask.run(FutureTask.java:266)
	at java.util.concurrent.ThreadPoolExecutor.runWorker(ThreadPoolExecutor.java:1149)
	at java.util.concurrent.ThreadPoolExecutor$Worker.run(ThreadPoolExecutor.java:624)
	at java.lang.Thread.run(Thread.java:750)

 2023-07-31 16:44:18,953 WARN  - ch115_WIN-e5f27 - 0: [SKIPPING] Get the browser console logs.
 2023-07-31 16:44:18,953 INFO  - ch115_WIN-e5f27 - 0:  [BROKEN] Open https://falgsc.eu.org/
 2023-07-31 16:44:18,954 ERROR - Step broken:
   message = ***UNHANDLED EXCEPTION*** 
 This is a bug and must be fixed. The exception must be caught and thrown as KiteTestException
   trace = java.lang.RuntimeException: java.io.FileNotFoundException: credentials.properties (Impossibile trovare il file specificato)
	at org.webrtc.kite.telemed.steps.OpenUrlStep.step(OpenUrlStep.java:64)
	at io.cosmosoftware.kite.steps.TestStep.execute(TestStep.java:81)
	at io.cosmosoftware.kite.steps.TestStep.processTestStep(TestStep.java:329)
	at org.webrtc.kite.tests.TestRunner.call(TestRunner.java:187)
	at java.util.concurrent.FutureTask.run(FutureTask.java:266)
	at java.util.concurrent.ThreadPoolExecutor.runWorker(ThreadPoolExecutor.java:1149)
	at java.util.concurrent.ThreadPoolExecutor$Worker.run(ThreadPoolExecutor.java:624)
	at java.lang.Thread.run(Thread.java:750)
Caused by: java.io.FileNotFoundException: credentials.properties (Impossibile trovare il file specificato)
	at java.io.FileInputStream.open0(Native Method)
	at java.io.FileInputStream.open(FileInputStream.java:195)
	at java.io.FileInputStream.<init>(FileInputStream.java:138)
	at java.io.FileInputStream.<init>(FileInputStream.java:93)
	at org.webrtc.kite.telemed.steps.OpenUrlStep.step(OpenUrlStep.java:47)
	... 7 more

Caused by: java.io.FileNotFoundException: credentials.properties (Impossibile trovare il file specificato)
	at java.io.FileInputStream.open0(Native Method)
	at java.io.FileInputStream.open(FileInputStream.java:195)
	at java.io.FileInputStream.<init>(FileInputStream.java:138)
	at java.io.FileInputStream.<init>(FileInputStream.java:93)
	at org.webrtc.kite.telemed.steps.OpenUrlStep.step(OpenUrlStep.java:47)
	at io.cosmosoftware.kite.steps.TestStep.execute(TestStep.java:81)
	at io.cosmosoftware.kite.steps.TestStep.processTestStep(TestStep.java:329)
	at org.webrtc.kite.tests.TestRunner.call(TestRunner.java:187)
	at java.util.concurrent.FutureTask.run(FutureTask.java:266)
	at java.util.concurrent.ThreadPoolExecutor.runWorker(ThreadPoolExecutor.java:1149)
	at java.util.concurrent.ThreadPoolExecutor$Worker.run(ThreadPoolExecutor.java:624)
	at java.lang.Thread.run(Thread.java:750)

 2023-07-31 16:44:18,954 WARN  - ch115_WIN-e5f27 - 0: [SKIPPING] Open https://falgsc.eu.org//#/pocPJ/166
 2023-07-31 16:44:18,962 WARN  - ch115_WIN-e5f27 - 0: [SKIPPING] Getting stats from ["ng.getComponent($('app-videocall-pj')[0]).mediaConnection.peerConnection"]
 2023-07-31 16:44:18,963 WARN  - ch115_WIN-3d1c0 - 1: [SKIPPING] Get the browser console logs.
 2023-07-31 16:44:18,963 INFO  - ch115_WIN-3d1c0 - 1:  [BROKEN] Open https://falgsc.eu.org/
 2023-07-31 16:44:18,963 WARN  - ch115_WIN-3d1c0 - 1: [SKIPPING] Open https://falgsc.eu.org//#/pocPJ/166
 2023-07-31 16:44:18,964 WARN  - ch115_WIN-3d1c0 - 1: [SKIPPING] Getting stats from ["ng.getComponent($('app-videocall-pj')[0]).mediaConnection.peerConnection"]
 2023-07-31 16:44:18,964 INFO  - execute(DEFAULT) completed.
 2023-07-31 16:44:18,964 INFO  - Terminating, quiting webdriver
 2023-07-31 16:44:18,965 INFO  - Closing down webDrivers
 2023-07-31 16:44:19,651 INFO  - Test FAILED
 2023-07-31 16:44:19,651 INFO  - Matrix runner at last phase, ending. 
 2023-07-31 16:44:19,661 WARN  - Adding [0, 0] to retry list..
 2023-07-31 16:44:19,665 INFO  - Reading 'C:\Users\giann\Documents\Progetti\KITE\KITE-Telemed-Test\.\configs\telemed.config.json' ...
 2023-07-31 16:44:19,667 WARN  - Done! Some test cases might need to be rerun!
 2023-07-31 16:44:19,668 INFO  - Reading 'C:\Users\giann\Documents\Progetti\KITE\KITE-Telemed-Test\.\configs\telemed.config.json' ...
 2023-07-31 16:44:19,672 INFO  - shutdownExecutors() done.
 2023-07-31 16:45:41,678 INFO  - Reading 'C:\Users\giann\Documents\Progetti\KITE\KITE-Telemed-Test\.\configs\telemed.config.json' ...
 2023-07-31 16:45:41,906 INFO  - new RoomManager(2 max per room) for https://falgsc.eu.org/
 2023-07-31 16:45:41,907 INFO  - Please make sure that you have enough room for all users.
 2023-07-31 16:45:41,907 INFO  - getRoomUrl(random) function, with random value = true/false, will give you the base url with or without a randomized ID.
 2023-07-31 16:45:41,907 INFO  - Finished reading the configuration file
 2023-07-31 16:45:41,908 INFO  - Creating report folder if not exist at :C:\Users\giann\Documents\Progetti\KITE\KITE-Telemed-Test/kite-allure-reports/
 2023-07-31 16:45:41,912 INFO  - Running {"type":"interop","name":"Telemed Test %ts","testImpl":"org.webrtc.kite.telemed.KiteTelemedTest","description":"Telemed test description","tupleSize":2,"noOfThreads":1,"maxRetryCount":0,"delayForClosing":0,"permute":true} ...
 2023-07-31 16:45:41,917 INFO  - Executing {"type":"interop","name":"Telemed Test %ts","testImpl":"org.webrtc.kite.telemed.KiteTelemedTest","description":"Telemed test description","tupleSize":2,"noOfThreads":1,"maxRetryCount":0,"delayForClosing":0,"permute":true} for 1 browser tuples with size :2
 2023-07-31 16:45:41,921 INFO  - current phase in test manager has been set to DEFAULT
 2023-07-31 16:45:41,926 INFO  - 
           |--------------------------------------------------
           | Number of registered tests: 0
           | Elapsed time: 0m0s (avg:0m0s)
           | Running test case with ID: 0/1
           | ETA (for Telemed Test %ts): Estimating..
           |--------------------------------------------------
 2023-07-31 16:45:41,927 INFO  - execute(DEFAULT) for the test case: WIN_ch-WIN_ch (2023-07-31-164541)
 2023-07-31 16:45:41,928 INFO  - Not load test, init report for test
 2023-07-31 16:45:41,929 INFO  - Finished filling out initial report for phase 
 2023-07-31 16:45:41,930 INFO  - payload handling
 2023-07-31 16:45:41,931 INFO  - the payload is {"url":"https://falgsc.eu.org/","usersPerRoom":2,"getStats":{"enabled":true,"statsCollectionTime":2,"statsCollectionInterval":1,"peerConnections":["ng.getComponent($('app-videocall-pj')[0]).mediaConnection.peerConnection"],"selectedStats":["inbound-rtp","outbound-rtp","local-candidate","remote-candidate","candidate-pair","stream","peer-connection","codec","track","transport"]}}
 2023-07-31 16:45:41,932 INFO  - Creating runners
 2023-07-31 16:45:41,933 INFO  - Start creating the TestRunner id 0 in 0ms
 2023-07-31 16:45:41,933 INFO  - Start creating the TestRunner id 1 in 0ms
 2023-07-31 16:45:41,947 INFO  - unknown(no Web Driver): Creating web driver for {"app":false,"kind":"browser","logger":{"name":"org.webrtc.kite.config.client.Client","debugEnabled":true},"count":5,"clientIndex":0,"fullReset":false,"jsonConfig":{"browserName":{},"platform":{}},"capability":{"headless":false,"windowSize":"1920,1200","technologyPreview":false,"useFakeMedia":true,"flags":[],"extraCapabilities":{},"maxInstances":5,"gateway":"none"},"paas":{"specList":[],"networkProfile":{"corrupt":0,"delay":0,"cleanUpCommand":"","bandwidth":0,"packetloss":0,"name":"NONE","id":"","duplicate":0,"command":""},"availableSlots":3,"type":"local","region":"NC","url":"http://localhost:4444/wd/hub"},"name":"0","networkProfile":{"corrupt":0,"delay":0,"cleanUpCommand":"","bandwidth":0,"packetloss":0,"name":"","id":"","duplicate":0,"command":""},"exclude":false,"browserSpecs":{"extension":"","driverString":"-Dwebdriver.chrome.driver=./chromedriver","profile":"","browserName":"chrome","deviceName":"unknown","platform":"WINDOWS"},"region":"NC"}
 2023-07-31 16:45:41,947 INFO  - unknown(no Web Driver): Creating web driver for {"app":false,"kind":"browser","logger":{"name":"org.webrtc.kite.config.client.Client","debugEnabled":true},"count":5,"clientIndex":0,"fullReset":false,"jsonConfig":{"browserName":{},"platform":{}},"capability":{"headless":false,"windowSize":"1920,1200","technologyPreview":false,"useFakeMedia":true,"flags":[],"extraCapabilities":{},"maxInstances":5,"gateway":"none"},"paas":{"specList":[],"networkProfile":{"corrupt":0,"delay":0,"cleanUpCommand":"","bandwidth":0,"packetloss":0,"name":"NONE","id":"","duplicate":0,"command":""},"availableSlots":3,"type":"local","region":"NC","url":"http://localhost:4444/wd/hub"},"name":"1","networkProfile":{"corrupt":0,"delay":0,"cleanUpCommand":"","bandwidth":0,"packetloss":0,"name":"","id":"","duplicate":0,"command":""},"exclude":false,"browserSpecs":{"extension":"","driverString":"-Dwebdriver.chrome.driver=./chromedriver","profile":"","browserName":"chrome","deviceName":"unknown","platform":"WINDOWS"},"region":"NC"}
 2023-07-31 16:45:44,375 INFO  - unknown(no Web Driver):  [PASSED] Initiate webDriver for client
 2023-07-31 16:45:44,375 INFO  - unknown(no Web Driver):  [PASSED] Initiate webDriver for client
 2023-07-31 16:45:44,393 INFO  - Starting the execution of the test runners in parallel 
 2023-07-31 16:45:44,394 INFO  - Start processing the TestRunner(DEFAULT) id 1 in 0ms
 2023-07-31 16:45:44,394 INFO  - Start processing the TestRunner(DEFAULT) id 0 in 0ms
 2023-07-31 16:45:45,517 ERROR - Step broken:
   message = ***UNHANDLED EXCEPTION*** 
 This is a bug and must be fixed. The exception must be caught and thrown as KiteTestException
   trace = java.lang.NullPointerException
	at org.webrtc.kite.telemed.steps.OpenUrlStep.step(OpenUrlStep.java:47)
	at io.cosmosoftware.kite.steps.TestStep.execute(TestStep.java:81)
	at io.cosmosoftware.kite.steps.TestStep.processTestStep(TestStep.java:329)
	at org.webrtc.kite.tests.TestRunner.call(TestRunner.java:187)
	at java.util.concurrent.FutureTask.run(FutureTask.java:266)
	at java.util.concurrent.ThreadPoolExecutor.runWorker(ThreadPoolExecutor.java:1149)
	at java.util.concurrent.ThreadPoolExecutor$Worker.run(ThreadPoolExecutor.java:624)
	at java.lang.Thread.run(Thread.java:750)

 2023-07-31 16:45:45,525 WARN  - ch115_WIN-7aa9f - 1: [SKIPPING] Get the browser console logs.
 2023-07-31 16:45:45,525 INFO  - ch115_WIN-7aa9f - 1:  [BROKEN] Open https://falgsc.eu.org/
 2023-07-31 16:45:45,526 WARN  - ch115_WIN-7aa9f - 1: [SKIPPING] Open https://falgsc.eu.org//#/pocPJ/166
 2023-07-31 16:45:45,527 WARN  - ch115_WIN-7aa9f - 1: [SKIPPING] Getting stats from ["ng.getComponent($('app-videocall-pj')[0]).mediaConnection.peerConnection"]
 2023-07-31 16:45:45,587 ERROR - Step broken:
   message = ***UNHANDLED EXCEPTION*** 
 This is a bug and must be fixed. The exception must be caught and thrown as KiteTestException
   trace = java.lang.NullPointerException
	at org.webrtc.kite.telemed.steps.OpenUrlStep.step(OpenUrlStep.java:47)
	at io.cosmosoftware.kite.steps.TestStep.execute(TestStep.java:81)
	at io.cosmosoftware.kite.steps.TestStep.processTestStep(TestStep.java:329)
	at org.webrtc.kite.tests.TestRunner.call(TestRunner.java:187)
	at java.util.concurrent.FutureTask.run(FutureTask.java:266)
	at java.util.concurrent.ThreadPoolExecutor.runWorker(ThreadPoolExecutor.java:1149)
	at java.util.concurrent.ThreadPoolExecutor$Worker.run(ThreadPoolExecutor.java:624)
	at java.lang.Thread.run(Thread.java:750)

 2023-07-31 16:45:45,590 WARN  - ch115_WIN-84169 - 0: [SKIPPING] Get the browser console logs.
 2023-07-31 16:45:45,590 INFO  - ch115_WIN-84169 - 0:  [BROKEN] Open https://falgsc.eu.org/
 2023-07-31 16:45:45,592 WARN  - ch115_WIN-84169 - 0: [SKIPPING] Open https://falgsc.eu.org//#/pocPJ/166
 2023-07-31 16:45:45,592 WARN  - ch115_WIN-84169 - 0: [SKIPPING] Getting stats from ["ng.getComponent($('app-videocall-pj')[0]).mediaConnection.peerConnection"]
 2023-07-31 16:45:45,593 INFO  - execute(DEFAULT) completed.
 2023-07-31 16:45:45,594 INFO  - Terminating, quiting webdriver
 2023-07-31 16:45:45,594 INFO  - Closing down webDrivers
 2023-07-31 16:45:46,292 INFO  - Test FAILED
 2023-07-31 16:45:46,292 INFO  - Matrix runner at last phase, ending. 
 2023-07-31 16:45:46,299 WARN  - Adding [0, 0] to retry list..
 2023-07-31 16:45:46,302 INFO  - Reading 'C:\Users\giann\Documents\Progetti\KITE\KITE-Telemed-Test\.\configs\telemed.config.json' ...
 2023-07-31 16:45:46,305 WARN  - Done! Some test cases might need to be rerun!
 2023-07-31 16:45:46,305 INFO  - Reading 'C:\Users\giann\Documents\Progetti\KITE\KITE-Telemed-Test\.\configs\telemed.config.json' ...
 2023-07-31 16:45:46,307 INFO  - shutdownExecutors() done.
 2023-07-31 16:53:30,315 INFO  - Reading 'C:\Users\giann\Documents\Progetti\KITE\KITE-Telemed-Test\.\configs\telemed.config.json' ...
 2023-07-31 16:53:30,520 INFO  - new RoomManager(2 max per room) for https://falgsc.eu.org/
 2023-07-31 16:53:30,520 INFO  - Please make sure that you have enough room for all users.
 2023-07-31 16:53:30,521 INFO  - getRoomUrl(random) function, with random value = true/false, will give you the base url with or without a randomized ID.
 2023-07-31 16:53:30,521 INFO  - Finished reading the configuration file
 2023-07-31 16:53:30,521 INFO  - Creating report folder if not exist at :C:\Users\giann\Documents\Progetti\KITE\KITE-Telemed-Test/kite-allure-reports/
 2023-07-31 16:53:30,526 INFO  - Running {"type":"interop","name":"Telemed Test %ts","testImpl":"org.webrtc.kite.telemed.KiteTelemedTest","description":"Telemed test description","tupleSize":2,"noOfThreads":1,"maxRetryCount":0,"delayForClosing":0,"permute":true} ...
 2023-07-31 16:53:30,530 INFO  - Executing {"type":"interop","name":"Telemed Test %ts","testImpl":"org.webrtc.kite.telemed.KiteTelemedTest","description":"Telemed test description","tupleSize":2,"noOfThreads":1,"maxRetryCount":0,"delayForClosing":0,"permute":true} for 1 browser tuples with size :2
 2023-07-31 16:53:30,534 INFO  - current phase in test manager has been set to DEFAULT
 2023-07-31 16:53:30,539 INFO  - 
           |--------------------------------------------------
           | Number of registered tests: 0
           | Elapsed time: 0m0s (avg:0m0s)
           | Running test case with ID: 0/1
           | ETA (for Telemed Test %ts): Estimating..
           |--------------------------------------------------
 2023-07-31 16:53:30,540 INFO  - execute(DEFAULT) for the test case: WIN_ch-WIN_ch (2023-07-31-165330)
 2023-07-31 16:53:30,542 INFO  - Not load test, init report for test
 2023-07-31 16:53:30,543 INFO  - Finished filling out initial report for phase 
 2023-07-31 16:53:30,543 INFO  - payload handling
 2023-07-31 16:53:30,544 INFO  - the payload is {"url":"https://falgsc.eu.org/","usersPerRoom":2,"getStats":{"enabled":true,"statsCollectionTime":2,"statsCollectionInterval":1,"peerConnections":["ng.getComponent($('app-videocall-pj')[0]).mediaConnection.peerConnection"],"selectedStats":["inbound-rtp","outbound-rtp","local-candidate","remote-candidate","candidate-pair","stream","peer-connection","codec","track","transport"]}}
 2023-07-31 16:53:30,546 INFO  - Creating runners
 2023-07-31 16:53:30,548 INFO  - Start creating the TestRunner id 0 in 0ms
 2023-07-31 16:53:30,548 INFO  - Start creating the TestRunner id 1 in 0ms
 2023-07-31 16:53:30,561 INFO  - unknown(no Web Driver): Creating web driver for {"app":false,"kind":"browser","logger":{"name":"org.webrtc.kite.config.client.Client","debugEnabled":true},"count":5,"clientIndex":0,"fullReset":false,"jsonConfig":{"browserName":{},"platform":{}},"capability":{"headless":false,"windowSize":"1920,1200","technologyPreview":false,"useFakeMedia":true,"flags":[],"maxInstances":5,"extraCapabilities":{},"gateway":"none"},"paas":{"specList":[],"networkProfile":{"delay":0,"corrupt":0,"cleanUpCommand":"","bandwidth":0,"packetloss":0,"name":"NONE","id":"","duplicate":0,"command":""},"availableSlots":3,"type":"local","region":"NC","url":"http://localhost:4444/wd/hub"},"name":"1","networkProfile":{"delay":0,"corrupt":0,"cleanUpCommand":"","bandwidth":0,"packetloss":0,"name":"","id":"","duplicate":0,"command":""},"exclude":false,"browserSpecs":{"extension":"","driverString":"-Dwebdriver.chrome.driver=./chromedriver","profile":"","browserName":"chrome","deviceName":"unknown","platform":"WINDOWS"},"region":"NC"}
 2023-07-31 16:53:30,561 INFO  - unknown(no Web Driver): Creating web driver for {"app":false,"kind":"browser","logger":{"name":"org.webrtc.kite.config.client.Client","debugEnabled":true},"count":5,"clientIndex":0,"fullReset":false,"jsonConfig":{"browserName":{},"platform":{}},"capability":{"headless":false,"windowSize":"1920,1200","technologyPreview":false,"useFakeMedia":true,"flags":[],"maxInstances":5,"extraCapabilities":{},"gateway":"none"},"paas":{"specList":[],"networkProfile":{"delay":0,"corrupt":0,"cleanUpCommand":"","bandwidth":0,"packetloss":0,"name":"NONE","id":"","duplicate":0,"command":""},"availableSlots":3,"type":"local","region":"NC","url":"http://localhost:4444/wd/hub"},"name":"0","networkProfile":{"delay":0,"corrupt":0,"cleanUpCommand":"","bandwidth":0,"packetloss":0,"name":"","id":"","duplicate":0,"command":""},"exclude":false,"browserSpecs":{"extension":"","driverString":"-Dwebdriver.chrome.driver=./chromedriver","profile":"","browserName":"chrome","deviceName":"unknown","platform":"WINDOWS"},"region":"NC"}
 2023-07-31 16:53:32,801 INFO  - unknown(no Web Driver):  [PASSED] Initiate webDriver for client
 2023-07-31 16:53:32,801 INFO  - unknown(no Web Driver):  [PASSED] Initiate webDriver for client
 2023-07-31 16:53:32,818 INFO  - Starting the execution of the test runners in parallel 
 2023-07-31 16:53:32,819 INFO  - Start processing the TestRunner(DEFAULT) id 0 in 0ms
 2023-07-31 16:53:32,819 INFO  - Start processing the TestRunner(DEFAULT) id 1 in 0ms
 2023-07-31 16:53:33,919 ERROR - Step broken:
   message = ***UNHANDLED EXCEPTION*** 
 This is a bug and must be fixed. The exception must be caught and thrown as KiteTestException
   trace = java.lang.NullPointerException
	at java.util.Properties$LineReader.readLine(Properties.java:434)
	at java.util.Properties.load0(Properties.java:353)
	at java.util.Properties.load(Properties.java:341)
	at org.webrtc.kite.telemed.steps.OpenUrlStep.step(OpenUrlStep.java:47)
	at io.cosmosoftware.kite.steps.TestStep.execute(TestStep.java:81)
	at io.cosmosoftware.kite.steps.TestStep.processTestStep(TestStep.java:329)
	at org.webrtc.kite.tests.TestRunner.call(TestRunner.java:187)
	at java.util.concurrent.FutureTask.run(FutureTask.java:266)
	at java.util.concurrent.ThreadPoolExecutor.runWorker(ThreadPoolExecutor.java:1149)
	at java.util.concurrent.ThreadPoolExecutor$Worker.run(ThreadPoolExecutor.java:624)
	at java.lang.Thread.run(Thread.java:750)

 2023-07-31 16:53:33,925 WARN  - ch115_WIN-e3d25 - 0: [SKIPPING] Get the browser console logs.
 2023-07-31 16:53:33,926 INFO  - ch115_WIN-e3d25 - 0:  [BROKEN] Open https://falgsc.eu.org/
 2023-07-31 16:53:33,926 WARN  - ch115_WIN-e3d25 - 0: [SKIPPING] Open https://falgsc.eu.org//#/pocPJ/166
 2023-07-31 16:53:33,927 WARN  - ch115_WIN-e3d25 - 0: [SKIPPING] Getting stats from ["ng.getComponent($('app-videocall-pj')[0]).mediaConnection.peerConnection"]
 2023-07-31 16:53:34,021 ERROR - Step broken:
   message = ***UNHANDLED EXCEPTION*** 
 This is a bug and must be fixed. The exception must be caught and thrown as KiteTestException
   trace = java.lang.NullPointerException
	at java.util.Properties$LineReader.readLine(Properties.java:434)
	at java.util.Properties.load0(Properties.java:353)
	at java.util.Properties.load(Properties.java:341)
	at org.webrtc.kite.telemed.steps.OpenUrlStep.step(OpenUrlStep.java:47)
	at io.cosmosoftware.kite.steps.TestStep.execute(TestStep.java:81)
	at io.cosmosoftware.kite.steps.TestStep.processTestStep(TestStep.java:329)
	at org.webrtc.kite.tests.TestRunner.call(TestRunner.java:187)
	at java.util.concurrent.FutureTask.run(FutureTask.java:266)
	at java.util.concurrent.ThreadPoolExecutor.runWorker(ThreadPoolExecutor.java:1149)
	at java.util.concurrent.ThreadPoolExecutor$Worker.run(ThreadPoolExecutor.java:624)
	at java.lang.Thread.run(Thread.java:750)

 2023-07-31 16:53:34,025 WARN  - ch115_WIN-4d93d - 1: [SKIPPING] Get the browser console logs.
 2023-07-31 16:53:34,026 INFO  - ch115_WIN-4d93d - 1:  [BROKEN] Open https://falgsc.eu.org/
 2023-07-31 16:53:34,026 WARN  - ch115_WIN-4d93d - 1: [SKIPPING] Open https://falgsc.eu.org//#/pocPJ/166
 2023-07-31 16:53:34,027 WARN  - ch115_WIN-4d93d - 1: [SKIPPING] Getting stats from ["ng.getComponent($('app-videocall-pj')[0]).mediaConnection.peerConnection"]
 2023-07-31 16:53:34,027 INFO  - execute(DEFAULT) completed.
 2023-07-31 16:53:34,027 INFO  - Terminating, quiting webdriver
 2023-07-31 16:53:34,028 INFO  - Closing down webDrivers
 2023-07-31 16:53:34,716 INFO  - Test FAILED
 2023-07-31 16:53:34,717 INFO  - Matrix runner at last phase, ending. 
 2023-07-31 16:53:34,725 WARN  - Adding [0, 0] to retry list..
 2023-07-31 16:53:34,730 INFO  - Reading 'C:\Users\giann\Documents\Progetti\KITE\KITE-Telemed-Test\.\configs\telemed.config.json' ...
 2023-07-31 16:53:34,732 WARN  - Done! Some test cases might need to be rerun!
 2023-07-31 16:53:34,733 INFO  - Reading 'C:\Users\giann\Documents\Progetti\KITE\KITE-Telemed-Test\.\configs\telemed.config.json' ...
 2023-07-31 16:53:34,736 INFO  - shutdownExecutors() done.
 2023-07-31 16:56:36,903 INFO  - Reading 'C:\Users\giann\Documents\Progetti\KITE\KITE-Telemed-Test\.\configs\telemed.config.json' ...
 2023-07-31 16:56:37,114 INFO  - new RoomManager(2 max per room) for https://falgsc.eu.org/
 2023-07-31 16:56:37,115 INFO  - Please make sure that you have enough room for all users.
 2023-07-31 16:56:37,115 INFO  - getRoomUrl(random) function, with random value = true/false, will give you the base url with or without a randomized ID.
 2023-07-31 16:56:37,115 INFO  - Finished reading the configuration file
 2023-07-31 16:56:37,115 INFO  - Creating report folder if not exist at :C:\Users\giann\Documents\Progetti\KITE\KITE-Telemed-Test/kite-allure-reports/
 2023-07-31 16:56:37,118 INFO  - Running {"type":"interop","name":"Telemed Test %ts","testImpl":"org.webrtc.kite.telemed.KiteTelemedTest","description":"Telemed test description","tupleSize":2,"noOfThreads":1,"maxRetryCount":0,"delayForClosing":0,"permute":true} ...
 2023-07-31 16:56:37,122 INFO  - Executing {"type":"interop","name":"Telemed Test %ts","testImpl":"org.webrtc.kite.telemed.KiteTelemedTest","description":"Telemed test description","tupleSize":2,"noOfThreads":1,"maxRetryCount":0,"delayForClosing":0,"permute":true} for 1 browser tuples with size :2
 2023-07-31 16:56:37,125 INFO  - current phase in test manager has been set to DEFAULT
 2023-07-31 16:56:37,131 INFO  - 
           |--------------------------------------------------
           | Number of registered tests: 0
           | Elapsed time: 0m0s (avg:0m0s)
           | Running test case with ID: 0/1
           | ETA (for Telemed Test %ts): Estimating..
           |--------------------------------------------------
 2023-07-31 16:56:37,131 INFO  - execute(DEFAULT) for the test case: WIN_ch-WIN_ch (2023-07-31-165637)
 2023-07-31 16:56:37,134 INFO  - Not load test, init report for test
 2023-07-31 16:56:37,135 INFO  - Finished filling out initial report for phase 
 2023-07-31 16:56:37,136 INFO  - payload handling
 2023-07-31 16:56:37,136 INFO  - the payload is {"url":"https://falgsc.eu.org/","usersPerRoom":2,"getStats":{"enabled":true,"statsCollectionTime":2,"statsCollectionInterval":1,"peerConnections":["ng.getComponent($('app-videocall-pj')[0]).mediaConnection.peerConnection"],"selectedStats":["inbound-rtp","outbound-rtp","local-candidate","remote-candidate","candidate-pair","stream","peer-connection","codec","track","transport"]}}
 2023-07-31 16:56:37,138 INFO  - Creating runners
 2023-07-31 16:56:37,140 INFO  - Start creating the TestRunner id 1 in 0ms
 2023-07-31 16:56:37,140 INFO  - Start creating the TestRunner id 0 in 0ms
 2023-07-31 16:56:37,151 INFO  - unknown(no Web Driver): Creating web driver for {"app":false,"kind":"browser","logger":{"name":"org.webrtc.kite.config.client.Client","debugEnabled":true},"count":5,"clientIndex":0,"fullReset":false,"jsonConfig":{"browserName":{},"platform":{}},"capability":{"headless":false,"windowSize":"1920,1200","technologyPreview":false,"useFakeMedia":true,"flags":[],"maxInstances":5,"extraCapabilities":{},"gateway":"none"},"paas":{"specList":[],"networkProfile":{"delay":0,"corrupt":0,"cleanUpCommand":"","bandwidth":0,"packetloss":0,"name":"NONE","duplicate":0,"id":"","command":""},"availableSlots":3,"type":"local","region":"NC","url":"http://localhost:4444/wd/hub"},"name":"1","networkProfile":{"delay":0,"corrupt":0,"cleanUpCommand":"","bandwidth":0,"packetloss":0,"name":"","duplicate":0,"id":"","command":""},"exclude":false,"browserSpecs":{"extension":"","profile":"","driverString":"-Dwebdriver.chrome.driver=./chromedriver","browserName":"chrome","deviceName":"unknown","platform":"WINDOWS"},"region":"NC"}
 2023-07-31 16:56:37,151 INFO  - unknown(no Web Driver): Creating web driver for {"app":false,"kind":"browser","logger":{"name":"org.webrtc.kite.config.client.Client","debugEnabled":true},"count":5,"clientIndex":0,"fullReset":false,"jsonConfig":{"browserName":{},"platform":{}},"capability":{"headless":false,"windowSize":"1920,1200","technologyPreview":false,"useFakeMedia":true,"flags":[],"maxInstances":5,"extraCapabilities":{},"gateway":"none"},"paas":{"specList":[],"networkProfile":{"delay":0,"corrupt":0,"cleanUpCommand":"","bandwidth":0,"packetloss":0,"name":"NONE","duplicate":0,"id":"","command":""},"availableSlots":3,"type":"local","region":"NC","url":"http://localhost:4444/wd/hub"},"name":"0","networkProfile":{"delay":0,"corrupt":0,"cleanUpCommand":"","bandwidth":0,"packetloss":0,"name":"","duplicate":0,"id":"","command":""},"exclude":false,"browserSpecs":{"extension":"","profile":"","driverString":"-Dwebdriver.chrome.driver=./chromedriver","browserName":"chrome","deviceName":"unknown","platform":"WINDOWS"},"region":"NC"}
 2023-07-31 16:56:39,328 INFO  - unknown(no Web Driver):  [PASSED] Initiate webDriver for client
 2023-07-31 16:56:39,328 INFO  - unknown(no Web Driver):  [PASSED] Initiate webDriver for client
 2023-07-31 16:56:39,343 INFO  - Starting the execution of the test runners in parallel 
 2023-07-31 16:56:39,344 INFO  - Start processing the TestRunner(DEFAULT) id 0 in 0ms
 2023-07-31 16:56:39,344 INFO  - Start processing the TestRunner(DEFAULT) id 1 in 0ms
 2023-07-31 16:56:40,373 ERROR - Step broken:
   message = ***UNHANDLED EXCEPTION*** 
 This is a bug and must be fixed. The exception must be caught and thrown as KiteTestException
   trace = java.lang.NullPointerException
	at java.util.Properties$LineReader.readLine(Properties.java:434)
	at java.util.Properties.load0(Properties.java:353)
	at java.util.Properties.load(Properties.java:341)
	at org.webrtc.kite.telemed.steps.OpenUrlStep.step(OpenUrlStep.java:47)
	at io.cosmosoftware.kite.steps.TestStep.execute(TestStep.java:81)
	at io.cosmosoftware.kite.steps.TestStep.processTestStep(TestStep.java:329)
	at org.webrtc.kite.tests.TestRunner.call(TestRunner.java:187)
	at java.util.concurrent.FutureTask.run(FutureTask.java:266)
	at java.util.concurrent.ThreadPoolExecutor.runWorker(ThreadPoolExecutor.java:1149)
	at java.util.concurrent.ThreadPoolExecutor$Worker.run(ThreadPoolExecutor.java:624)
	at java.lang.Thread.run(Thread.java:750)

 2023-07-31 16:56:40,377 WARN  - ch115_WIN-41608 - 0: [SKIPPING] Get the browser console logs.
 2023-07-31 16:56:40,377 INFO  - ch115_WIN-41608 - 0:  [BROKEN] Open https://falgsc.eu.org/
 2023-07-31 16:56:40,378 WARN  - ch115_WIN-41608 - 0: [SKIPPING] Open https://falgsc.eu.org//#/pocPJ/166
 2023-07-31 16:56:40,378 WARN  - ch115_WIN-41608 - 0: [SKIPPING] Getting stats from ["ng.getComponent($('app-videocall-pj')[0]).mediaConnection.peerConnection"]
 2023-07-31 16:56:41,504 ERROR - Step broken:
   message = ***UNHANDLED EXCEPTION*** 
 This is a bug and must be fixed. The exception must be caught and thrown as KiteTestException
   trace = java.lang.NullPointerException
	at java.util.Properties$LineReader.readLine(Properties.java:434)
	at java.util.Properties.load0(Properties.java:353)
	at java.util.Properties.load(Properties.java:341)
	at org.webrtc.kite.telemed.steps.OpenUrlStep.step(OpenUrlStep.java:47)
	at io.cosmosoftware.kite.steps.TestStep.execute(TestStep.java:81)
	at io.cosmosoftware.kite.steps.TestStep.processTestStep(TestStep.java:329)
	at org.webrtc.kite.tests.TestRunner.call(TestRunner.java:187)
	at java.util.concurrent.FutureTask.run(FutureTask.java:266)
	at java.util.concurrent.ThreadPoolExecutor.runWorker(ThreadPoolExecutor.java:1149)
	at java.util.concurrent.ThreadPoolExecutor$Worker.run(ThreadPoolExecutor.java:624)
	at java.lang.Thread.run(Thread.java:750)

 2023-07-31 16:56:41,506 WARN  - ch115_WIN-9a3a7 - 1: [SKIPPING] Get the browser console logs.
 2023-07-31 16:56:41,506 INFO  - ch115_WIN-9a3a7 - 1:  [BROKEN] Open https://falgsc.eu.org/
 2023-07-31 16:56:41,507 WARN  - ch115_WIN-9a3a7 - 1: [SKIPPING] Open https://falgsc.eu.org//#/pocPJ/166
 2023-07-31 16:56:41,507 WARN  - ch115_WIN-9a3a7 - 1: [SKIPPING] Getting stats from ["ng.getComponent($('app-videocall-pj')[0]).mediaConnection.peerConnection"]
 2023-07-31 16:56:41,507 INFO  - execute(DEFAULT) completed.
 2023-07-31 16:56:41,508 INFO  - Terminating, quiting webdriver
 2023-07-31 16:56:41,508 INFO  - Closing down webDrivers
 2023-07-31 16:56:42,227 INFO  - Test FAILED
 2023-07-31 16:56:42,228 INFO  - Matrix runner at last phase, ending. 
 2023-07-31 16:56:42,237 WARN  - Adding [0, 0] to retry list..
 2023-07-31 16:56:42,242 INFO  - Reading 'C:\Users\giann\Documents\Progetti\KITE\KITE-Telemed-Test\.\configs\telemed.config.json' ...
 2023-07-31 16:56:42,244 WARN  - Done! Some test cases might need to be rerun!
 2023-07-31 16:56:42,244 INFO  - Reading 'C:\Users\giann\Documents\Progetti\KITE\KITE-Telemed-Test\.\configs\telemed.config.json' ...
 2023-07-31 16:56:42,246 INFO  - shutdownExecutors() done.
 2023-07-31 16:57:10,769 INFO  - Reading 'C:\Users\giann\Documents\Progetti\KITE\KITE-Telemed-Test\.\configs\telemed.config.json' ...
 2023-07-31 16:57:10,960 INFO  - new RoomManager(2 max per room) for https://falgsc.eu.org/
 2023-07-31 16:57:10,960 INFO  - Please make sure that you have enough room for all users.
 2023-07-31 16:57:10,960 INFO  - getRoomUrl(random) function, with random value = true/false, will give you the base url with or without a randomized ID.
 2023-07-31 16:57:10,961 INFO  - Finished reading the configuration file
 2023-07-31 16:57:10,961 INFO  - Creating report folder if not exist at :C:\Users\giann\Documents\Progetti\KITE\KITE-Telemed-Test/kite-allure-reports/
 2023-07-31 16:57:10,965 INFO  - Running {"type":"interop","name":"Telemed Test %ts","testImpl":"org.webrtc.kite.telemed.KiteTelemedTest","description":"Telemed test description","tupleSize":2,"noOfThreads":1,"maxRetryCount":0,"delayForClosing":0,"permute":true} ...
 2023-07-31 16:57:10,969 INFO  - Executing {"type":"interop","name":"Telemed Test %ts","testImpl":"org.webrtc.kite.telemed.KiteTelemedTest","description":"Telemed test description","tupleSize":2,"noOfThreads":1,"maxRetryCount":0,"delayForClosing":0,"permute":true} for 1 browser tuples with size :2
 2023-07-31 16:57:10,971 INFO  - current phase in test manager has been set to DEFAULT
 2023-07-31 16:57:10,975 INFO  - 
           |--------------------------------------------------
           | Number of registered tests: 0
           | Elapsed time: 0m0s (avg:0m0s)
           | Running test case with ID: 0/1
           | ETA (for Telemed Test %ts): Estimating..
           |--------------------------------------------------
 2023-07-31 16:57:10,976 INFO  - execute(DEFAULT) for the test case: WIN_ch-WIN_ch (2023-07-31-165710)
 2023-07-31 16:57:10,977 INFO  - Not load test, init report for test
 2023-07-31 16:57:10,979 INFO  - Finished filling out initial report for phase 
 2023-07-31 16:57:10,979 INFO  - payload handling
 2023-07-31 16:57:10,980 INFO  - the payload is {"url":"https://falgsc.eu.org/","usersPerRoom":2,"getStats":{"enabled":true,"statsCollectionTime":2,"statsCollectionInterval":1,"peerConnections":["ng.getComponent($('app-videocall-pj')[0]).mediaConnection.peerConnection"],"selectedStats":["inbound-rtp","outbound-rtp","local-candidate","remote-candidate","candidate-pair","stream","peer-connection","codec","track","transport"]}}
 2023-07-31 16:57:10,982 INFO  - Creating runners
 2023-07-31 16:57:10,983 INFO  - Start creating the TestRunner id 1 in 0ms
 2023-07-31 16:57:10,983 INFO  - Start creating the TestRunner id 0 in 0ms
 2023-07-31 16:57:10,992 INFO  - unknown(no Web Driver): Creating web driver for {"app":false,"kind":"browser","logger":{"name":"org.webrtc.kite.config.client.Client","debugEnabled":true},"count":5,"clientIndex":0,"fullReset":false,"jsonConfig":{"browserName":{},"platform":{}},"capability":{"headless":false,"windowSize":"1920,1200","technologyPreview":false,"useFakeMedia":true,"flags":[],"extraCapabilities":{},"maxInstances":5,"gateway":"none"},"paas":{"specList":[],"networkProfile":{"delay":0,"corrupt":0,"cleanUpCommand":"","bandwidth":0,"packetloss":0,"name":"NONE","id":"","duplicate":0,"command":""},"availableSlots":3,"type":"local","region":"NC","url":"http://localhost:4444/wd/hub"},"name":"0","networkProfile":{"delay":0,"corrupt":0,"cleanUpCommand":"","bandwidth":0,"packetloss":0,"name":"","id":"","duplicate":0,"command":""},"exclude":false,"browserSpecs":{"extension":"","driverString":"-Dwebdriver.chrome.driver=./chromedriver","profile":"","browserName":"chrome","deviceName":"unknown","platform":"WINDOWS"},"region":"NC"}
 2023-07-31 16:57:10,992 INFO  - unknown(no Web Driver): Creating web driver for {"app":false,"kind":"browser","logger":{"name":"org.webrtc.kite.config.client.Client","debugEnabled":true},"count":5,"clientIndex":0,"fullReset":false,"jsonConfig":{"browserName":{},"platform":{}},"capability":{"headless":false,"windowSize":"1920,1200","technologyPreview":false,"useFakeMedia":true,"flags":[],"extraCapabilities":{},"maxInstances":5,"gateway":"none"},"paas":{"specList":[],"networkProfile":{"delay":0,"corrupt":0,"cleanUpCommand":"","bandwidth":0,"packetloss":0,"name":"NONE","id":"","duplicate":0,"command":""},"availableSlots":3,"type":"local","region":"NC","url":"http://localhost:4444/wd/hub"},"name":"1","networkProfile":{"delay":0,"corrupt":0,"cleanUpCommand":"","bandwidth":0,"packetloss":0,"name":"","id":"","duplicate":0,"command":""},"exclude":false,"browserSpecs":{"extension":"","driverString":"-Dwebdriver.chrome.driver=./chromedriver","profile":"","browserName":"chrome","deviceName":"unknown","platform":"WINDOWS"},"region":"NC"}
 2023-07-31 16:57:12,803 INFO  - unknown(no Web Driver):  [PASSED] Initiate webDriver for client
 2023-07-31 16:57:12,803 INFO  - unknown(no Web Driver):  [PASSED] Initiate webDriver for client
 2023-07-31 16:57:12,815 INFO  - Starting the execution of the test runners in parallel 
 2023-07-31 16:57:12,816 INFO  - Start processing the TestRunner(DEFAULT) id 1 in 0ms
 2023-07-31 16:57:12,816 INFO  - Start processing the TestRunner(DEFAULT) id 0 in 0ms
 2023-07-31 16:57:13,887 ERROR - Step broken:
   message = ***UNHANDLED EXCEPTION*** 
 This is a bug and must be fixed. The exception must be caught and thrown as KiteTestException
   trace = java.lang.NullPointerException
	at java.util.Properties$LineReader.readLine(Properties.java:434)
	at java.util.Properties.load0(Properties.java:353)
	at java.util.Properties.load(Properties.java:341)
	at org.webrtc.kite.telemed.steps.OpenUrlStep.step(OpenUrlStep.java:47)
	at io.cosmosoftware.kite.steps.TestStep.execute(TestStep.java:81)
	at io.cosmosoftware.kite.steps.TestStep.processTestStep(TestStep.java:329)
	at org.webrtc.kite.tests.TestRunner.call(TestRunner.java:187)
	at java.util.concurrent.FutureTask.run(FutureTask.java:266)
	at java.util.concurrent.ThreadPoolExecutor.runWorker(ThreadPoolExecutor.java:1149)
	at java.util.concurrent.ThreadPoolExecutor$Worker.run(ThreadPoolExecutor.java:624)
	at java.lang.Thread.run(Thread.java:750)

 2023-07-31 16:57:13,893 WARN  - ch115_WIN-2c1a0 - 1: [SKIPPING] Get the browser console logs.
 2023-07-31 16:57:13,893 INFO  - ch115_WIN-2c1a0 - 1:  [BROKEN] Open https://falgsc.eu.org/
 2023-07-31 16:57:13,893 WARN  - ch115_WIN-2c1a0 - 1: [SKIPPING] Open https://falgsc.eu.org//#/pocPJ/166
 2023-07-31 16:57:13,893 WARN  - ch115_WIN-2c1a0 - 1: [SKIPPING] Getting stats from ["ng.getComponent($('app-videocall-pj')[0]).mediaConnection.peerConnection"]
 2023-07-31 16:57:13,906 ERROR - Step broken:
   message = ***UNHANDLED EXCEPTION*** 
 This is a bug and must be fixed. The exception must be caught and thrown as KiteTestException
   trace = java.lang.NullPointerException
	at java.util.Properties$LineReader.readLine(Properties.java:434)
	at java.util.Properties.load0(Properties.java:353)
	at java.util.Properties.load(Properties.java:341)
	at org.webrtc.kite.telemed.steps.OpenUrlStep.step(OpenUrlStep.java:47)
	at io.cosmosoftware.kite.steps.TestStep.execute(TestStep.java:81)
	at io.cosmosoftware.kite.steps.TestStep.processTestStep(TestStep.java:329)
	at org.webrtc.kite.tests.TestRunner.call(TestRunner.java:187)
	at java.util.concurrent.FutureTask.run(FutureTask.java:266)
	at java.util.concurrent.ThreadPoolExecutor.runWorker(ThreadPoolExecutor.java:1149)
	at java.util.concurrent.ThreadPoolExecutor$Worker.run(ThreadPoolExecutor.java:624)
	at java.lang.Thread.run(Thread.java:750)

 2023-07-31 16:57:13,909 WARN  - ch115_WIN-25ed5 - 0: [SKIPPING] Get the browser console logs.
 2023-07-31 16:57:13,909 INFO  - ch115_WIN-25ed5 - 0:  [BROKEN] Open https://falgsc.eu.org/
 2023-07-31 16:57:13,910 WARN  - ch115_WIN-25ed5 - 0: [SKIPPING] Open https://falgsc.eu.org//#/pocPJ/166
 2023-07-31 16:57:13,910 WARN  - ch115_WIN-25ed5 - 0: [SKIPPING] Getting stats from ["ng.getComponent($('app-videocall-pj')[0]).mediaConnection.peerConnection"]
 2023-07-31 16:57:13,910 INFO  - execute(DEFAULT) completed.
 2023-07-31 16:57:13,911 INFO  - Terminating, quiting webdriver
 2023-07-31 16:57:13,911 INFO  - Closing down webDrivers
 2023-07-31 16:57:14,593 INFO  - Test FAILED
 2023-07-31 16:57:14,594 INFO  - Matrix runner at last phase, ending. 
 2023-07-31 16:57:14,601 WARN  - Adding [0, 0] to retry list..
 2023-07-31 16:57:14,604 INFO  - Reading 'C:\Users\giann\Documents\Progetti\KITE\KITE-Telemed-Test\.\configs\telemed.config.json' ...
 2023-07-31 16:57:14,607 WARN  - Done! Some test cases might need to be rerun!
 2023-07-31 16:57:14,608 INFO  - Reading 'C:\Users\giann\Documents\Progetti\KITE\KITE-Telemed-Test\.\configs\telemed.config.json' ...
 2023-07-31 16:57:14,612 INFO  - shutdownExecutors() done.
 2023-07-31 16:58:19,632 INFO  - Reading 'C:\Users\giann\Documents\Progetti\KITE\KITE-Telemed-Test\.\configs\telemed.config.json' ...
 2023-07-31 16:58:19,822 INFO  - new RoomManager(2 max per room) for https://falgsc.eu.org/
 2023-07-31 16:58:19,822 INFO  - Please make sure that you have enough room for all users.
 2023-07-31 16:58:19,822 INFO  - getRoomUrl(random) function, with random value = true/false, will give you the base url with or without a randomized ID.
 2023-07-31 16:58:19,822 INFO  - Finished reading the configuration file
 2023-07-31 16:58:19,823 INFO  - Creating report folder if not exist at :C:\Users\giann\Documents\Progetti\KITE\KITE-Telemed-Test/kite-allure-reports/
 2023-07-31 16:58:19,825 INFO  - Running {"type":"interop","name":"Telemed Test %ts","testImpl":"org.webrtc.kite.telemed.KiteTelemedTest","description":"Telemed test description","tupleSize":2,"noOfThreads":1,"maxRetryCount":0,"delayForClosing":0,"permute":true} ...
 2023-07-31 16:58:19,829 INFO  - Executing {"type":"interop","name":"Telemed Test %ts","testImpl":"org.webrtc.kite.telemed.KiteTelemedTest","description":"Telemed test description","tupleSize":2,"noOfThreads":1,"maxRetryCount":0,"delayForClosing":0,"permute":true} for 1 browser tuples with size :2
 2023-07-31 16:58:19,832 INFO  - current phase in test manager has been set to DEFAULT
 2023-07-31 16:58:19,835 INFO  - 
           |--------------------------------------------------
           | Number of registered tests: 0
           | Elapsed time: 0m0s (avg:0m0s)
           | Running test case with ID: 0/1
           | ETA (for Telemed Test %ts): Estimating..
           |--------------------------------------------------
 2023-07-31 16:58:19,836 INFO  - execute(DEFAULT) for the test case: WIN_ch-WIN_ch (2023-07-31-165819)
 2023-07-31 16:58:19,837 INFO  - Not load test, init report for test
 2023-07-31 16:58:19,838 INFO  - Finished filling out initial report for phase 
 2023-07-31 16:58:19,839 INFO  - payload handling
 2023-07-31 16:58:19,839 INFO  - the payload is {"url":"https://falgsc.eu.org/","usersPerRoom":2,"getStats":{"enabled":true,"statsCollectionTime":2,"statsCollectionInterval":1,"peerConnections":["ng.getComponent($('app-videocall-pj')[0]).mediaConnection.peerConnection"],"selectedStats":["inbound-rtp","outbound-rtp","local-candidate","remote-candidate","candidate-pair","stream","peer-connection","codec","track","transport"]}}
 2023-07-31 16:58:19,840 INFO  - Creating runners
 2023-07-31 16:58:19,842 INFO  - Start creating the TestRunner id 1 in 0ms
 2023-07-31 16:58:19,842 INFO  - Start creating the TestRunner id 0 in 0ms
 2023-07-31 16:58:19,852 INFO  - unknown(no Web Driver): Creating web driver for {"app":false,"kind":"browser","logger":{"name":"org.webrtc.kite.config.client.Client","debugEnabled":true},"count":5,"clientIndex":0,"fullReset":false,"jsonConfig":{"browserName":{},"platform":{}},"capability":{"headless":false,"windowSize":"1920,1200","technologyPreview":false,"useFakeMedia":true,"flags":[],"maxInstances":5,"extraCapabilities":{},"gateway":"none"},"paas":{"specList":[],"networkProfile":{"delay":0,"corrupt":0,"cleanUpCommand":"","bandwidth":0,"packetloss":0,"name":"NONE","id":"","duplicate":0,"command":""},"availableSlots":3,"type":"local","region":"NC","url":"http://localhost:4444/wd/hub"},"name":"1","networkProfile":{"delay":0,"corrupt":0,"cleanUpCommand":"","bandwidth":0,"packetloss":0,"name":"","id":"","duplicate":0,"command":""},"exclude":false,"browserSpecs":{"extension":"","profile":"","driverString":"-Dwebdriver.chrome.driver=./chromedriver","browserName":"chrome","deviceName":"unknown","platform":"WINDOWS"},"region":"NC"}
 2023-07-31 16:58:19,852 INFO  - unknown(no Web Driver): Creating web driver for {"app":false,"kind":"browser","logger":{"name":"org.webrtc.kite.config.client.Client","debugEnabled":true},"count":5,"clientIndex":0,"fullReset":false,"jsonConfig":{"browserName":{},"platform":{}},"capability":{"headless":false,"windowSize":"1920,1200","technologyPreview":false,"useFakeMedia":true,"flags":[],"maxInstances":5,"extraCapabilities":{},"gateway":"none"},"paas":{"specList":[],"networkProfile":{"delay":0,"corrupt":0,"cleanUpCommand":"","bandwidth":0,"packetloss":0,"name":"NONE","id":"","duplicate":0,"command":""},"availableSlots":3,"type":"local","region":"NC","url":"http://localhost:4444/wd/hub"},"name":"0","networkProfile":{"delay":0,"corrupt":0,"cleanUpCommand":"","bandwidth":0,"packetloss":0,"name":"","id":"","duplicate":0,"command":""},"exclude":false,"browserSpecs":{"extension":"","profile":"","driverString":"-Dwebdriver.chrome.driver=./chromedriver","browserName":"chrome","deviceName":"unknown","platform":"WINDOWS"},"region":"NC"}
 2023-07-31 16:58:21,609 INFO  - unknown(no Web Driver):  [PASSED] Initiate webDriver for client
 2023-07-31 16:58:21,609 INFO  - unknown(no Web Driver):  [PASSED] Initiate webDriver for client
 2023-07-31 16:58:21,623 INFO  - Starting the execution of the test runners in parallel 
 2023-07-31 16:58:21,624 INFO  - Start processing the TestRunner(DEFAULT) id 0 in 0ms
 2023-07-31 16:58:21,624 INFO  - Start processing the TestRunner(DEFAULT) id 1 in 0ms
 2023-07-31 16:58:22,641 ERROR - Step broken:
   message = ***UNHANDLED EXCEPTION*** 
 This is a bug and must be fixed. The exception must be caught and thrown as KiteTestException
   trace = java.lang.RuntimeException: java.io.FileNotFoundException: .\credentials.properties (Impossibile trovare il file specificato)
	at org.webrtc.kite.telemed.steps.OpenUrlStep.step(OpenUrlStep.java:64)
	at io.cosmosoftware.kite.steps.TestStep.execute(TestStep.java:81)
	at io.cosmosoftware.kite.steps.TestStep.processTestStep(TestStep.java:329)
	at org.webrtc.kite.tests.TestRunner.call(TestRunner.java:187)
	at java.util.concurrent.FutureTask.run(FutureTask.java:266)
	at java.util.concurrent.ThreadPoolExecutor.runWorker(ThreadPoolExecutor.java:1149)
	at java.util.concurrent.ThreadPoolExecutor$Worker.run(ThreadPoolExecutor.java:624)
	at java.lang.Thread.run(Thread.java:750)
Caused by: java.io.FileNotFoundException: .\credentials.properties (Impossibile trovare il file specificato)
	at java.io.FileInputStream.open0(Native Method)
	at java.io.FileInputStream.open(FileInputStream.java:195)
	at java.io.FileInputStream.<init>(FileInputStream.java:138)
	at java.io.FileInputStream.<init>(FileInputStream.java:93)
	at org.webrtc.kite.telemed.steps.OpenUrlStep.step(OpenUrlStep.java:47)
	... 7 more

Caused by: java.io.FileNotFoundException: .\credentials.properties (Impossibile trovare il file specificato)
	at java.io.FileInputStream.open0(Native Method)
	at java.io.FileInputStream.open(FileInputStream.java:195)
	at java.io.FileInputStream.<init>(FileInputStream.java:138)
	at java.io.FileInputStream.<init>(FileInputStream.java:93)
	at org.webrtc.kite.telemed.steps.OpenUrlStep.step(OpenUrlStep.java:47)
	at io.cosmosoftware.kite.steps.TestStep.execute(TestStep.java:81)
	at io.cosmosoftware.kite.steps.TestStep.processTestStep(TestStep.java:329)
	at org.webrtc.kite.tests.TestRunner.call(TestRunner.java:187)
	at java.util.concurrent.FutureTask.run(FutureTask.java:266)
	at java.util.concurrent.ThreadPoolExecutor.runWorker(ThreadPoolExecutor.java:1149)
	at java.util.concurrent.ThreadPoolExecutor$Worker.run(ThreadPoolExecutor.java:624)
	at java.lang.Thread.run(Thread.java:750)

 2023-07-31 16:58:22,645 WARN  - ch115_WIN-d6e9d - 1: [SKIPPING] Get the browser console logs.
 2023-07-31 16:58:22,646 INFO  - ch115_WIN-d6e9d - 1:  [BROKEN] Open https://falgsc.eu.org/
 2023-07-31 16:58:22,646 WARN  - ch115_WIN-d6e9d - 1: [SKIPPING] Open https://falgsc.eu.org//#/pocPJ/166
 2023-07-31 16:58:22,647 WARN  - ch115_WIN-d6e9d - 1: [SKIPPING] Getting stats from ["ng.getComponent($('app-videocall-pj')[0]).mediaConnection.peerConnection"]
 2023-07-31 16:58:22,715 ERROR - Step broken:
   message = ***UNHANDLED EXCEPTION*** 
 This is a bug and must be fixed. The exception must be caught and thrown as KiteTestException
   trace = java.lang.RuntimeException: java.io.FileNotFoundException: .\credentials.properties (Impossibile trovare il file specificato)
	at org.webrtc.kite.telemed.steps.OpenUrlStep.step(OpenUrlStep.java:64)
	at io.cosmosoftware.kite.steps.TestStep.execute(TestStep.java:81)
	at io.cosmosoftware.kite.steps.TestStep.processTestStep(TestStep.java:329)
	at org.webrtc.kite.tests.TestRunner.call(TestRunner.java:187)
	at java.util.concurrent.FutureTask.run(FutureTask.java:266)
	at java.util.concurrent.ThreadPoolExecutor.runWorker(ThreadPoolExecutor.java:1149)
	at java.util.concurrent.ThreadPoolExecutor$Worker.run(ThreadPoolExecutor.java:624)
	at java.lang.Thread.run(Thread.java:750)
Caused by: java.io.FileNotFoundException: .\credentials.properties (Impossibile trovare il file specificato)
	at java.io.FileInputStream.open0(Native Method)
	at java.io.FileInputStream.open(FileInputStream.java:195)
	at java.io.FileInputStream.<init>(FileInputStream.java:138)
	at java.io.FileInputStream.<init>(FileInputStream.java:93)
	at org.webrtc.kite.telemed.steps.OpenUrlStep.step(OpenUrlStep.java:47)
	... 7 more

Caused by: java.io.FileNotFoundException: .\credentials.properties (Impossibile trovare il file specificato)
	at java.io.FileInputStream.open0(Native Method)
	at java.io.FileInputStream.open(FileInputStream.java:195)
	at java.io.FileInputStream.<init>(FileInputStream.java:138)
	at java.io.FileInputStream.<init>(FileInputStream.java:93)
	at org.webrtc.kite.telemed.steps.OpenUrlStep.step(OpenUrlStep.java:47)
	at io.cosmosoftware.kite.steps.TestStep.execute(TestStep.java:81)
	at io.cosmosoftware.kite.steps.TestStep.processTestStep(TestStep.java:329)
	at org.webrtc.kite.tests.TestRunner.call(TestRunner.java:187)
	at java.util.concurrent.FutureTask.run(FutureTask.java:266)
	at java.util.concurrent.ThreadPoolExecutor.runWorker(ThreadPoolExecutor.java:1149)
	at java.util.concurrent.ThreadPoolExecutor$Worker.run(ThreadPoolExecutor.java:624)
	at java.lang.Thread.run(Thread.java:750)

 2023-07-31 16:58:22,718 WARN  - ch115_WIN-ced5e - 0: [SKIPPING] Get the browser console logs.
 2023-07-31 16:58:22,719 INFO  - ch115_WIN-ced5e - 0:  [BROKEN] Open https://falgsc.eu.org/
 2023-07-31 16:58:22,719 WARN  - ch115_WIN-ced5e - 0: [SKIPPING] Open https://falgsc.eu.org//#/pocPJ/166
 2023-07-31 16:58:22,720 WARN  - ch115_WIN-ced5e - 0: [SKIPPING] Getting stats from ["ng.getComponent($('app-videocall-pj')[0]).mediaConnection.peerConnection"]
 2023-07-31 16:58:22,720 INFO  - execute(DEFAULT) completed.
 2023-07-31 16:58:22,721 INFO  - Terminating, quiting webdriver
 2023-07-31 16:58:22,721 INFO  - Closing down webDrivers
 2023-07-31 16:58:23,389 INFO  - Test FAILED
 2023-07-31 16:58:23,389 INFO  - Matrix runner at last phase, ending. 
 2023-07-31 16:58:23,397 WARN  - Adding [0, 0] to retry list..
 2023-07-31 16:58:23,403 INFO  - Reading 'C:\Users\giann\Documents\Progetti\KITE\KITE-Telemed-Test\.\configs\telemed.config.json' ...
 2023-07-31 16:58:23,408 WARN  - Done! Some test cases might need to be rerun!
 2023-07-31 16:58:23,410 INFO  - Reading 'C:\Users\giann\Documents\Progetti\KITE\KITE-Telemed-Test\.\configs\telemed.config.json' ...
 2023-07-31 16:58:23,414 INFO  - shutdownExecutors() done.
 2023-07-31 17:00:08,424 INFO  - Reading 'C:\Users\giann\Documents\Progetti\KITE\KITE-Telemed-Test\.\configs\telemed.config.json' ...
 2023-07-31 17:00:08,616 INFO  - new RoomManager(2 max per room) for https://falgsc.eu.org/
 2023-07-31 17:00:08,617 INFO  - Please make sure that you have enough room for all users.
 2023-07-31 17:00:08,617 INFO  - getRoomUrl(random) function, with random value = true/false, will give you the base url with or without a randomized ID.
 2023-07-31 17:00:08,617 INFO  - Finished reading the configuration file
 2023-07-31 17:00:08,618 INFO  - Creating report folder if not exist at :C:\Users\giann\Documents\Progetti\KITE\KITE-Telemed-Test/kite-allure-reports/
 2023-07-31 17:00:08,622 INFO  - Running {"type":"interop","name":"Telemed Test %ts","testImpl":"org.webrtc.kite.telemed.KiteTelemedTest","description":"Telemed test description","tupleSize":2,"noOfThreads":1,"maxRetryCount":0,"delayForClosing":0,"permute":true} ...
 2023-07-31 17:00:08,625 INFO  - Executing {"type":"interop","name":"Telemed Test %ts","testImpl":"org.webrtc.kite.telemed.KiteTelemedTest","description":"Telemed test description","tupleSize":2,"noOfThreads":1,"maxRetryCount":0,"delayForClosing":0,"permute":true} for 1 browser tuples with size :2
 2023-07-31 17:00:08,628 INFO  - current phase in test manager has been set to DEFAULT
 2023-07-31 17:00:08,633 INFO  - 
           |--------------------------------------------------
           | Number of registered tests: 0
           | Elapsed time: 0m0s (avg:0m0s)
           | Running test case with ID: 0/1
           | ETA (for Telemed Test %ts): Estimating..
           |--------------------------------------------------
 2023-07-31 17:00:08,633 INFO  - execute(DEFAULT) for the test case: WIN_ch-WIN_ch (2023-07-31-170008)
 2023-07-31 17:00:08,635 INFO  - Not load test, init report for test
 2023-07-31 17:00:08,636 INFO  - Finished filling out initial report for phase 
 2023-07-31 17:00:08,636 INFO  - payload handling
 2023-07-31 17:00:08,637 INFO  - the payload is {"url":"https://falgsc.eu.org/","usersPerRoom":2,"getStats":{"enabled":true,"statsCollectionTime":2,"statsCollectionInterval":1,"peerConnections":["ng.getComponent($('app-videocall-pj')[0]).mediaConnection.peerConnection"],"selectedStats":["inbound-rtp","outbound-rtp","local-candidate","remote-candidate","candidate-pair","stream","peer-connection","codec","track","transport"]}}
 2023-07-31 17:00:08,638 INFO  - Creating runners
 2023-07-31 17:00:08,640 INFO  - Start creating the TestRunner id 0 in 0ms
 2023-07-31 17:00:08,640 INFO  - Start creating the TestRunner id 1 in 0ms
 2023-07-31 17:00:08,651 INFO  - unknown(no Web Driver): Creating web driver for {"app":false,"kind":"browser","logger":{"name":"org.webrtc.kite.config.client.Client","debugEnabled":true},"count":5,"clientIndex":0,"fullReset":false,"jsonConfig":{"browserName":{},"platform":{}},"capability":{"headless":false,"windowSize":"1920,1200","technologyPreview":false,"useFakeMedia":true,"flags":[],"maxInstances":5,"extraCapabilities":{},"gateway":"none"},"paas":{"specList":[],"networkProfile":{"delay":0,"corrupt":0,"cleanUpCommand":"","bandwidth":0,"packetloss":0,"name":"NONE","id":"","duplicate":0,"command":""},"availableSlots":3,"type":"local","region":"NC","url":"http://localhost:4444/wd/hub"},"name":"1","networkProfile":{"delay":0,"corrupt":0,"cleanUpCommand":"","bandwidth":0,"packetloss":0,"name":"","id":"","duplicate":0,"command":""},"exclude":false,"browserSpecs":{"extension":"","driverString":"-Dwebdriver.chrome.driver=./chromedriver","profile":"","browserName":"chrome","deviceName":"unknown","platform":"WINDOWS"},"region":"NC"}
 2023-07-31 17:00:08,651 INFO  - unknown(no Web Driver): Creating web driver for {"app":false,"kind":"browser","logger":{"name":"org.webrtc.kite.config.client.Client","debugEnabled":true},"count":5,"clientIndex":0,"fullReset":false,"jsonConfig":{"browserName":{},"platform":{}},"capability":{"headless":false,"windowSize":"1920,1200","technologyPreview":false,"useFakeMedia":true,"flags":[],"maxInstances":5,"extraCapabilities":{},"gateway":"none"},"paas":{"specList":[],"networkProfile":{"delay":0,"corrupt":0,"cleanUpCommand":"","bandwidth":0,"packetloss":0,"name":"NONE","id":"","duplicate":0,"command":""},"availableSlots":3,"type":"local","region":"NC","url":"http://localhost:4444/wd/hub"},"name":"0","networkProfile":{"delay":0,"corrupt":0,"cleanUpCommand":"","bandwidth":0,"packetloss":0,"name":"","id":"","duplicate":0,"command":""},"exclude":false,"browserSpecs":{"extension":"","driverString":"-Dwebdriver.chrome.driver=./chromedriver","profile":"","browserName":"chrome","deviceName":"unknown","platform":"WINDOWS"},"region":"NC"}
 2023-07-31 17:00:10,595 INFO  - unknown(no Web Driver):  [PASSED] Initiate webDriver for client
 2023-07-31 17:00:10,595 INFO  - unknown(no Web Driver):  [PASSED] Initiate webDriver for client
 2023-07-31 17:00:10,608 INFO  - Starting the execution of the test runners in parallel 
 2023-07-31 17:00:10,610 INFO  - Start processing the TestRunner(DEFAULT) id 0 in 0ms
 2023-07-31 17:00:10,610 INFO  - Start processing the TestRunner(DEFAULT) id 1 in 0ms
 2023-07-31 17:00:11,850 ERROR - Step broken:
   message = ***UNHANDLED EXCEPTION*** 
 This is a bug and must be fixed. The exception must be caught and thrown as KiteTestException
   trace = java.lang.NullPointerException
	at java.util.Properties$LineReader.readLine(Properties.java:434)
	at java.util.Properties.load0(Properties.java:353)
	at java.util.Properties.load(Properties.java:341)
	at org.webrtc.kite.telemed.steps.OpenUrlStep.step(OpenUrlStep.java:47)
	at io.cosmosoftware.kite.steps.TestStep.execute(TestStep.java:81)
	at io.cosmosoftware.kite.steps.TestStep.processTestStep(TestStep.java:329)
	at org.webrtc.kite.tests.TestRunner.call(TestRunner.java:187)
	at java.util.concurrent.FutureTask.run(FutureTask.java:266)
	at java.util.concurrent.ThreadPoolExecutor.runWorker(ThreadPoolExecutor.java:1149)
	at java.util.concurrent.ThreadPoolExecutor$Worker.run(ThreadPoolExecutor.java:624)
	at java.lang.Thread.run(Thread.java:750)

 2023-07-31 17:00:11,856 WARN  - ch115_WIN-423aa - 0: [SKIPPING] Get the browser console logs.
 2023-07-31 17:00:11,856 INFO  - ch115_WIN-423aa - 0:  [BROKEN] Open https://falgsc.eu.org/
 2023-07-31 17:00:11,856 WARN  - ch115_WIN-423aa - 0: [SKIPPING] Open https://falgsc.eu.org//#/pocPJ/166
 2023-07-31 17:00:11,857 WARN  - ch115_WIN-423aa - 0: [SKIPPING] Getting stats from ["ng.getComponent($('app-videocall-pj')[0]).mediaConnection.peerConnection"]
 2023-07-31 17:00:11,867 ERROR - Step broken:
   message = ***UNHANDLED EXCEPTION*** 
 This is a bug and must be fixed. The exception must be caught and thrown as KiteTestException
   trace = java.lang.NullPointerException
	at java.util.Properties$LineReader.readLine(Properties.java:434)
	at java.util.Properties.load0(Properties.java:353)
	at java.util.Properties.load(Properties.java:341)
	at org.webrtc.kite.telemed.steps.OpenUrlStep.step(OpenUrlStep.java:47)
	at io.cosmosoftware.kite.steps.TestStep.execute(TestStep.java:81)
	at io.cosmosoftware.kite.steps.TestStep.processTestStep(TestStep.java:329)
	at org.webrtc.kite.tests.TestRunner.call(TestRunner.java:187)
	at java.util.concurrent.FutureTask.run(FutureTask.java:266)
	at java.util.concurrent.ThreadPoolExecutor.runWorker(ThreadPoolExecutor.java:1149)
	at java.util.concurrent.ThreadPoolExecutor$Worker.run(ThreadPoolExecutor.java:624)
	at java.lang.Thread.run(Thread.java:750)

 2023-07-31 17:00:11,868 WARN  - ch115_WIN-61fb1 - 1: [SKIPPING] Get the browser console logs.
 2023-07-31 17:00:11,868 INFO  - ch115_WIN-61fb1 - 1:  [BROKEN] Open https://falgsc.eu.org/
 2023-07-31 17:00:11,870 WARN  - ch115_WIN-61fb1 - 1: [SKIPPING] Open https://falgsc.eu.org//#/pocPJ/166
 2023-07-31 17:00:11,870 WARN  - ch115_WIN-61fb1 - 1: [SKIPPING] Getting stats from ["ng.getComponent($('app-videocall-pj')[0]).mediaConnection.peerConnection"]
 2023-07-31 17:00:11,870 INFO  - execute(DEFAULT) completed.
 2023-07-31 17:00:11,871 INFO  - Terminating, quiting webdriver
 2023-07-31 17:00:11,871 INFO  - Closing down webDrivers
 2023-07-31 17:00:12,563 INFO  - Test FAILED
 2023-07-31 17:00:12,563 INFO  - Matrix runner at last phase, ending. 
 2023-07-31 17:00:12,571 WARN  - Adding [0, 0] to retry list..
 2023-07-31 17:00:12,574 INFO  - Reading 'C:\Users\giann\Documents\Progetti\KITE\KITE-Telemed-Test\.\configs\telemed.config.json' ...
 2023-07-31 17:00:12,577 WARN  - Done! Some test cases might need to be rerun!
 2023-07-31 17:00:12,578 INFO  - Reading 'C:\Users\giann\Documents\Progetti\KITE\KITE-Telemed-Test\.\configs\telemed.config.json' ...
 2023-07-31 17:00:12,582 INFO  - shutdownExecutors() done.
 2023-07-31 17:02:32,934 INFO  - Reading 'C:\Users\giann\Documents\Progetti\KITE\KITE-Telemed-Test\.\configs\telemed.config.json' ...
 2023-07-31 17:02:33,128 INFO  - new RoomManager(2 max per room) for https://falgsc.eu.org/
 2023-07-31 17:02:33,129 INFO  - Please make sure that you have enough room for all users.
 2023-07-31 17:02:33,129 INFO  - getRoomUrl(random) function, with random value = true/false, will give you the base url with or without a randomized ID.
 2023-07-31 17:02:33,130 INFO  - Finished reading the configuration file
 2023-07-31 17:02:33,130 INFO  - Creating report folder if not exist at :C:\Users\giann\Documents\Progetti\KITE\KITE-Telemed-Test/kite-allure-reports/
 2023-07-31 17:02:33,134 INFO  - Running {"type":"interop","name":"Telemed Test %ts","testImpl":"org.webrtc.kite.telemed.KiteTelemedTest","description":"Telemed test description","tupleSize":2,"noOfThreads":1,"maxRetryCount":0,"delayForClosing":0,"permute":true} ...
 2023-07-31 17:02:33,138 INFO  - Executing {"type":"interop","name":"Telemed Test %ts","testImpl":"org.webrtc.kite.telemed.KiteTelemedTest","description":"Telemed test description","tupleSize":2,"noOfThreads":1,"maxRetryCount":0,"delayForClosing":0,"permute":true} for 1 browser tuples with size :2
 2023-07-31 17:02:33,141 INFO  - current phase in test manager has been set to DEFAULT
 2023-07-31 17:02:33,144 INFO  - 
           |--------------------------------------------------
           | Number of registered tests: 0
           | Elapsed time: 0m0s (avg:0m0s)
           | Running test case with ID: 0/1
           | ETA (for Telemed Test %ts): Estimating..
           |--------------------------------------------------
 2023-07-31 17:02:33,146 INFO  - execute(DEFAULT) for the test case: WIN_ch-WIN_ch (2023-07-31-170233)
 2023-07-31 17:02:33,146 INFO  - Not load test, init report for test
 2023-07-31 17:02:33,148 INFO  - Finished filling out initial report for phase 
 2023-07-31 17:02:33,148 INFO  - payload handling
 2023-07-31 17:02:33,148 INFO  - the payload is {"url":"https://falgsc.eu.org/","usersPerRoom":2,"getStats":{"enabled":true,"statsCollectionTime":2,"statsCollectionInterval":1,"peerConnections":["ng.getComponent($('app-videocall-pj')[0]).mediaConnection.peerConnection"],"selectedStats":["inbound-rtp","outbound-rtp","local-candidate","remote-candidate","candidate-pair","stream","peer-connection","codec","track","transport"]}}
 2023-07-31 17:02:33,151 INFO  - Creating runners
 2023-07-31 17:02:33,152 INFO  - Start creating the TestRunner id 0 in 0ms
 2023-07-31 17:02:33,152 INFO  - Start creating the TestRunner id 1 in 0ms
 2023-07-31 17:02:33,163 INFO  - unknown(no Web Driver): Creating web driver for {"app":false,"kind":"browser","logger":{"name":"org.webrtc.kite.config.client.Client","debugEnabled":true},"count":5,"clientIndex":0,"fullReset":false,"jsonConfig":{"browserName":{},"platform":{}},"capability":{"headless":false,"windowSize":"1920,1200","technologyPreview":false,"useFakeMedia":true,"flags":[],"maxInstances":5,"extraCapabilities":{},"gateway":"none"},"paas":{"specList":[],"networkProfile":{"corrupt":0,"delay":0,"cleanUpCommand":"","bandwidth":0,"packetloss":0,"name":"NONE","id":"","duplicate":0,"command":""},"availableSlots":3,"type":"local","region":"NC","url":"http://localhost:4444/wd/hub"},"name":"1","networkProfile":{"corrupt":0,"delay":0,"cleanUpCommand":"","bandwidth":0,"packetloss":0,"name":"","id":"","duplicate":0,"command":""},"exclude":false,"browserSpecs":{"extension":"","driverString":"-Dwebdriver.chrome.driver=./chromedriver","profile":"","browserName":"chrome","deviceName":"unknown","platform":"WINDOWS"},"region":"NC"}
 2023-07-31 17:02:33,163 INFO  - unknown(no Web Driver): Creating web driver for {"app":false,"kind":"browser","logger":{"name":"org.webrtc.kite.config.client.Client","debugEnabled":true},"count":5,"clientIndex":0,"fullReset":false,"jsonConfig":{"browserName":{},"platform":{}},"capability":{"headless":false,"windowSize":"1920,1200","technologyPreview":false,"useFakeMedia":true,"flags":[],"maxInstances":5,"extraCapabilities":{},"gateway":"none"},"paas":{"specList":[],"networkProfile":{"corrupt":0,"delay":0,"cleanUpCommand":"","bandwidth":0,"packetloss":0,"name":"NONE","id":"","duplicate":0,"command":""},"availableSlots":3,"type":"local","region":"NC","url":"http://localhost:4444/wd/hub"},"name":"0","networkProfile":{"corrupt":0,"delay":0,"cleanUpCommand":"","bandwidth":0,"packetloss":0,"name":"","id":"","duplicate":0,"command":""},"exclude":false,"browserSpecs":{"extension":"","driverString":"-Dwebdriver.chrome.driver=./chromedriver","profile":"","browserName":"chrome","deviceName":"unknown","platform":"WINDOWS"},"region":"NC"}
 2023-07-31 17:02:35,184 INFO  - unknown(no Web Driver):  [PASSED] Initiate webDriver for client
 2023-07-31 17:02:35,186 INFO  - unknown(no Web Driver):  [PASSED] Initiate webDriver for client
 2023-07-31 17:02:35,205 INFO  - Starting the execution of the test runners in parallel 
 2023-07-31 17:02:35,206 INFO  - Start processing the TestRunner(DEFAULT) id 1 in 0ms
 2023-07-31 17:02:35,206 INFO  - Start processing the TestRunner(DEFAULT) id 0 in 0ms
 2023-07-31 17:02:36,377 ERROR - Step broken:
   message = ***UNHANDLED EXCEPTION*** 
 This is a bug and must be fixed. The exception must be caught and thrown as KiteTestException
   trace = java.lang.NullPointerException
	at java.util.Properties$LineReader.readLine(Properties.java:434)
	at java.util.Properties.load0(Properties.java:353)
	at java.util.Properties.load(Properties.java:341)
	at org.webrtc.kite.telemed.steps.OpenUrlStep.step(OpenUrlStep.java:47)
	at io.cosmosoftware.kite.steps.TestStep.execute(TestStep.java:81)
	at io.cosmosoftware.kite.steps.TestStep.processTestStep(TestStep.java:329)
	at org.webrtc.kite.tests.TestRunner.call(TestRunner.java:187)
	at java.util.concurrent.FutureTask.run(FutureTask.java:266)
	at java.util.concurrent.ThreadPoolExecutor.runWorker(ThreadPoolExecutor.java:1149)
	at java.util.concurrent.ThreadPoolExecutor$Worker.run(ThreadPoolExecutor.java:624)
	at java.lang.Thread.run(Thread.java:750)

 2023-07-31 17:02:36,383 WARN  - ch115_WIN-b942d - 0: [SKIPPING] Get the browser console logs.
 2023-07-31 17:02:36,383 INFO  - ch115_WIN-b942d - 0:  [BROKEN] Open https://falgsc.eu.org/
 2023-07-31 17:02:36,383 WARN  - ch115_WIN-b942d - 0: [SKIPPING] Open https://falgsc.eu.org//#/pocPJ/166
 2023-07-31 17:02:36,385 WARN  - ch115_WIN-b942d - 0: [SKIPPING] Getting stats from ["ng.getComponent($('app-videocall-pj')[0]).mediaConnection.peerConnection"]
 2023-07-31 17:02:36,940 ERROR - Step broken:
   message = ***UNHANDLED EXCEPTION*** 
 This is a bug and must be fixed. The exception must be caught and thrown as KiteTestException
   trace = java.lang.NullPointerException
	at java.util.Properties$LineReader.readLine(Properties.java:434)
	at java.util.Properties.load0(Properties.java:353)
	at java.util.Properties.load(Properties.java:341)
	at org.webrtc.kite.telemed.steps.OpenUrlStep.step(OpenUrlStep.java:47)
	at io.cosmosoftware.kite.steps.TestStep.execute(TestStep.java:81)
	at io.cosmosoftware.kite.steps.TestStep.processTestStep(TestStep.java:329)
	at org.webrtc.kite.tests.TestRunner.call(TestRunner.java:187)
	at java.util.concurrent.FutureTask.run(FutureTask.java:266)
	at java.util.concurrent.ThreadPoolExecutor.runWorker(ThreadPoolExecutor.java:1149)
	at java.util.concurrent.ThreadPoolExecutor$Worker.run(ThreadPoolExecutor.java:624)
	at java.lang.Thread.run(Thread.java:750)

 2023-07-31 17:02:36,943 WARN  - ch115_WIN-aae23 - 1: [SKIPPING] Get the browser console logs.
 2023-07-31 17:02:36,943 INFO  - ch115_WIN-aae23 - 1:  [BROKEN] Open https://falgsc.eu.org/
 2023-07-31 17:02:36,944 WARN  - ch115_WIN-aae23 - 1: [SKIPPING] Open https://falgsc.eu.org//#/pocPJ/166
 2023-07-31 17:02:36,945 WARN  - ch115_WIN-aae23 - 1: [SKIPPING] Getting stats from ["ng.getComponent($('app-videocall-pj')[0]).mediaConnection.peerConnection"]
 2023-07-31 17:02:36,946 INFO  - execute(DEFAULT) completed.
 2023-07-31 17:02:36,946 INFO  - Terminating, quiting webdriver
 2023-07-31 17:02:36,947 INFO  - Closing down webDrivers
 2023-07-31 17:02:37,638 INFO  - Test FAILED
 2023-07-31 17:02:37,638 INFO  - Matrix runner at last phase, ending. 
 2023-07-31 17:02:37,648 WARN  - Adding [0, 0] to retry list..
 2023-07-31 17:02:37,651 INFO  - Reading 'C:\Users\giann\Documents\Progetti\KITE\KITE-Telemed-Test\.\configs\telemed.config.json' ...
 2023-07-31 17:02:37,653 WARN  - Done! Some test cases might need to be rerun!
 2023-07-31 17:02:37,655 INFO  - Reading 'C:\Users\giann\Documents\Progetti\KITE\KITE-Telemed-Test\.\configs\telemed.config.json' ...
 2023-07-31 17:02:37,657 INFO  - shutdownExecutors() done.
 2023-07-31 17:02:58,156 INFO  - Reading 'C:\Users\giann\Documents\Progetti\KITE\KITE-Telemed-Test\.\configs\telemed.config.json' ...
 2023-07-31 17:02:58,337 INFO  - new RoomManager(2 max per room) for https://falgsc.eu.org/
 2023-07-31 17:02:58,337 INFO  - Please make sure that you have enough room for all users.
 2023-07-31 17:02:58,337 INFO  - getRoomUrl(random) function, with random value = true/false, will give you the base url with or without a randomized ID.
 2023-07-31 17:02:58,338 INFO  - Finished reading the configuration file
 2023-07-31 17:02:58,338 INFO  - Creating report folder if not exist at :C:\Users\giann\Documents\Progetti\KITE\KITE-Telemed-Test/kite-allure-reports/
 2023-07-31 17:02:58,341 INFO  - Running {"type":"interop","name":"Telemed Test %ts","testImpl":"org.webrtc.kite.telemed.KiteTelemedTest","description":"Telemed test description","tupleSize":2,"noOfThreads":1,"maxRetryCount":0,"delayForClosing":0,"permute":true} ...
 2023-07-31 17:02:58,344 INFO  - Executing {"type":"interop","name":"Telemed Test %ts","testImpl":"org.webrtc.kite.telemed.KiteTelemedTest","description":"Telemed test description","tupleSize":2,"noOfThreads":1,"maxRetryCount":0,"delayForClosing":0,"permute":true} for 1 browser tuples with size :2
 2023-07-31 17:02:58,348 INFO  - current phase in test manager has been set to DEFAULT
 2023-07-31 17:02:58,352 INFO  - 
           |--------------------------------------------------
           | Number of registered tests: 0
           | Elapsed time: 0m0s (avg:0m0s)
           | Running test case with ID: 0/1
           | ETA (for Telemed Test %ts): Estimating..
           |--------------------------------------------------
 2023-07-31 17:02:58,354 INFO  - execute(DEFAULT) for the test case: WIN_ch-WIN_ch (2023-07-31-170258)
 2023-07-31 17:02:58,355 INFO  - Not load test, init report for test
 2023-07-31 17:02:58,356 INFO  - Finished filling out initial report for phase 
 2023-07-31 17:02:58,357 INFO  - payload handling
 2023-07-31 17:02:58,357 INFO  - the payload is {"url":"https://falgsc.eu.org/","usersPerRoom":2,"getStats":{"enabled":true,"statsCollectionTime":2,"statsCollectionInterval":1,"peerConnections":["ng.getComponent($('app-videocall-pj')[0]).mediaConnection.peerConnection"],"selectedStats":["inbound-rtp","outbound-rtp","local-candidate","remote-candidate","candidate-pair","stream","peer-connection","codec","track","transport"]}}
 2023-07-31 17:02:58,358 INFO  - Creating runners
 2023-07-31 17:02:58,360 INFO  - Start creating the TestRunner id 1 in 0ms
 2023-07-31 17:02:58,360 INFO  - Start creating the TestRunner id 0 in 0ms
 2023-07-31 17:02:58,369 INFO  - unknown(no Web Driver): Creating web driver for {"app":false,"kind":"browser","logger":{"name":"org.webrtc.kite.config.client.Client","debugEnabled":true},"count":5,"clientIndex":0,"fullReset":false,"jsonConfig":{"browserName":{},"platform":{}},"capability":{"headless":false,"windowSize":"1920,1200","technologyPreview":false,"useFakeMedia":true,"flags":[],"extraCapabilities":{},"maxInstances":5,"gateway":"none"},"paas":{"specList":[],"networkProfile":{"corrupt":0,"delay":0,"cleanUpCommand":"","bandwidth":0,"packetloss":0,"name":"NONE","id":"","duplicate":0,"command":""},"availableSlots":3,"type":"local","region":"NC","url":"http://localhost:4444/wd/hub"},"name":"0","networkProfile":{"corrupt":0,"delay":0,"cleanUpCommand":"","bandwidth":0,"packetloss":0,"name":"","id":"","duplicate":0,"command":""},"exclude":false,"browserSpecs":{"extension":"","profile":"","driverString":"-Dwebdriver.chrome.driver=./chromedriver","browserName":"chrome","deviceName":"unknown","platform":"WINDOWS"},"region":"NC"}
 2023-07-31 17:02:58,369 INFO  - unknown(no Web Driver): Creating web driver for {"app":false,"kind":"browser","logger":{"name":"org.webrtc.kite.config.client.Client","debugEnabled":true},"count":5,"clientIndex":0,"fullReset":false,"jsonConfig":{"browserName":{},"platform":{}},"capability":{"headless":false,"windowSize":"1920,1200","technologyPreview":false,"useFakeMedia":true,"flags":[],"extraCapabilities":{},"maxInstances":5,"gateway":"none"},"paas":{"specList":[],"networkProfile":{"corrupt":0,"delay":0,"cleanUpCommand":"","bandwidth":0,"packetloss":0,"name":"NONE","id":"","duplicate":0,"command":""},"availableSlots":3,"type":"local","region":"NC","url":"http://localhost:4444/wd/hub"},"name":"1","networkProfile":{"corrupt":0,"delay":0,"cleanUpCommand":"","bandwidth":0,"packetloss":0,"name":"","id":"","duplicate":0,"command":""},"exclude":false,"browserSpecs":{"extension":"","profile":"","driverString":"-Dwebdriver.chrome.driver=./chromedriver","browserName":"chrome","deviceName":"unknown","platform":"WINDOWS"},"region":"NC"}
 2023-07-31 17:03:00,200 INFO  - unknown(no Web Driver):  [PASSED] Initiate webDriver for client
 2023-07-31 17:03:00,200 INFO  - unknown(no Web Driver):  [PASSED] Initiate webDriver for client
 2023-07-31 17:03:00,215 INFO  - Starting the execution of the test runners in parallel 
 2023-07-31 17:03:00,215 INFO  - Start processing the TestRunner(DEFAULT) id 0 in 0ms
 2023-07-31 17:03:00,215 INFO  - Start processing the TestRunner(DEFAULT) id 1 in 0ms
 2023-07-31 17:03:01,269 ERROR - Step broken:
   message = ***UNHANDLED EXCEPTION*** 
 This is a bug and must be fixed. The exception must be caught and thrown as KiteTestException
   trace = java.lang.NullPointerException
	at java.util.Properties$LineReader.readLine(Properties.java:434)
	at java.util.Properties.load0(Properties.java:353)
	at java.util.Properties.load(Properties.java:341)
	at org.webrtc.kite.telemed.steps.OpenUrlStep.step(OpenUrlStep.java:47)
	at io.cosmosoftware.kite.steps.TestStep.execute(TestStep.java:81)
	at io.cosmosoftware.kite.steps.TestStep.processTestStep(TestStep.java:329)
	at org.webrtc.kite.tests.TestRunner.call(TestRunner.java:187)
	at java.util.concurrent.FutureTask.run(FutureTask.java:266)
	at java.util.concurrent.ThreadPoolExecutor.runWorker(ThreadPoolExecutor.java:1149)
	at java.util.concurrent.ThreadPoolExecutor$Worker.run(ThreadPoolExecutor.java:624)
	at java.lang.Thread.run(Thread.java:750)

 2023-07-31 17:03:01,274 WARN  - ch115_WIN-3c78a - 0: [SKIPPING] Get the browser console logs.
 2023-07-31 17:03:01,274 INFO  - ch115_WIN-3c78a - 0:  [BROKEN] Open https://falgsc.eu.org/
 2023-07-31 17:03:01,274 WARN  - ch115_WIN-3c78a - 0: [SKIPPING] Open https://falgsc.eu.org//#/pocPJ/166
 2023-07-31 17:03:01,275 WARN  - ch115_WIN-3c78a - 0: [SKIPPING] Getting stats from ["ng.getComponent($('app-videocall-pj')[0]).mediaConnection.peerConnection"]
 2023-07-31 17:03:01,358 ERROR - Step broken:
   message = ***UNHANDLED EXCEPTION*** 
 This is a bug and must be fixed. The exception must be caught and thrown as KiteTestException
   trace = java.lang.NullPointerException
	at java.util.Properties$LineReader.readLine(Properties.java:434)
	at java.util.Properties.load0(Properties.java:353)
	at java.util.Properties.load(Properties.java:341)
	at org.webrtc.kite.telemed.steps.OpenUrlStep.step(OpenUrlStep.java:47)
	at io.cosmosoftware.kite.steps.TestStep.execute(TestStep.java:81)
	at io.cosmosoftware.kite.steps.TestStep.processTestStep(TestStep.java:329)
	at org.webrtc.kite.tests.TestRunner.call(TestRunner.java:187)
	at java.util.concurrent.FutureTask.run(FutureTask.java:266)
	at java.util.concurrent.ThreadPoolExecutor.runWorker(ThreadPoolExecutor.java:1149)
	at java.util.concurrent.ThreadPoolExecutor$Worker.run(ThreadPoolExecutor.java:624)
	at java.lang.Thread.run(Thread.java:750)

 2023-07-31 17:03:01,361 WARN  - ch115_WIN-9527f - 1: [SKIPPING] Get the browser console logs.
 2023-07-31 17:03:01,361 INFO  - ch115_WIN-9527f - 1:  [BROKEN] Open https://falgsc.eu.org/
 2023-07-31 17:03:01,363 WARN  - ch115_WIN-9527f - 1: [SKIPPING] Open https://falgsc.eu.org//#/pocPJ/166
 2023-07-31 17:03:01,363 WARN  - ch115_WIN-9527f - 1: [SKIPPING] Getting stats from ["ng.getComponent($('app-videocall-pj')[0]).mediaConnection.peerConnection"]
 2023-07-31 17:03:01,363 INFO  - execute(DEFAULT) completed.
 2023-07-31 17:03:01,364 INFO  - Terminating, quiting webdriver
 2023-07-31 17:03:01,364 INFO  - Closing down webDrivers
 2023-07-31 17:03:02,020 INFO  - Test FAILED
 2023-07-31 17:03:02,021 INFO  - Matrix runner at last phase, ending. 
 2023-07-31 17:03:02,030 WARN  - Adding [0, 0] to retry list..
 2023-07-31 17:03:02,033 INFO  - Reading 'C:\Users\giann\Documents\Progetti\KITE\KITE-Telemed-Test\.\configs\telemed.config.json' ...
 2023-07-31 17:03:02,036 WARN  - Done! Some test cases might need to be rerun!
 2023-07-31 17:03:02,036 INFO  - Reading 'C:\Users\giann\Documents\Progetti\KITE\KITE-Telemed-Test\.\configs\telemed.config.json' ...
 2023-07-31 17:03:02,040 INFO  - shutdownExecutors() done.
 2023-07-31 17:04:49,409 INFO  - Reading 'C:\Users\giann\Documents\Progetti\KITE\KITE-Telemed-Test\.\configs\telemed.config.json' ...
 2023-07-31 17:04:49,594 INFO  - new RoomManager(2 max per room) for https://falgsc.eu.org/
 2023-07-31 17:04:49,595 INFO  - Please make sure that you have enough room for all users.
 2023-07-31 17:04:49,595 INFO  - getRoomUrl(random) function, with random value = true/false, will give you the base url with or without a randomized ID.
 2023-07-31 17:04:49,595 INFO  - Finished reading the configuration file
 2023-07-31 17:04:49,596 INFO  - Creating report folder if not exist at :C:\Users\giann\Documents\Progetti\KITE\KITE-Telemed-Test/kite-allure-reports/
 2023-07-31 17:04:49,600 INFO  - Running {"type":"interop","name":"Telemed Test %ts","testImpl":"org.webrtc.kite.telemed.KiteTelemedTest","description":"Telemed test description","tupleSize":2,"noOfThreads":1,"maxRetryCount":0,"delayForClosing":0,"permute":true} ...
 2023-07-31 17:04:49,603 INFO  - Executing {"type":"interop","name":"Telemed Test %ts","testImpl":"org.webrtc.kite.telemed.KiteTelemedTest","description":"Telemed test description","tupleSize":2,"noOfThreads":1,"maxRetryCount":0,"delayForClosing":0,"permute":true} for 1 browser tuples with size :2
 2023-07-31 17:04:49,607 INFO  - current phase in test manager has been set to DEFAULT
 2023-07-31 17:04:49,612 INFO  - 
           |--------------------------------------------------
           | Number of registered tests: 0
           | Elapsed time: 0m0s (avg:0m0s)
           | Running test case with ID: 0/1
           | ETA (for Telemed Test %ts): Estimating..
           |--------------------------------------------------
 2023-07-31 17:04:49,613 INFO  - execute(DEFAULT) for the test case: WIN_ch-WIN_ch (2023-07-31-170449)
 2023-07-31 17:04:49,614 INFO  - Not load test, init report for test
 2023-07-31 17:04:49,615 INFO  - Finished filling out initial report for phase 
 2023-07-31 17:04:49,615 INFO  - payload handling
 2023-07-31 17:04:49,616 INFO  - the payload is {"url":"https://falgsc.eu.org/","usersPerRoom":2,"getStats":{"enabled":true,"statsCollectionTime":2,"statsCollectionInterval":1,"peerConnections":["ng.getComponent($('app-videocall-pj')[0]).mediaConnection.peerConnection"],"selectedStats":["inbound-rtp","outbound-rtp","local-candidate","remote-candidate","candidate-pair","stream","peer-connection","codec","track","transport"]}}
 2023-07-31 17:04:49,617 INFO  - Creating runners
 2023-07-31 17:04:49,619 INFO  - Start creating the TestRunner id 0 in 0ms
 2023-07-31 17:04:49,619 INFO  - Start creating the TestRunner id 1 in 0ms
 2023-07-31 17:04:49,630 INFO  - unknown(no Web Driver): Creating web driver for {"app":false,"kind":"browser","logger":{"name":"org.webrtc.kite.config.client.Client","debugEnabled":true},"count":5,"clientIndex":0,"fullReset":false,"jsonConfig":{"browserName":{},"platform":{}},"capability":{"headless":false,"windowSize":"1920,1200","technologyPreview":false,"useFakeMedia":true,"flags":[],"extraCapabilities":{},"maxInstances":5,"gateway":"none"},"paas":{"specList":[],"networkProfile":{"corrupt":0,"delay":0,"cleanUpCommand":"","bandwidth":0,"packetloss":0,"name":"NONE","id":"","duplicate":0,"command":""},"availableSlots":3,"type":"local","region":"NC","url":"http://localhost:4444/wd/hub"},"name":"0","networkProfile":{"corrupt":0,"delay":0,"cleanUpCommand":"","bandwidth":0,"packetloss":0,"name":"","id":"","duplicate":0,"command":""},"exclude":false,"browserSpecs":{"extension":"","driverString":"-Dwebdriver.chrome.driver=./chromedriver","profile":"","browserName":"chrome","deviceName":"unknown","platform":"WINDOWS"},"region":"NC"}
 2023-07-31 17:04:49,630 INFO  - unknown(no Web Driver): Creating web driver for {"app":false,"kind":"browser","logger":{"name":"org.webrtc.kite.config.client.Client","debugEnabled":true},"count":5,"clientIndex":0,"fullReset":false,"jsonConfig":{"browserName":{},"platform":{}},"capability":{"headless":false,"windowSize":"1920,1200","technologyPreview":false,"useFakeMedia":true,"flags":[],"extraCapabilities":{},"maxInstances":5,"gateway":"none"},"paas":{"specList":[],"networkProfile":{"corrupt":0,"delay":0,"cleanUpCommand":"","bandwidth":0,"packetloss":0,"name":"NONE","id":"","duplicate":0,"command":""},"availableSlots":3,"type":"local","region":"NC","url":"http://localhost:4444/wd/hub"},"name":"1","networkProfile":{"corrupt":0,"delay":0,"cleanUpCommand":"","bandwidth":0,"packetloss":0,"name":"","id":"","duplicate":0,"command":""},"exclude":false,"browserSpecs":{"extension":"","driverString":"-Dwebdriver.chrome.driver=./chromedriver","profile":"","browserName":"chrome","deviceName":"unknown","platform":"WINDOWS"},"region":"NC"}
 2023-07-31 17:04:51,435 INFO  - unknown(no Web Driver):  [PASSED] Initiate webDriver for client
 2023-07-31 17:04:51,436 INFO  - unknown(no Web Driver):  [PASSED] Initiate webDriver for client
 2023-07-31 17:04:51,452 INFO  - Starting the execution of the test runners in parallel 
 2023-07-31 17:04:51,453 INFO  - Start processing the TestRunner(DEFAULT) id 0 in 0ms
 2023-07-31 17:04:51,453 INFO  - Start processing the TestRunner(DEFAULT) id 1 in 0ms
 2023-07-31 17:04:52,552 ERROR - Step broken:
   message = ***UNHANDLED EXCEPTION*** 
 This is a bug and must be fixed. The exception must be caught and thrown as KiteTestException
   trace = java.lang.RuntimeException: java.io.FileNotFoundException: .\credentials.properties (Impossibile trovare il file specificato)
	at org.webrtc.kite.telemed.steps.OpenUrlStep.step(OpenUrlStep.java:64)
	at io.cosmosoftware.kite.steps.TestStep.execute(TestStep.java:81)
	at io.cosmosoftware.kite.steps.TestStep.processTestStep(TestStep.java:329)
	at org.webrtc.kite.tests.TestRunner.call(TestRunner.java:187)
	at java.util.concurrent.FutureTask.run(FutureTask.java:266)
	at java.util.concurrent.ThreadPoolExecutor.runWorker(ThreadPoolExecutor.java:1149)
	at java.util.concurrent.ThreadPoolExecutor$Worker.run(ThreadPoolExecutor.java:624)
	at java.lang.Thread.run(Thread.java:750)
Caused by: java.io.FileNotFoundException: .\credentials.properties (Impossibile trovare il file specificato)
	at java.io.FileInputStream.open0(Native Method)
	at java.io.FileInputStream.open(FileInputStream.java:195)
	at java.io.FileInputStream.<init>(FileInputStream.java:138)
	at java.io.FileInputStream.<init>(FileInputStream.java:93)
	at org.webrtc.kite.telemed.steps.OpenUrlStep.step(OpenUrlStep.java:47)
	... 7 more

Caused by: java.io.FileNotFoundException: .\credentials.properties (Impossibile trovare il file specificato)
	at java.io.FileInputStream.open0(Native Method)
	at java.io.FileInputStream.open(FileInputStream.java:195)
	at java.io.FileInputStream.<init>(FileInputStream.java:138)
	at java.io.FileInputStream.<init>(FileInputStream.java:93)
	at org.webrtc.kite.telemed.steps.OpenUrlStep.step(OpenUrlStep.java:47)
	at io.cosmosoftware.kite.steps.TestStep.execute(TestStep.java:81)
	at io.cosmosoftware.kite.steps.TestStep.processTestStep(TestStep.java:329)
	at org.webrtc.kite.tests.TestRunner.call(TestRunner.java:187)
	at java.util.concurrent.FutureTask.run(FutureTask.java:266)
	at java.util.concurrent.ThreadPoolExecutor.runWorker(ThreadPoolExecutor.java:1149)
	at java.util.concurrent.ThreadPoolExecutor$Worker.run(ThreadPoolExecutor.java:624)
	at java.lang.Thread.run(Thread.java:750)

 2023-07-31 17:04:52,566 WARN  - ch115_WIN-05d78 - 1: [SKIPPING] Get the browser console logs.
 2023-07-31 17:04:52,566 INFO  - ch115_WIN-05d78 - 1:  [BROKEN] Open https://falgsc.eu.org/
 2023-07-31 17:04:52,567 ERROR - Step broken:
   message = ***UNHANDLED EXCEPTION*** 
 This is a bug and must be fixed. The exception must be caught and thrown as KiteTestException
   trace = java.lang.RuntimeException: java.io.FileNotFoundException: .\credentials.properties (Impossibile trovare il file specificato)
	at org.webrtc.kite.telemed.steps.OpenUrlStep.step(OpenUrlStep.java:64)
	at io.cosmosoftware.kite.steps.TestStep.execute(TestStep.java:81)
	at io.cosmosoftware.kite.steps.TestStep.processTestStep(TestStep.java:329)
	at org.webrtc.kite.tests.TestRunner.call(TestRunner.java:187)
	at java.util.concurrent.FutureTask.run(FutureTask.java:266)
	at java.util.concurrent.ThreadPoolExecutor.runWorker(ThreadPoolExecutor.java:1149)
	at java.util.concurrent.ThreadPoolExecutor$Worker.run(ThreadPoolExecutor.java:624)
	at java.lang.Thread.run(Thread.java:750)
Caused by: java.io.FileNotFoundException: .\credentials.properties (Impossibile trovare il file specificato)
	at java.io.FileInputStream.open0(Native Method)
	at java.io.FileInputStream.open(FileInputStream.java:195)
	at java.io.FileInputStream.<init>(FileInputStream.java:138)
	at java.io.FileInputStream.<init>(FileInputStream.java:93)
	at org.webrtc.kite.telemed.steps.OpenUrlStep.step(OpenUrlStep.java:47)
	... 7 more

Caused by: java.io.FileNotFoundException: .\credentials.properties (Impossibile trovare il file specificato)
	at java.io.FileInputStream.open0(Native Method)
	at java.io.FileInputStream.open(FileInputStream.java:195)
	at java.io.FileInputStream.<init>(FileInputStream.java:138)
	at java.io.FileInputStream.<init>(FileInputStream.java:93)
	at org.webrtc.kite.telemed.steps.OpenUrlStep.step(OpenUrlStep.java:47)
	at io.cosmosoftware.kite.steps.TestStep.execute(TestStep.java:81)
	at io.cosmosoftware.kite.steps.TestStep.processTestStep(TestStep.java:329)
	at org.webrtc.kite.tests.TestRunner.call(TestRunner.java:187)
	at java.util.concurrent.FutureTask.run(FutureTask.java:266)
	at java.util.concurrent.ThreadPoolExecutor.runWorker(ThreadPoolExecutor.java:1149)
	at java.util.concurrent.ThreadPoolExecutor$Worker.run(ThreadPoolExecutor.java:624)
	at java.lang.Thread.run(Thread.java:750)

 2023-07-31 17:04:52,567 WARN  - ch115_WIN-05d78 - 1: [SKIPPING] Open https://falgsc.eu.org//#/pocPJ/166
 2023-07-31 17:04:52,569 WARN  - ch115_WIN-05d78 - 1: [SKIPPING] Getting stats from ["ng.getComponent($('app-videocall-pj')[0]).mediaConnection.peerConnection"]
 2023-07-31 17:04:52,571 WARN  - ch115_WIN-5f545 - 0: [SKIPPING] Get the browser console logs.
 2023-07-31 17:04:52,571 INFO  - ch115_WIN-5f545 - 0:  [BROKEN] Open https://falgsc.eu.org/
 2023-07-31 17:04:52,594 WARN  - ch115_WIN-5f545 - 0: [SKIPPING] Open https://falgsc.eu.org//#/pocPJ/166
 2023-07-31 17:04:52,596 WARN  - ch115_WIN-5f545 - 0: [SKIPPING] Getting stats from ["ng.getComponent($('app-videocall-pj')[0]).mediaConnection.peerConnection"]
 2023-07-31 17:04:52,596 INFO  - execute(DEFAULT) completed.
 2023-07-31 17:04:52,596 INFO  - Terminating, quiting webdriver
 2023-07-31 17:04:52,597 INFO  - Closing down webDrivers
 2023-07-31 17:04:53,271 INFO  - Test FAILED
 2023-07-31 17:04:53,272 INFO  - Matrix runner at last phase, ending. 
 2023-07-31 17:04:53,284 WARN  - Adding [0, 0] to retry list..
 2023-07-31 17:04:53,290 INFO  - Reading 'C:\Users\giann\Documents\Progetti\KITE\KITE-Telemed-Test\.\configs\telemed.config.json' ...
 2023-07-31 17:04:53,292 WARN  - Done! Some test cases might need to be rerun!
 2023-07-31 17:04:53,293 INFO  - Reading 'C:\Users\giann\Documents\Progetti\KITE\KITE-Telemed-Test\.\configs\telemed.config.json' ...
 2023-07-31 17:04:53,296 INFO  - shutdownExecutors() done.
 2023-07-31 17:05:23,301 INFO  - Reading 'C:\Users\giann\Documents\Progetti\KITE\KITE-Telemed-Test\.\configs\telemed.config.json' ...
 2023-07-31 17:05:23,497 INFO  - new RoomManager(2 max per room) for https://falgsc.eu.org/
 2023-07-31 17:05:23,498 INFO  - Please make sure that you have enough room for all users.
 2023-07-31 17:05:23,498 INFO  - getRoomUrl(random) function, with random value = true/false, will give you the base url with or without a randomized ID.
 2023-07-31 17:05:23,498 INFO  - Finished reading the configuration file
 2023-07-31 17:05:23,498 INFO  - Creating report folder if not exist at :C:\Users\giann\Documents\Progetti\KITE\KITE-Telemed-Test/kite-allure-reports/
 2023-07-31 17:05:23,501 INFO  - Running {"type":"interop","name":"Telemed Test %ts","testImpl":"org.webrtc.kite.telemed.KiteTelemedTest","description":"Telemed test description","tupleSize":2,"noOfThreads":1,"maxRetryCount":0,"delayForClosing":0,"permute":true} ...
 2023-07-31 17:05:23,506 INFO  - Executing {"type":"interop","name":"Telemed Test %ts","testImpl":"org.webrtc.kite.telemed.KiteTelemedTest","description":"Telemed test description","tupleSize":2,"noOfThreads":1,"maxRetryCount":0,"delayForClosing":0,"permute":true} for 1 browser tuples with size :2
 2023-07-31 17:05:23,509 INFO  - current phase in test manager has been set to DEFAULT
 2023-07-31 17:05:23,514 INFO  - 
           |--------------------------------------------------
           | Number of registered tests: 0
           | Elapsed time: 0m0s (avg:0m0s)
           | Running test case with ID: 0/1
           | ETA (for Telemed Test %ts): Estimating..
           |--------------------------------------------------
 2023-07-31 17:05:23,516 INFO  - execute(DEFAULT) for the test case: WIN_ch-WIN_ch (2023-07-31-170523)
 2023-07-31 17:05:23,517 INFO  - Not load test, init report for test
 2023-07-31 17:05:23,518 INFO  - Finished filling out initial report for phase 
 2023-07-31 17:05:23,519 INFO  - payload handling
 2023-07-31 17:05:23,519 INFO  - the payload is {"url":"https://falgsc.eu.org/","usersPerRoom":2,"getStats":{"enabled":true,"statsCollectionTime":2,"statsCollectionInterval":1,"peerConnections":["ng.getComponent($('app-videocall-pj')[0]).mediaConnection.peerConnection"],"selectedStats":["inbound-rtp","outbound-rtp","local-candidate","remote-candidate","candidate-pair","stream","peer-connection","codec","track","transport"]}}
 2023-07-31 17:05:23,521 INFO  - Creating runners
 2023-07-31 17:05:23,522 INFO  - Start creating the TestRunner id 0 in 0ms
 2023-07-31 17:05:23,522 INFO  - Start creating the TestRunner id 1 in 0ms
 2023-07-31 17:05:23,533 INFO  - unknown(no Web Driver): Creating web driver for {"app":false,"kind":"browser","logger":{"name":"org.webrtc.kite.config.client.Client","debugEnabled":true},"count":5,"clientIndex":0,"fullReset":false,"jsonConfig":{"browserName":{},"platform":{}},"capability":{"headless":false,"windowSize":"1920,1200","technologyPreview":false,"useFakeMedia":true,"flags":[],"extraCapabilities":{},"maxInstances":5,"gateway":"none"},"paas":{"specList":[],"networkProfile":{"corrupt":0,"delay":0,"cleanUpCommand":"","bandwidth":0,"packetloss":0,"name":"NONE","id":"","duplicate":0,"command":""},"availableSlots":3,"type":"local","region":"NC","url":"http://localhost:4444/wd/hub"},"name":"1","networkProfile":{"corrupt":0,"delay":0,"cleanUpCommand":"","bandwidth":0,"packetloss":0,"name":"","id":"","duplicate":0,"command":""},"exclude":false,"browserSpecs":{"extension":"","driverString":"-Dwebdriver.chrome.driver=./chromedriver","profile":"","browserName":"chrome","deviceName":"unknown","platform":"WINDOWS"},"region":"NC"}
 2023-07-31 17:05:23,533 INFO  - unknown(no Web Driver): Creating web driver for {"app":false,"kind":"browser","logger":{"name":"org.webrtc.kite.config.client.Client","debugEnabled":true},"count":5,"clientIndex":0,"fullReset":false,"jsonConfig":{"browserName":{},"platform":{}},"capability":{"headless":false,"windowSize":"1920,1200","technologyPreview":false,"useFakeMedia":true,"flags":[],"extraCapabilities":{},"maxInstances":5,"gateway":"none"},"paas":{"specList":[],"networkProfile":{"corrupt":0,"delay":0,"cleanUpCommand":"","bandwidth":0,"packetloss":0,"name":"NONE","id":"","duplicate":0,"command":""},"availableSlots":3,"type":"local","region":"NC","url":"http://localhost:4444/wd/hub"},"name":"0","networkProfile":{"corrupt":0,"delay":0,"cleanUpCommand":"","bandwidth":0,"packetloss":0,"name":"","id":"","duplicate":0,"command":""},"exclude":false,"browserSpecs":{"extension":"","driverString":"-Dwebdriver.chrome.driver=./chromedriver","profile":"","browserName":"chrome","deviceName":"unknown","platform":"WINDOWS"},"region":"NC"}
 2023-07-31 17:05:25,377 INFO  - unknown(no Web Driver):  [PASSED] Initiate webDriver for client
 2023-07-31 17:05:25,377 INFO  - unknown(no Web Driver):  [PASSED] Initiate webDriver for client
 2023-07-31 17:05:25,393 INFO  - Starting the execution of the test runners in parallel 
 2023-07-31 17:05:25,393 INFO  - Start processing the TestRunner(DEFAULT) id 0 in 0ms
 2023-07-31 17:05:25,393 INFO  - Start processing the TestRunner(DEFAULT) id 1 in 0ms
 2023-07-31 17:05:26,432 ERROR - Step broken:
   message = ***UNHANDLED EXCEPTION*** 
 This is a bug and must be fixed. The exception must be caught and thrown as KiteTestException
   trace = java.lang.RuntimeException: java.io.FileNotFoundException: .\classes\credentials.properties (Impossibile trovare il percorso specificato)
	at org.webrtc.kite.telemed.steps.OpenUrlStep.step(OpenUrlStep.java:64)
	at io.cosmosoftware.kite.steps.TestStep.execute(TestStep.java:81)
	at io.cosmosoftware.kite.steps.TestStep.processTestStep(TestStep.java:329)
	at org.webrtc.kite.tests.TestRunner.call(TestRunner.java:187)
	at java.util.concurrent.FutureTask.run(FutureTask.java:266)
	at java.util.concurrent.ThreadPoolExecutor.runWorker(ThreadPoolExecutor.java:1149)
	at java.util.concurrent.ThreadPoolExecutor$Worker.run(ThreadPoolExecutor.java:624)
	at java.lang.Thread.run(Thread.java:750)
Caused by: java.io.FileNotFoundException: .\classes\credentials.properties (Impossibile trovare il percorso specificato)
	at java.io.FileInputStream.open0(Native Method)
	at java.io.FileInputStream.open(FileInputStream.java:195)
	at java.io.FileInputStream.<init>(FileInputStream.java:138)
	at java.io.FileInputStream.<init>(FileInputStream.java:93)
	at org.webrtc.kite.telemed.steps.OpenUrlStep.step(OpenUrlStep.java:47)
	... 7 more

Caused by: java.io.FileNotFoundException: .\classes\credentials.properties (Impossibile trovare il percorso specificato)
	at java.io.FileInputStream.open0(Native Method)
	at java.io.FileInputStream.open(FileInputStream.java:195)
	at java.io.FileInputStream.<init>(FileInputStream.java:138)
	at java.io.FileInputStream.<init>(FileInputStream.java:93)
	at org.webrtc.kite.telemed.steps.OpenUrlStep.step(OpenUrlStep.java:47)
	at io.cosmosoftware.kite.steps.TestStep.execute(TestStep.java:81)
	at io.cosmosoftware.kite.steps.TestStep.processTestStep(TestStep.java:329)
	at org.webrtc.kite.tests.TestRunner.call(TestRunner.java:187)
	at java.util.concurrent.FutureTask.run(FutureTask.java:266)
	at java.util.concurrent.ThreadPoolExecutor.runWorker(ThreadPoolExecutor.java:1149)
	at java.util.concurrent.ThreadPoolExecutor$Worker.run(ThreadPoolExecutor.java:624)
	at java.lang.Thread.run(Thread.java:750)

 2023-07-31 17:05:26,438 WARN  - ch115_WIN-f1591 - 1: [SKIPPING] Get the browser console logs.
 2023-07-31 17:05:26,440 INFO  - ch115_WIN-f1591 - 1:  [BROKEN] Open https://falgsc.eu.org/
 2023-07-31 17:05:26,441 WARN  - ch115_WIN-f1591 - 1: [SKIPPING] Open https://falgsc.eu.org//#/pocPJ/166
 2023-07-31 17:05:26,442 WARN  - ch115_WIN-f1591 - 1: [SKIPPING] Getting stats from ["ng.getComponent($('app-videocall-pj')[0]).mediaConnection.peerConnection"]
 2023-07-31 17:05:26,648 ERROR - Step broken:
   message = ***UNHANDLED EXCEPTION*** 
 This is a bug and must be fixed. The exception must be caught and thrown as KiteTestException
   trace = java.lang.RuntimeException: java.io.FileNotFoundException: .\classes\credentials.properties (Impossibile trovare il percorso specificato)
	at org.webrtc.kite.telemed.steps.OpenUrlStep.step(OpenUrlStep.java:64)
	at io.cosmosoftware.kite.steps.TestStep.execute(TestStep.java:81)
	at io.cosmosoftware.kite.steps.TestStep.processTestStep(TestStep.java:329)
	at org.webrtc.kite.tests.TestRunner.call(TestRunner.java:187)
	at java.util.concurrent.FutureTask.run(FutureTask.java:266)
	at java.util.concurrent.ThreadPoolExecutor.runWorker(ThreadPoolExecutor.java:1149)
	at java.util.concurrent.ThreadPoolExecutor$Worker.run(ThreadPoolExecutor.java:624)
	at java.lang.Thread.run(Thread.java:750)
Caused by: java.io.FileNotFoundException: .\classes\credentials.properties (Impossibile trovare il percorso specificato)
	at java.io.FileInputStream.open0(Native Method)
	at java.io.FileInputStream.open(FileInputStream.java:195)
	at java.io.FileInputStream.<init>(FileInputStream.java:138)
	at java.io.FileInputStream.<init>(FileInputStream.java:93)
	at org.webrtc.kite.telemed.steps.OpenUrlStep.step(OpenUrlStep.java:47)
	... 7 more

Caused by: java.io.FileNotFoundException: .\classes\credentials.properties (Impossibile trovare il percorso specificato)
	at java.io.FileInputStream.open0(Native Method)
	at java.io.FileInputStream.open(FileInputStream.java:195)
	at java.io.FileInputStream.<init>(FileInputStream.java:138)
	at java.io.FileInputStream.<init>(FileInputStream.java:93)
	at org.webrtc.kite.telemed.steps.OpenUrlStep.step(OpenUrlStep.java:47)
	at io.cosmosoftware.kite.steps.TestStep.execute(TestStep.java:81)
	at io.cosmosoftware.kite.steps.TestStep.processTestStep(TestStep.java:329)
	at org.webrtc.kite.tests.TestRunner.call(TestRunner.java:187)
	at java.util.concurrent.FutureTask.run(FutureTask.java:266)
	at java.util.concurrent.ThreadPoolExecutor.runWorker(ThreadPoolExecutor.java:1149)
	at java.util.concurrent.ThreadPoolExecutor$Worker.run(ThreadPoolExecutor.java:624)
	at java.lang.Thread.run(Thread.java:750)

 2023-07-31 17:05:26,651 WARN  - ch115_WIN-c1809 - 0: [SKIPPING] Get the browser console logs.
 2023-07-31 17:05:26,651 INFO  - ch115_WIN-c1809 - 0:  [BROKEN] Open https://falgsc.eu.org/
 2023-07-31 17:05:26,651 WARN  - ch115_WIN-c1809 - 0: [SKIPPING] Open https://falgsc.eu.org//#/pocPJ/166
 2023-07-31 17:05:26,652 WARN  - ch115_WIN-c1809 - 0: [SKIPPING] Getting stats from ["ng.getComponent($('app-videocall-pj')[0]).mediaConnection.peerConnection"]
 2023-07-31 17:05:26,652 INFO  - execute(DEFAULT) completed.
 2023-07-31 17:05:26,652 INFO  - Terminating, quiting webdriver
 2023-07-31 17:05:26,653 INFO  - Closing down webDrivers
 2023-07-31 17:05:27,332 INFO  - Test FAILED
 2023-07-31 17:05:27,333 INFO  - Matrix runner at last phase, ending. 
 2023-07-31 17:05:27,343 WARN  - Adding [0, 0] to retry list..
 2023-07-31 17:05:27,350 INFO  - Reading 'C:\Users\giann\Documents\Progetti\KITE\KITE-Telemed-Test\.\configs\telemed.config.json' ...
 2023-07-31 17:05:27,352 WARN  - Done! Some test cases might need to be rerun!
 2023-07-31 17:05:27,352 INFO  - Reading 'C:\Users\giann\Documents\Progetti\KITE\KITE-Telemed-Test\.\configs\telemed.config.json' ...
 2023-07-31 17:05:27,357 INFO  - shutdownExecutors() done.
 2023-07-31 17:07:08,506 INFO  - Reading 'C:\Users\giann\Documents\Progetti\KITE\KITE-Telemed-Test\.\configs\telemed.config.json' ...
 2023-07-31 17:07:08,708 INFO  - new RoomManager(2 max per room) for https://falgsc.eu.org/
 2023-07-31 17:07:08,708 INFO  - Please make sure that you have enough room for all users.
 2023-07-31 17:07:08,709 INFO  - getRoomUrl(random) function, with random value = true/false, will give you the base url with or without a randomized ID.
 2023-07-31 17:07:08,709 INFO  - Finished reading the configuration file
 2023-07-31 17:07:08,709 INFO  - Creating report folder if not exist at :C:\Users\giann\Documents\Progetti\KITE\KITE-Telemed-Test/kite-allure-reports/
 2023-07-31 17:07:08,712 INFO  - Running {"type":"interop","name":"Telemed Test %ts","testImpl":"org.webrtc.kite.telemed.KiteTelemedTest","description":"Telemed test description","tupleSize":2,"noOfThreads":1,"maxRetryCount":0,"delayForClosing":0,"permute":true} ...
 2023-07-31 17:07:08,715 INFO  - Executing {"type":"interop","name":"Telemed Test %ts","testImpl":"org.webrtc.kite.telemed.KiteTelemedTest","description":"Telemed test description","tupleSize":2,"noOfThreads":1,"maxRetryCount":0,"delayForClosing":0,"permute":true} for 1 browser tuples with size :2
 2023-07-31 17:07:08,720 INFO  - current phase in test manager has been set to DEFAULT
 2023-07-31 17:07:08,724 INFO  - 
           |--------------------------------------------------
           | Number of registered tests: 0
           | Elapsed time: 0m0s (avg:0m0s)
           | Running test case with ID: 0/1
           | ETA (for Telemed Test %ts): Estimating..
           |--------------------------------------------------
 2023-07-31 17:07:08,727 INFO  - execute(DEFAULT) for the test case: WIN_ch-WIN_ch (2023-07-31-170708)
 2023-07-31 17:07:08,729 INFO  - Not load test, init report for test
 2023-07-31 17:07:08,730 INFO  - Finished filling out initial report for phase 
 2023-07-31 17:07:08,730 INFO  - payload handling
 2023-07-31 17:07:08,731 INFO  - the payload is {"url":"https://falgsc.eu.org/","usersPerRoom":2,"getStats":{"enabled":true,"statsCollectionTime":2,"statsCollectionInterval":1,"peerConnections":["ng.getComponent($('app-videocall-pj')[0]).mediaConnection.peerConnection"],"selectedStats":["inbound-rtp","outbound-rtp","local-candidate","remote-candidate","candidate-pair","stream","peer-connection","codec","track","transport"]}}
 2023-07-31 17:07:08,732 INFO  - Creating runners
 2023-07-31 17:07:08,733 INFO  - Start creating the TestRunner id 0 in 0ms
 2023-07-31 17:07:08,734 INFO  - Start creating the TestRunner id 1 in 0ms
 2023-07-31 17:07:08,746 INFO  - unknown(no Web Driver): Creating web driver for {"app":false,"kind":"browser","logger":{"name":"org.webrtc.kite.config.client.Client","debugEnabled":true},"count":5,"clientIndex":0,"fullReset":false,"jsonConfig":{"browserName":{},"platform":{}},"capability":{"headless":false,"windowSize":"1920,1200","technologyPreview":false,"useFakeMedia":true,"flags":[],"maxInstances":5,"extraCapabilities":{},"gateway":"none"},"paas":{"specList":[],"networkProfile":{"corrupt":0,"delay":0,"cleanUpCommand":"","bandwidth":0,"packetloss":0,"name":"NONE","id":"","duplicate":0,"command":""},"availableSlots":3,"type":"local","region":"NC","url":"http://localhost:4444/wd/hub"},"name":"1","networkProfile":{"corrupt":0,"delay":0,"cleanUpCommand":"","bandwidth":0,"packetloss":0,"name":"","id":"","duplicate":0,"command":""},"exclude":false,"browserSpecs":{"extension":"","profile":"","driverString":"-Dwebdriver.chrome.driver=./chromedriver","browserName":"chrome","deviceName":"unknown","platform":"WINDOWS"},"region":"NC"}
 2023-07-31 17:07:08,746 INFO  - unknown(no Web Driver): Creating web driver for {"app":false,"kind":"browser","logger":{"name":"org.webrtc.kite.config.client.Client","debugEnabled":true},"count":5,"clientIndex":0,"fullReset":false,"jsonConfig":{"browserName":{},"platform":{}},"capability":{"headless":false,"windowSize":"1920,1200","technologyPreview":false,"useFakeMedia":true,"flags":[],"maxInstances":5,"extraCapabilities":{},"gateway":"none"},"paas":{"specList":[],"networkProfile":{"corrupt":0,"delay":0,"cleanUpCommand":"","bandwidth":0,"packetloss":0,"name":"NONE","id":"","duplicate":0,"command":""},"availableSlots":3,"type":"local","region":"NC","url":"http://localhost:4444/wd/hub"},"name":"0","networkProfile":{"corrupt":0,"delay":0,"cleanUpCommand":"","bandwidth":0,"packetloss":0,"name":"","id":"","duplicate":0,"command":""},"exclude":false,"browserSpecs":{"extension":"","profile":"","driverString":"-Dwebdriver.chrome.driver=./chromedriver","browserName":"chrome","deviceName":"unknown","platform":"WINDOWS"},"region":"NC"}
 2023-07-31 17:07:10,638 INFO  - unknown(no Web Driver):  [PASSED] Initiate webDriver for client
 2023-07-31 17:07:10,638 INFO  - unknown(no Web Driver):  [PASSED] Initiate webDriver for client
 2023-07-31 17:07:10,652 INFO  - Starting the execution of the test runners in parallel 
 2023-07-31 17:07:10,653 INFO  - Start processing the TestRunner(DEFAULT) id 1 in 0ms
 2023-07-31 17:07:10,653 INFO  - Start processing the TestRunner(DEFAULT) id 0 in 0ms
 2023-07-31 17:07:12,010 ERROR - Step broken:
   message = ***UNHANDLED EXCEPTION*** 
 This is a bug and must be fixed. The exception must be caught and thrown as KiteTestException
   trace = java.lang.RuntimeException: java.io.FileNotFoundException: .\credentials.properties (Impossibile trovare il file specificato)
	at org.webrtc.kite.telemed.steps.OpenUrlStep.step(OpenUrlStep.java:64)
	at io.cosmosoftware.kite.steps.TestStep.execute(TestStep.java:81)
	at io.cosmosoftware.kite.steps.TestStep.processTestStep(TestStep.java:329)
	at org.webrtc.kite.tests.TestRunner.call(TestRunner.java:187)
	at java.util.concurrent.FutureTask.run(FutureTask.java:266)
	at java.util.concurrent.ThreadPoolExecutor.runWorker(ThreadPoolExecutor.java:1149)
	at java.util.concurrent.ThreadPoolExecutor$Worker.run(ThreadPoolExecutor.java:624)
	at java.lang.Thread.run(Thread.java:750)
Caused by: java.io.FileNotFoundException: .\credentials.properties (Impossibile trovare il file specificato)
	at java.io.FileInputStream.open0(Native Method)
	at java.io.FileInputStream.open(FileInputStream.java:195)
	at java.io.FileInputStream.<init>(FileInputStream.java:138)
	at java.io.FileInputStream.<init>(FileInputStream.java:93)
	at org.webrtc.kite.telemed.steps.OpenUrlStep.step(OpenUrlStep.java:47)
	... 7 more

Caused by: java.io.FileNotFoundException: .\credentials.properties (Impossibile trovare il file specificato)
	at java.io.FileInputStream.open0(Native Method)
	at java.io.FileInputStream.open(FileInputStream.java:195)
	at java.io.FileInputStream.<init>(FileInputStream.java:138)
	at java.io.FileInputStream.<init>(FileInputStream.java:93)
	at org.webrtc.kite.telemed.steps.OpenUrlStep.step(OpenUrlStep.java:47)
	at io.cosmosoftware.kite.steps.TestStep.execute(TestStep.java:81)
	at io.cosmosoftware.kite.steps.TestStep.processTestStep(TestStep.java:329)
	at org.webrtc.kite.tests.TestRunner.call(TestRunner.java:187)
	at java.util.concurrent.FutureTask.run(FutureTask.java:266)
	at java.util.concurrent.ThreadPoolExecutor.runWorker(ThreadPoolExecutor.java:1149)
	at java.util.concurrent.ThreadPoolExecutor$Worker.run(ThreadPoolExecutor.java:624)
	at java.lang.Thread.run(Thread.java:750)

 2023-07-31 17:07:12,015 WARN  - ch115_WIN-a5526 - 1: [SKIPPING] Get the browser console logs.
 2023-07-31 17:07:12,016 INFO  - ch115_WIN-a5526 - 1:  [BROKEN] Open https://falgsc.eu.org/
 2023-07-31 17:07:12,016 ERROR - Step broken:
   message = ***UNHANDLED EXCEPTION*** 
 This is a bug and must be fixed. The exception must be caught and thrown as KiteTestException
   trace = java.lang.RuntimeException: java.io.FileNotFoundException: .\credentials.properties (Impossibile trovare il file specificato)
	at org.webrtc.kite.telemed.steps.OpenUrlStep.step(OpenUrlStep.java:64)
	at io.cosmosoftware.kite.steps.TestStep.execute(TestStep.java:81)
	at io.cosmosoftware.kite.steps.TestStep.processTestStep(TestStep.java:329)
	at org.webrtc.kite.tests.TestRunner.call(TestRunner.java:187)
	at java.util.concurrent.FutureTask.run(FutureTask.java:266)
	at java.util.concurrent.ThreadPoolExecutor.runWorker(ThreadPoolExecutor.java:1149)
	at java.util.concurrent.ThreadPoolExecutor$Worker.run(ThreadPoolExecutor.java:624)
	at java.lang.Thread.run(Thread.java:750)
Caused by: java.io.FileNotFoundException: .\credentials.properties (Impossibile trovare il file specificato)
	at java.io.FileInputStream.open0(Native Method)
	at java.io.FileInputStream.open(FileInputStream.java:195)
	at java.io.FileInputStream.<init>(FileInputStream.java:138)
	at java.io.FileInputStream.<init>(FileInputStream.java:93)
	at org.webrtc.kite.telemed.steps.OpenUrlStep.step(OpenUrlStep.java:47)
	... 7 more

Caused by: java.io.FileNotFoundException: .\credentials.properties (Impossibile trovare il file specificato)
	at java.io.FileInputStream.open0(Native Method)
	at java.io.FileInputStream.open(FileInputStream.java:195)
	at java.io.FileInputStream.<init>(FileInputStream.java:138)
	at java.io.FileInputStream.<init>(FileInputStream.java:93)
	at org.webrtc.kite.telemed.steps.OpenUrlStep.step(OpenUrlStep.java:47)
	at io.cosmosoftware.kite.steps.TestStep.execute(TestStep.java:81)
	at io.cosmosoftware.kite.steps.TestStep.processTestStep(TestStep.java:329)
	at org.webrtc.kite.tests.TestRunner.call(TestRunner.java:187)
	at java.util.concurrent.FutureTask.run(FutureTask.java:266)
	at java.util.concurrent.ThreadPoolExecutor.runWorker(ThreadPoolExecutor.java:1149)
	at java.util.concurrent.ThreadPoolExecutor$Worker.run(ThreadPoolExecutor.java:624)
	at java.lang.Thread.run(Thread.java:750)

 2023-07-31 17:07:12,016 WARN  - ch115_WIN-a5526 - 1: [SKIPPING] Open https://falgsc.eu.org//#/pocPJ/166
 2023-07-31 17:07:12,017 WARN  - ch115_WIN-a5526 - 1: [SKIPPING] Getting stats from ["ng.getComponent($('app-videocall-pj')[0]).mediaConnection.peerConnection"]
 2023-07-31 17:07:12,018 WARN  - ch115_WIN-33e51 - 0: [SKIPPING] Get the browser console logs.
 2023-07-31 17:07:12,019 INFO  - ch115_WIN-33e51 - 0:  [BROKEN] Open https://falgsc.eu.org/
 2023-07-31 17:07:12,019 WARN  - ch115_WIN-33e51 - 0: [SKIPPING] Open https://falgsc.eu.org//#/pocPJ/166
 2023-07-31 17:07:12,040 WARN  - ch115_WIN-33e51 - 0: [SKIPPING] Getting stats from ["ng.getComponent($('app-videocall-pj')[0]).mediaConnection.peerConnection"]
 2023-07-31 17:07:12,041 INFO  - execute(DEFAULT) completed.
 2023-07-31 17:07:12,041 INFO  - Terminating, quiting webdriver
 2023-07-31 17:07:12,041 INFO  - Closing down webDrivers
 2023-07-31 17:07:12,722 INFO  - Test FAILED
 2023-07-31 17:07:12,724 INFO  - Matrix runner at last phase, ending. 
 2023-07-31 17:07:12,733 WARN  - Adding [0, 0] to retry list..
 2023-07-31 17:07:12,737 INFO  - Reading 'C:\Users\giann\Documents\Progetti\KITE\KITE-Telemed-Test\.\configs\telemed.config.json' ...
 2023-07-31 17:07:12,738 WARN  - Done! Some test cases might need to be rerun!
 2023-07-31 17:07:12,739 INFO  - Reading 'C:\Users\giann\Documents\Progetti\KITE\KITE-Telemed-Test\.\configs\telemed.config.json' ...
 2023-07-31 17:07:12,743 INFO  - shutdownExecutors() done.
 2023-07-31 17:07:31,134 INFO  - Reading 'C:\Users\giann\Documents\Progetti\KITE\KITE-Telemed-Test\.\configs\telemed.config.json' ...
 2023-07-31 17:07:31,320 INFO  - new RoomManager(2 max per room) for https://falgsc.eu.org/
 2023-07-31 17:07:31,320 INFO  - Please make sure that you have enough room for all users.
 2023-07-31 17:07:31,321 INFO  - getRoomUrl(random) function, with random value = true/false, will give you the base url with or without a randomized ID.
 2023-07-31 17:07:31,321 INFO  - Finished reading the configuration file
 2023-07-31 17:07:31,322 INFO  - Creating report folder if not exist at :C:\Users\giann\Documents\Progetti\KITE\KITE-Telemed-Test/kite-allure-reports/
 2023-07-31 17:07:31,326 INFO  - Running {"type":"interop","name":"Telemed Test %ts","testImpl":"org.webrtc.kite.telemed.KiteTelemedTest","description":"Telemed test description","tupleSize":2,"noOfThreads":1,"maxRetryCount":0,"delayForClosing":0,"permute":true} ...
 2023-07-31 17:07:31,329 INFO  - Executing {"type":"interop","name":"Telemed Test %ts","testImpl":"org.webrtc.kite.telemed.KiteTelemedTest","description":"Telemed test description","tupleSize":2,"noOfThreads":1,"maxRetryCount":0,"delayForClosing":0,"permute":true} for 1 browser tuples with size :2
 2023-07-31 17:07:31,332 INFO  - current phase in test manager has been set to DEFAULT
 2023-07-31 17:07:31,335 INFO  - 
           |--------------------------------------------------
           | Number of registered tests: 0
           | Elapsed time: 0m0s (avg:0m0s)
           | Running test case with ID: 0/1
           | ETA (for Telemed Test %ts): Estimating..
           |--------------------------------------------------
 2023-07-31 17:07:31,336 INFO  - execute(DEFAULT) for the test case: WIN_ch-WIN_ch (2023-07-31-170731)
 2023-07-31 17:07:31,338 INFO  - Not load test, init report for test
 2023-07-31 17:07:31,339 INFO  - Finished filling out initial report for phase 
 2023-07-31 17:07:31,339 INFO  - payload handling
 2023-07-31 17:07:31,340 INFO  - the payload is {"url":"https://falgsc.eu.org/","usersPerRoom":2,"getStats":{"enabled":true,"statsCollectionTime":2,"statsCollectionInterval":1,"peerConnections":["ng.getComponent($('app-videocall-pj')[0]).mediaConnection.peerConnection"],"selectedStats":["inbound-rtp","outbound-rtp","local-candidate","remote-candidate","candidate-pair","stream","peer-connection","codec","track","transport"]}}
 2023-07-31 17:07:31,341 INFO  - Creating runners
 2023-07-31 17:07:31,342 INFO  - Start creating the TestRunner id 1 in 0ms
 2023-07-31 17:07:31,342 INFO  - Start creating the TestRunner id 0 in 0ms
 2023-07-31 17:07:31,352 INFO  - unknown(no Web Driver): Creating web driver for {"app":false,"kind":"browser","logger":{"name":"org.webrtc.kite.config.client.Client","debugEnabled":true},"count":5,"clientIndex":0,"fullReset":false,"jsonConfig":{"browserName":{},"platform":{}},"capability":{"headless":false,"windowSize":"1920,1200","technologyPreview":false,"useFakeMedia":true,"flags":[],"extraCapabilities":{},"maxInstances":5,"gateway":"none"},"paas":{"specList":[],"networkProfile":{"delay":0,"corrupt":0,"cleanUpCommand":"","bandwidth":0,"packetloss":0,"name":"NONE","id":"","duplicate":0,"command":""},"availableSlots":3,"type":"local","region":"NC","url":"http://localhost:4444/wd/hub"},"name":"1","networkProfile":{"delay":0,"corrupt":0,"cleanUpCommand":"","bandwidth":0,"packetloss":0,"name":"","id":"","duplicate":0,"command":""},"exclude":false,"browserSpecs":{"extension":"","driverString":"-Dwebdriver.chrome.driver=./chromedriver","profile":"","browserName":"chrome","deviceName":"unknown","platform":"WINDOWS"},"region":"NC"}
 2023-07-31 17:07:31,352 INFO  - unknown(no Web Driver): Creating web driver for {"app":false,"kind":"browser","logger":{"name":"org.webrtc.kite.config.client.Client","debugEnabled":true},"count":5,"clientIndex":0,"fullReset":false,"jsonConfig":{"browserName":{},"platform":{}},"capability":{"headless":false,"windowSize":"1920,1200","technologyPreview":false,"useFakeMedia":true,"flags":[],"extraCapabilities":{},"maxInstances":5,"gateway":"none"},"paas":{"specList":[],"networkProfile":{"delay":0,"corrupt":0,"cleanUpCommand":"","bandwidth":0,"packetloss":0,"name":"NONE","id":"","duplicate":0,"command":""},"availableSlots":3,"type":"local","region":"NC","url":"http://localhost:4444/wd/hub"},"name":"0","networkProfile":{"delay":0,"corrupt":0,"cleanUpCommand":"","bandwidth":0,"packetloss":0,"name":"","id":"","duplicate":0,"command":""},"exclude":false,"browserSpecs":{"extension":"","driverString":"-Dwebdriver.chrome.driver=./chromedriver","profile":"","browserName":"chrome","deviceName":"unknown","platform":"WINDOWS"},"region":"NC"}
 2023-07-31 17:07:48,701 INFO  - Reading 'C:\Users\giann\Documents\Progetti\KITE\KITE-Telemed-Test\.\configs\telemed.config.json' ...
 2023-07-31 17:07:48,886 INFO  - new RoomManager(2 max per room) for https://falgsc.eu.org/
 2023-07-31 17:07:48,886 INFO  - Please make sure that you have enough room for all users.
 2023-07-31 17:07:48,887 INFO  - getRoomUrl(random) function, with random value = true/false, will give you the base url with or without a randomized ID.
 2023-07-31 17:07:48,887 INFO  - Finished reading the configuration file
 2023-07-31 17:07:48,887 INFO  - Creating report folder if not exist at :C:\Users\giann\Documents\Progetti\KITE\KITE-Telemed-Test/kite-allure-reports/
 2023-07-31 17:07:48,890 INFO  - Running {"type":"interop","name":"Telemed Test %ts","testImpl":"org.webrtc.kite.telemed.KiteTelemedTest","description":"Telemed test description","tupleSize":2,"noOfThreads":1,"maxRetryCount":0,"delayForClosing":0,"permute":true} ...
 2023-07-31 17:07:48,894 INFO  - Executing {"type":"interop","name":"Telemed Test %ts","testImpl":"org.webrtc.kite.telemed.KiteTelemedTest","description":"Telemed test description","tupleSize":2,"noOfThreads":1,"maxRetryCount":0,"delayForClosing":0,"permute":true} for 1 browser tuples with size :2
 2023-07-31 17:07:48,898 INFO  - current phase in test manager has been set to DEFAULT
 2023-07-31 17:07:48,903 INFO  - 
           |--------------------------------------------------
           | Number of registered tests: 0
           | Elapsed time: 0m0s (avg:0m0s)
           | Running test case with ID: 0/1
           | ETA (for Telemed Test %ts): Estimating..
           |--------------------------------------------------
 2023-07-31 17:07:48,905 INFO  - execute(DEFAULT) for the test case: WIN_ch-WIN_ch (2023-07-31-170748)
 2023-07-31 17:07:48,907 INFO  - Not load test, init report for test
 2023-07-31 17:07:48,907 INFO  - Finished filling out initial report for phase 
 2023-07-31 17:07:48,908 INFO  - payload handling
 2023-07-31 17:07:48,909 INFO  - the payload is {"url":"https://falgsc.eu.org/","usersPerRoom":2,"getStats":{"enabled":true,"statsCollectionTime":2,"statsCollectionInterval":1,"peerConnections":["ng.getComponent($('app-videocall-pj')[0]).mediaConnection.peerConnection"],"selectedStats":["inbound-rtp","outbound-rtp","local-candidate","remote-candidate","candidate-pair","stream","peer-connection","codec","track","transport"]}}
 2023-07-31 17:07:48,910 INFO  - Creating runners
 2023-07-31 17:07:48,912 INFO  - Start creating the TestRunner id 0 in 0ms
 2023-07-31 17:07:48,912 INFO  - Start creating the TestRunner id 1 in 0ms
 2023-07-31 17:07:48,921 INFO  - unknown(no Web Driver): Creating web driver for {"app":false,"kind":"browser","logger":{"name":"org.webrtc.kite.config.client.Client","debugEnabled":true},"count":5,"clientIndex":0,"fullReset":false,"jsonConfig":{"browserName":{},"platform":{}},"capability":{"headless":false,"windowSize":"1920,1200","technologyPreview":false,"useFakeMedia":true,"flags":[],"maxInstances":5,"extraCapabilities":{},"gateway":"none"},"paas":{"specList":[],"networkProfile":{"corrupt":0,"delay":0,"cleanUpCommand":"","bandwidth":0,"packetloss":0,"name":"NONE","duplicate":0,"id":"","command":""},"availableSlots":3,"region":"NC","type":"local","url":"http://localhost:4444/wd/hub"},"name":"0","networkProfile":{"corrupt":0,"delay":0,"cleanUpCommand":"","bandwidth":0,"packetloss":0,"name":"","duplicate":0,"id":"","command":""},"exclude":false,"browserSpecs":{"extension":"","driverString":"-Dwebdriver.chrome.driver=./chromedriver","profile":"","browserName":"chrome","deviceName":"unknown","platform":"WINDOWS"},"region":"NC"}
 2023-07-31 17:07:48,921 INFO  - unknown(no Web Driver): Creating web driver for {"app":false,"kind":"browser","logger":{"name":"org.webrtc.kite.config.client.Client","debugEnabled":true},"count":5,"clientIndex":0,"fullReset":false,"jsonConfig":{"browserName":{},"platform":{}},"capability":{"headless":false,"windowSize":"1920,1200","technologyPreview":false,"useFakeMedia":true,"flags":[],"maxInstances":5,"extraCapabilities":{},"gateway":"none"},"paas":{"specList":[],"networkProfile":{"corrupt":0,"delay":0,"cleanUpCommand":"","bandwidth":0,"packetloss":0,"name":"NONE","duplicate":0,"id":"","command":""},"availableSlots":3,"region":"NC","type":"local","url":"http://localhost:4444/wd/hub"},"name":"1","networkProfile":{"corrupt":0,"delay":0,"cleanUpCommand":"","bandwidth":0,"packetloss":0,"name":"","duplicate":0,"id":"","command":""},"exclude":false,"browserSpecs":{"extension":"","driverString":"-Dwebdriver.chrome.driver=./chromedriver","profile":"","browserName":"chrome","deviceName":"unknown","platform":"WINDOWS"},"region":"NC"}
 2023-07-31 17:07:50,851 INFO  - unknown(no Web Driver):  [PASSED] Initiate webDriver for client
 2023-07-31 17:07:50,851 INFO  - unknown(no Web Driver):  [PASSED] Initiate webDriver for client
 2023-07-31 17:07:50,867 INFO  - Starting the execution of the test runners in parallel 
 2023-07-31 17:07:50,867 INFO  - Start processing the TestRunner(DEFAULT) id 1 in 0ms
 2023-07-31 17:07:50,867 INFO  - Start processing the TestRunner(DEFAULT) id 0 in 0ms
 2023-07-31 17:07:52,057 ERROR - Step broken:
   message = ***UNHANDLED EXCEPTION*** 
 This is a bug and must be fixed. The exception must be caught and thrown as KiteTestException
   trace = java.lang.RuntimeException: java.io.FileNotFoundException: credentials.properties (Impossibile trovare il file specificato)
	at org.webrtc.kite.telemed.steps.OpenUrlStep.step(OpenUrlStep.java:64)
	at io.cosmosoftware.kite.steps.TestStep.execute(TestStep.java:81)
	at io.cosmosoftware.kite.steps.TestStep.processTestStep(TestStep.java:329)
	at org.webrtc.kite.tests.TestRunner.call(TestRunner.java:187)
	at java.util.concurrent.FutureTask.run(FutureTask.java:266)
	at java.util.concurrent.ThreadPoolExecutor.runWorker(ThreadPoolExecutor.java:1149)
	at java.util.concurrent.ThreadPoolExecutor$Worker.run(ThreadPoolExecutor.java:624)
	at java.lang.Thread.run(Thread.java:750)
Caused by: java.io.FileNotFoundException: credentials.properties (Impossibile trovare il file specificato)
	at java.io.FileInputStream.open0(Native Method)
	at java.io.FileInputStream.open(FileInputStream.java:195)
	at java.io.FileInputStream.<init>(FileInputStream.java:138)
	at java.io.FileInputStream.<init>(FileInputStream.java:93)
	at org.webrtc.kite.telemed.steps.OpenUrlStep.step(OpenUrlStep.java:47)
	... 7 more

Caused by: java.io.FileNotFoundException: credentials.properties (Impossibile trovare il file specificato)
	at java.io.FileInputStream.open0(Native Method)
	at java.io.FileInputStream.open(FileInputStream.java:195)
	at java.io.FileInputStream.<init>(FileInputStream.java:138)
	at java.io.FileInputStream.<init>(FileInputStream.java:93)
	at org.webrtc.kite.telemed.steps.OpenUrlStep.step(OpenUrlStep.java:47)
	at io.cosmosoftware.kite.steps.TestStep.execute(TestStep.java:81)
	at io.cosmosoftware.kite.steps.TestStep.processTestStep(TestStep.java:329)
	at org.webrtc.kite.tests.TestRunner.call(TestRunner.java:187)
	at java.util.concurrent.FutureTask.run(FutureTask.java:266)
	at java.util.concurrent.ThreadPoolExecutor.runWorker(ThreadPoolExecutor.java:1149)
	at java.util.concurrent.ThreadPoolExecutor$Worker.run(ThreadPoolExecutor.java:624)
	at java.lang.Thread.run(Thread.java:750)

 2023-07-31 17:07:52,065 WARN  - ch115_WIN-58017 - 1: [SKIPPING] Get the browser console logs.
 2023-07-31 17:07:52,065 INFO  - ch115_WIN-58017 - 1:  [BROKEN] Open https://falgsc.eu.org/
 2023-07-31 17:07:52,065 WARN  - ch115_WIN-58017 - 1: [SKIPPING] Open https://falgsc.eu.org//#/pocPJ/166
 2023-07-31 17:07:52,066 WARN  - ch115_WIN-58017 - 1: [SKIPPING] Getting stats from ["ng.getComponent($('app-videocall-pj')[0]).mediaConnection.peerConnection"]
 2023-07-31 17:07:55,380 ERROR - Step broken:
   message = ***UNHANDLED EXCEPTION*** 
 This is a bug and must be fixed. The exception must be caught and thrown as KiteTestException
   trace = java.lang.RuntimeException: java.io.FileNotFoundException: credentials.properties (Impossibile trovare il file specificato)
	at org.webrtc.kite.telemed.steps.OpenUrlStep.step(OpenUrlStep.java:64)
	at io.cosmosoftware.kite.steps.TestStep.execute(TestStep.java:81)
	at io.cosmosoftware.kite.steps.TestStep.processTestStep(TestStep.java:329)
	at org.webrtc.kite.tests.TestRunner.call(TestRunner.java:187)
	at java.util.concurrent.FutureTask.run(FutureTask.java:266)
	at java.util.concurrent.ThreadPoolExecutor.runWorker(ThreadPoolExecutor.java:1149)
	at java.util.concurrent.ThreadPoolExecutor$Worker.run(ThreadPoolExecutor.java:624)
	at java.lang.Thread.run(Thread.java:750)
Caused by: java.io.FileNotFoundException: credentials.properties (Impossibile trovare il file specificato)
	at java.io.FileInputStream.open0(Native Method)
	at java.io.FileInputStream.open(FileInputStream.java:195)
	at java.io.FileInputStream.<init>(FileInputStream.java:138)
	at java.io.FileInputStream.<init>(FileInputStream.java:93)
	at org.webrtc.kite.telemed.steps.OpenUrlStep.step(OpenUrlStep.java:47)
	... 7 more

Caused by: java.io.FileNotFoundException: credentials.properties (Impossibile trovare il file specificato)
	at java.io.FileInputStream.open0(Native Method)
	at java.io.FileInputStream.open(FileInputStream.java:195)
	at java.io.FileInputStream.<init>(FileInputStream.java:138)
	at java.io.FileInputStream.<init>(FileInputStream.java:93)
	at org.webrtc.kite.telemed.steps.OpenUrlStep.step(OpenUrlStep.java:47)
	at io.cosmosoftware.kite.steps.TestStep.execute(TestStep.java:81)
	at io.cosmosoftware.kite.steps.TestStep.processTestStep(TestStep.java:329)
	at org.webrtc.kite.tests.TestRunner.call(TestRunner.java:187)
	at java.util.concurrent.FutureTask.run(FutureTask.java:266)
	at java.util.concurrent.ThreadPoolExecutor.runWorker(ThreadPoolExecutor.java:1149)
	at java.util.concurrent.ThreadPoolExecutor$Worker.run(ThreadPoolExecutor.java:624)
	at java.lang.Thread.run(Thread.java:750)

 2023-07-31 17:07:55,385 WARN  - ch115_WIN-f0747 - 0: [SKIPPING] Get the browser console logs.
 2023-07-31 17:07:55,385 INFO  - ch115_WIN-f0747 - 0:  [BROKEN] Open https://falgsc.eu.org/
 2023-07-31 17:07:55,386 WARN  - ch115_WIN-f0747 - 0: [SKIPPING] Open https://falgsc.eu.org//#/pocPJ/166
 2023-07-31 17:07:55,387 WARN  - ch115_WIN-f0747 - 0: [SKIPPING] Getting stats from ["ng.getComponent($('app-videocall-pj')[0]).mediaConnection.peerConnection"]
 2023-07-31 17:07:55,388 INFO  - execute(DEFAULT) completed.
 2023-07-31 17:07:55,389 INFO  - Terminating, quiting webdriver
 2023-07-31 17:07:55,389 INFO  - Closing down webDrivers
 2023-07-31 17:07:56,110 INFO  - Test FAILED
 2023-07-31 17:07:56,110 INFO  - Matrix runner at last phase, ending. 
 2023-07-31 17:07:56,122 WARN  - Adding [0, 0] to retry list..
 2023-07-31 17:07:56,126 INFO  - Reading 'C:\Users\giann\Documents\Progetti\KITE\KITE-Telemed-Test\.\configs\telemed.config.json' ...
 2023-07-31 17:07:56,130 WARN  - Done! Some test cases might need to be rerun!
 2023-07-31 17:07:56,131 INFO  - Reading 'C:\Users\giann\Documents\Progetti\KITE\KITE-Telemed-Test\.\configs\telemed.config.json' ...
 2023-07-31 17:07:56,133 INFO  - shutdownExecutors() done.
 2023-07-31 17:08:49,671 INFO  - Reading 'C:\Users\giann\Documents\Progetti\KITE\KITE-Telemed-Test\.\configs\telemed.config.json' ...
 2023-07-31 17:08:49,876 INFO  - new RoomManager(2 max per room) for https://falgsc.eu.org/
 2023-07-31 17:08:49,876 INFO  - Please make sure that you have enough room for all users.
 2023-07-31 17:08:49,876 INFO  - getRoomUrl(random) function, with random value = true/false, will give you the base url with or without a randomized ID.
 2023-07-31 17:08:49,876 INFO  - Finished reading the configuration file
 2023-07-31 17:08:49,876 INFO  - Creating report folder if not exist at :C:\Users\giann\Documents\Progetti\KITE\KITE-Telemed-Test/kite-allure-reports/
 2023-07-31 17:08:49,881 INFO  - Running {"type":"interop","name":"Telemed Test %ts","testImpl":"org.webrtc.kite.telemed.KiteTelemedTest","description":"Telemed test description","tupleSize":2,"noOfThreads":1,"maxRetryCount":0,"delayForClosing":0,"permute":true} ...
 2023-07-31 17:08:49,887 INFO  - Executing {"type":"interop","name":"Telemed Test %ts","testImpl":"org.webrtc.kite.telemed.KiteTelemedTest","description":"Telemed test description","tupleSize":2,"noOfThreads":1,"maxRetryCount":0,"delayForClosing":0,"permute":true} for 1 browser tuples with size :2
 2023-07-31 17:08:49,887 INFO  - current phase in test manager has been set to DEFAULT
 2023-07-31 17:08:49,896 INFO  - 
           |--------------------------------------------------
           | Number of registered tests: 0
           | Elapsed time: 0m0s (avg:0m0s)
           | Running test case with ID: 0/1
           | ETA (for Telemed Test %ts): Estimating..
           |--------------------------------------------------
 2023-07-31 17:08:49,896 INFO  - execute(DEFAULT) for the test case: WIN_ch-WIN_ch (2023-07-31-170849)
 2023-07-31 17:08:49,899 INFO  - Not load test, init report for test
 2023-07-31 17:08:49,899 INFO  - Finished filling out initial report for phase 
 2023-07-31 17:08:49,899 INFO  - payload handling
 2023-07-31 17:08:49,899 INFO  - the payload is {"url":"https://falgsc.eu.org/","usersPerRoom":2,"getStats":{"enabled":true,"statsCollectionTime":2,"statsCollectionInterval":1,"peerConnections":["ng.getComponent($('app-videocall-pj')[0]).mediaConnection.peerConnection"],"selectedStats":["inbound-rtp","outbound-rtp","local-candidate","remote-candidate","candidate-pair","stream","peer-connection","codec","track","transport"]}}
 2023-07-31 17:08:49,899 INFO  - Creating runners
 2023-07-31 17:08:49,899 INFO  - Start creating the TestRunner id 0 in 0ms
 2023-07-31 17:08:49,899 INFO  - Start creating the TestRunner id 1 in 0ms
 2023-07-31 17:08:49,911 INFO  - unknown(no Web Driver): Creating web driver for {"app":false,"kind":"browser","logger":{"name":"org.webrtc.kite.config.client.Client","debugEnabled":true},"count":5,"clientIndex":0,"fullReset":false,"jsonConfig":{"browserName":{},"platform":{}},"capability":{"headless":false,"windowSize":"1920,1200","technologyPreview":false,"useFakeMedia":true,"flags":[],"maxInstances":5,"extraCapabilities":{},"gateway":"none"},"paas":{"specList":[],"networkProfile":{"delay":0,"corrupt":0,"cleanUpCommand":"","bandwidth":0,"packetloss":0,"name":"NONE","id":"","duplicate":0,"command":""},"availableSlots":3,"type":"local","region":"NC","url":"http://localhost:4444/wd/hub"},"name":"0","networkProfile":{"delay":0,"corrupt":0,"cleanUpCommand":"","bandwidth":0,"packetloss":0,"name":"","id":"","duplicate":0,"command":""},"exclude":false,"browserSpecs":{"extension":"","profile":"","driverString":"-Dwebdriver.chrome.driver=./chromedriver","browserName":"chrome","deviceName":"unknown","platform":"WINDOWS"},"region":"NC"}
 2023-07-31 17:08:49,911 INFO  - unknown(no Web Driver): Creating web driver for {"app":false,"kind":"browser","logger":{"name":"org.webrtc.kite.config.client.Client","debugEnabled":true},"count":5,"clientIndex":0,"fullReset":false,"jsonConfig":{"browserName":{},"platform":{}},"capability":{"headless":false,"windowSize":"1920,1200","technologyPreview":false,"useFakeMedia":true,"flags":[],"maxInstances":5,"extraCapabilities":{},"gateway":"none"},"paas":{"specList":[],"networkProfile":{"delay":0,"corrupt":0,"cleanUpCommand":"","bandwidth":0,"packetloss":0,"name":"NONE","id":"","duplicate":0,"command":""},"availableSlots":3,"type":"local","region":"NC","url":"http://localhost:4444/wd/hub"},"name":"1","networkProfile":{"delay":0,"corrupt":0,"cleanUpCommand":"","bandwidth":0,"packetloss":0,"name":"","id":"","duplicate":0,"command":""},"exclude":false,"browserSpecs":{"extension":"","profile":"","driverString":"-Dwebdriver.chrome.driver=./chromedriver","browserName":"chrome","deviceName":"unknown","platform":"WINDOWS"},"region":"NC"}
 2023-07-31 17:08:52,162 INFO  - unknown(no Web Driver):  [PASSED] Initiate webDriver for client
 2023-07-31 17:08:52,162 INFO  - unknown(no Web Driver):  [PASSED] Initiate webDriver for client
 2023-07-31 17:08:52,177 INFO  - Starting the execution of the test runners in parallel 
 2023-07-31 17:08:52,179 INFO  - Start processing the TestRunner(DEFAULT) id 1 in 0ms
 2023-07-31 17:08:52,179 INFO  - Start processing the TestRunner(DEFAULT) id 0 in 0ms
 2023-07-31 17:08:53,199 ERROR - Step broken:
   message = ***UNHANDLED EXCEPTION*** 
 This is a bug and must be fixed. The exception must be caught and thrown as KiteTestException
   trace = java.lang.NullPointerException
	at java.util.Properties$LineReader.readLine(Properties.java:434)
	at java.util.Properties.load0(Properties.java:353)
	at java.util.Properties.load(Properties.java:341)
	at org.webrtc.kite.telemed.steps.OpenUrlStep.step(OpenUrlStep.java:47)
	at io.cosmosoftware.kite.steps.TestStep.execute(TestStep.java:81)
	at io.cosmosoftware.kite.steps.TestStep.processTestStep(TestStep.java:329)
	at org.webrtc.kite.tests.TestRunner.call(TestRunner.java:187)
	at java.util.concurrent.FutureTask.run(FutureTask.java:266)
	at java.util.concurrent.ThreadPoolExecutor.runWorker(ThreadPoolExecutor.java:1149)
	at java.util.concurrent.ThreadPoolExecutor$Worker.run(ThreadPoolExecutor.java:624)
	at java.lang.Thread.run(Thread.java:750)

 2023-07-31 17:08:53,203 WARN  - ch115_WIN-624ef - 0: [SKIPPING] Get the browser console logs.
 2023-07-31 17:08:53,203 INFO  - ch115_WIN-624ef - 0:  [BROKEN] Open https://falgsc.eu.org/
 2023-07-31 17:08:53,203 WARN  - ch115_WIN-624ef - 0: [SKIPPING] Open https://falgsc.eu.org//#/pocPJ/166
 2023-07-31 17:08:53,204 WARN  - ch115_WIN-624ef - 0: [SKIPPING] Getting stats from ["ng.getComponent($('app-videocall-pj')[0]).mediaConnection.peerConnection"]
 2023-07-31 17:08:53,671 ERROR - Step broken:
   message = ***UNHANDLED EXCEPTION*** 
 This is a bug and must be fixed. The exception must be caught and thrown as KiteTestException
   trace = java.lang.NullPointerException
	at java.util.Properties$LineReader.readLine(Properties.java:434)
	at java.util.Properties.load0(Properties.java:353)
	at java.util.Properties.load(Properties.java:341)
	at org.webrtc.kite.telemed.steps.OpenUrlStep.step(OpenUrlStep.java:47)
	at io.cosmosoftware.kite.steps.TestStep.execute(TestStep.java:81)
	at io.cosmosoftware.kite.steps.TestStep.processTestStep(TestStep.java:329)
	at org.webrtc.kite.tests.TestRunner.call(TestRunner.java:187)
	at java.util.concurrent.FutureTask.run(FutureTask.java:266)
	at java.util.concurrent.ThreadPoolExecutor.runWorker(ThreadPoolExecutor.java:1149)
	at java.util.concurrent.ThreadPoolExecutor$Worker.run(ThreadPoolExecutor.java:624)
	at java.lang.Thread.run(Thread.java:750)

 2023-07-31 17:08:53,675 WARN  - ch115_WIN-a7375 - 1: [SKIPPING] Get the browser console logs.
 2023-07-31 17:08:53,676 INFO  - ch115_WIN-a7375 - 1:  [BROKEN] Open https://falgsc.eu.org/
 2023-07-31 17:08:53,676 WARN  - ch115_WIN-a7375 - 1: [SKIPPING] Open https://falgsc.eu.org//#/pocPJ/166
 2023-07-31 17:08:53,677 WARN  - ch115_WIN-a7375 - 1: [SKIPPING] Getting stats from ["ng.getComponent($('app-videocall-pj')[0]).mediaConnection.peerConnection"]
 2023-07-31 17:08:53,677 INFO  - execute(DEFAULT) completed.
 2023-07-31 17:08:53,677 INFO  - Terminating, quiting webdriver
 2023-07-31 17:08:53,677 INFO  - Closing down webDrivers
 2023-07-31 17:08:54,389 INFO  - Test FAILED
 2023-07-31 17:08:54,389 INFO  - Matrix runner at last phase, ending. 
 2023-07-31 17:08:54,402 WARN  - Adding [0, 0] to retry list..
 2023-07-31 17:08:54,405 INFO  - Reading 'C:\Users\giann\Documents\Progetti\KITE\KITE-Telemed-Test\.\configs\telemed.config.json' ...
 2023-07-31 17:08:54,410 WARN  - Done! Some test cases might need to be rerun!
 2023-07-31 17:08:54,411 INFO  - Reading 'C:\Users\giann\Documents\Progetti\KITE\KITE-Telemed-Test\.\configs\telemed.config.json' ...
 2023-07-31 17:08:54,414 INFO  - shutdownExecutors() done.
 2023-07-31 17:09:03,151 INFO  - Reading 'C:\Users\giann\Documents\Progetti\KITE\KITE-Telemed-Test\.\configs\telemed.config.json' ...
 2023-07-31 17:09:03,355 INFO  - new RoomManager(2 max per room) for https://falgsc.eu.org/
 2023-07-31 17:09:03,355 INFO  - Please make sure that you have enough room for all users.
 2023-07-31 17:09:03,355 INFO  - getRoomUrl(random) function, with random value = true/false, will give you the base url with or without a randomized ID.
 2023-07-31 17:09:03,357 INFO  - Finished reading the configuration file
 2023-07-31 17:09:03,357 INFO  - Creating report folder if not exist at :C:\Users\giann\Documents\Progetti\KITE\KITE-Telemed-Test/kite-allure-reports/
 2023-07-31 17:09:03,362 INFO  - Running {"type":"interop","name":"Telemed Test %ts","testImpl":"org.webrtc.kite.telemed.KiteTelemedTest","description":"Telemed test description","tupleSize":2,"noOfThreads":1,"maxRetryCount":0,"delayForClosing":0,"permute":true} ...
 2023-07-31 17:09:03,366 INFO  - Executing {"type":"interop","name":"Telemed Test %ts","testImpl":"org.webrtc.kite.telemed.KiteTelemedTest","description":"Telemed test description","tupleSize":2,"noOfThreads":1,"maxRetryCount":0,"delayForClosing":0,"permute":true} for 1 browser tuples with size :2
 2023-07-31 17:09:03,369 INFO  - current phase in test manager has been set to DEFAULT
 2023-07-31 17:09:03,373 INFO  - 
           |--------------------------------------------------
           | Number of registered tests: 0
           | Elapsed time: 0m0s (avg:0m0s)
           | Running test case with ID: 0/1
           | ETA (for Telemed Test %ts): Estimating..
           |--------------------------------------------------
 2023-07-31 17:09:03,375 INFO  - execute(DEFAULT) for the test case: WIN_ch-WIN_ch (2023-07-31-170903)
 2023-07-31 17:09:03,377 INFO  - Not load test, init report for test
 2023-07-31 17:09:03,378 INFO  - Finished filling out initial report for phase 
 2023-07-31 17:09:03,378 INFO  - payload handling
 2023-07-31 17:09:03,378 INFO  - the payload is {"url":"https://falgsc.eu.org/","usersPerRoom":2,"getStats":{"enabled":true,"statsCollectionTime":2,"statsCollectionInterval":1,"peerConnections":["ng.getComponent($('app-videocall-pj')[0]).mediaConnection.peerConnection"],"selectedStats":["inbound-rtp","outbound-rtp","local-candidate","remote-candidate","candidate-pair","stream","peer-connection","codec","track","transport"]}}
 2023-07-31 17:09:03,381 INFO  - Creating runners
 2023-07-31 17:09:03,382 INFO  - Start creating the TestRunner id 1 in 0ms
 2023-07-31 17:09:03,382 INFO  - Start creating the TestRunner id 0 in 0ms
 2023-07-31 17:09:03,400 INFO  - unknown(no Web Driver): Creating web driver for {"app":false,"kind":"browser","logger":{"name":"org.webrtc.kite.config.client.Client","debugEnabled":true},"count":5,"clientIndex":0,"fullReset":false,"jsonConfig":{"browserName":{},"platform":{}},"capability":{"headless":false,"windowSize":"1920,1200","technologyPreview":false,"useFakeMedia":true,"flags":[],"maxInstances":5,"extraCapabilities":{},"gateway":"none"},"paas":{"specList":[],"networkProfile":{"corrupt":0,"delay":0,"cleanUpCommand":"","bandwidth":0,"packetloss":0,"name":"NONE","id":"","duplicate":0,"command":""},"availableSlots":3,"type":"local","region":"NC","url":"http://localhost:4444/wd/hub"},"name":"0","networkProfile":{"corrupt":0,"delay":0,"cleanUpCommand":"","bandwidth":0,"packetloss":0,"name":"","id":"","duplicate":0,"command":""},"exclude":false,"browserSpecs":{"extension":"","driverString":"-Dwebdriver.chrome.driver=./chromedriver","profile":"","browserName":"chrome","deviceName":"unknown","platform":"WINDOWS"},"region":"NC"}
 2023-07-31 17:09:03,400 INFO  - unknown(no Web Driver): Creating web driver for {"app":false,"kind":"browser","logger":{"name":"org.webrtc.kite.config.client.Client","debugEnabled":true},"count":5,"clientIndex":0,"fullReset":false,"jsonConfig":{"browserName":{},"platform":{}},"capability":{"headless":false,"windowSize":"1920,1200","technologyPreview":false,"useFakeMedia":true,"flags":[],"maxInstances":5,"extraCapabilities":{},"gateway":"none"},"paas":{"specList":[],"networkProfile":{"corrupt":0,"delay":0,"cleanUpCommand":"","bandwidth":0,"packetloss":0,"name":"NONE","id":"","duplicate":0,"command":""},"availableSlots":3,"type":"local","region":"NC","url":"http://localhost:4444/wd/hub"},"name":"1","networkProfile":{"corrupt":0,"delay":0,"cleanUpCommand":"","bandwidth":0,"packetloss":0,"name":"","id":"","duplicate":0,"command":""},"exclude":false,"browserSpecs":{"extension":"","driverString":"-Dwebdriver.chrome.driver=./chromedriver","profile":"","browserName":"chrome","deviceName":"unknown","platform":"WINDOWS"},"region":"NC"}
 2023-07-31 17:09:17,796 INFO  - Reading 'C:\Users\giann\Documents\Progetti\KITE\KITE-Telemed-Test\.\configs\telemed.config.json' ...
 2023-07-31 17:09:18,008 INFO  - new RoomManager(2 max per room) for https://falgsc.eu.org/
 2023-07-31 17:09:18,009 INFO  - Please make sure that you have enough room for all users.
 2023-07-31 17:09:18,009 INFO  - getRoomUrl(random) function, with random value = true/false, will give you the base url with or without a randomized ID.
 2023-07-31 17:09:18,010 INFO  - Finished reading the configuration file
 2023-07-31 17:09:18,010 INFO  - Creating report folder if not exist at :C:\Users\giann\Documents\Progetti\KITE\KITE-Telemed-Test/kite-allure-reports/
 2023-07-31 17:09:18,013 INFO  - Running {"type":"interop","name":"Telemed Test %ts","testImpl":"org.webrtc.kite.telemed.KiteTelemedTest","description":"Telemed test description","tupleSize":2,"noOfThreads":1,"maxRetryCount":0,"delayForClosing":0,"permute":true} ...
 2023-07-31 17:09:18,018 INFO  - Executing {"type":"interop","name":"Telemed Test %ts","testImpl":"org.webrtc.kite.telemed.KiteTelemedTest","description":"Telemed test description","tupleSize":2,"noOfThreads":1,"maxRetryCount":0,"delayForClosing":0,"permute":true} for 1 browser tuples with size :2
 2023-07-31 17:09:18,023 INFO  - current phase in test manager has been set to DEFAULT
 2023-07-31 17:09:18,026 INFO  - 
           |--------------------------------------------------
           | Number of registered tests: 0
           | Elapsed time: 0m0s (avg:0m0s)
           | Running test case with ID: 0/1
           | ETA (for Telemed Test %ts): Estimating..
           |--------------------------------------------------
 2023-07-31 17:09:18,028 INFO  - execute(DEFAULT) for the test case: WIN_ch-WIN_ch (2023-07-31-170918)
 2023-07-31 17:09:18,030 INFO  - Not load test, init report for test
 2023-07-31 17:09:18,031 INFO  - Finished filling out initial report for phase 
 2023-07-31 17:09:18,031 INFO  - payload handling
 2023-07-31 17:09:18,032 INFO  - the payload is {"url":"https://falgsc.eu.org/","usersPerRoom":2,"getStats":{"enabled":true,"statsCollectionTime":2,"statsCollectionInterval":1,"peerConnections":["ng.getComponent($('app-videocall-pj')[0]).mediaConnection.peerConnection"],"selectedStats":["inbound-rtp","outbound-rtp","local-candidate","remote-candidate","candidate-pair","stream","peer-connection","codec","track","transport"]}}
 2023-07-31 17:09:18,034 INFO  - Creating runners
 2023-07-31 17:09:18,035 INFO  - Start creating the TestRunner id 1 in 0ms
 2023-07-31 17:09:18,035 INFO  - Start creating the TestRunner id 0 in 0ms
 2023-07-31 17:09:18,049 INFO  - unknown(no Web Driver): Creating web driver for {"app":false,"kind":"browser","logger":{"name":"org.webrtc.kite.config.client.Client","debugEnabled":true},"count":5,"clientIndex":0,"fullReset":false,"jsonConfig":{"browserName":{},"platform":{}},"capability":{"headless":false,"windowSize":"1920,1200","technologyPreview":false,"useFakeMedia":true,"flags":[],"extraCapabilities":{},"maxInstances":5,"gateway":"none"},"paas":{"specList":[],"networkProfile":{"corrupt":0,"delay":0,"cleanUpCommand":"","bandwidth":0,"packetloss":0,"name":"NONE","id":"","duplicate":0,"command":""},"availableSlots":3,"type":"local","region":"NC","url":"http://localhost:4444/wd/hub"},"name":"1","networkProfile":{"corrupt":0,"delay":0,"cleanUpCommand":"","bandwidth":0,"packetloss":0,"name":"","id":"","duplicate":0,"command":""},"exclude":false,"browserSpecs":{"extension":"","driverString":"-Dwebdriver.chrome.driver=./chromedriver","profile":"","browserName":"chrome","deviceName":"unknown","platform":"WINDOWS"},"region":"NC"}
 2023-07-31 17:09:18,049 INFO  - unknown(no Web Driver): Creating web driver for {"app":false,"kind":"browser","logger":{"name":"org.webrtc.kite.config.client.Client","debugEnabled":true},"count":5,"clientIndex":0,"fullReset":false,"jsonConfig":{"browserName":{},"platform":{}},"capability":{"headless":false,"windowSize":"1920,1200","technologyPreview":false,"useFakeMedia":true,"flags":[],"extraCapabilities":{},"maxInstances":5,"gateway":"none"},"paas":{"specList":[],"networkProfile":{"corrupt":0,"delay":0,"cleanUpCommand":"","bandwidth":0,"packetloss":0,"name":"NONE","id":"","duplicate":0,"command":""},"availableSlots":3,"type":"local","region":"NC","url":"http://localhost:4444/wd/hub"},"name":"0","networkProfile":{"corrupt":0,"delay":0,"cleanUpCommand":"","bandwidth":0,"packetloss":0,"name":"","id":"","duplicate":0,"command":""},"exclude":false,"browserSpecs":{"extension":"","driverString":"-Dwebdriver.chrome.driver=./chromedriver","profile":"","browserName":"chrome","deviceName":"unknown","platform":"WINDOWS"},"region":"NC"}
 2023-07-31 17:09:20,454 INFO  - unknown(no Web Driver):  [PASSED] Initiate webDriver for client
 2023-07-31 17:09:20,454 INFO  - unknown(no Web Driver):  [PASSED] Initiate webDriver for client
 2023-07-31 17:09:20,475 INFO  - Starting the execution of the test runners in parallel 
 2023-07-31 17:09:20,476 INFO  - Start processing the TestRunner(DEFAULT) id 0 in 0ms
 2023-07-31 17:09:20,476 INFO  - Start processing the TestRunner(DEFAULT) id 1 in 0ms
 2023-07-31 17:09:21,477 INFO  - ch115_WIN-b5105 - 1: L'email  f.capacchione@gmail.com
 2023-07-31 17:09:21,591 INFO  - ch115_WIN-b5105 - 1:  [PASSED] Open https://falgsc.eu.org/
 2023-07-31 17:09:22,101 INFO  - ch115_WIN-e326e - 0: L'email  gianni00palmieri@gmail.com
 2023-07-31 17:09:22,223 INFO  - ch115_WIN-e326e - 0:  [PASSED] Open https://falgsc.eu.org/
 2023-07-31 17:09:22,476 INFO  - ch115_WIN-b5105 - 1:  [PASSED] Open https://falgsc.eu.org//#/pocPJ/166
 2023-07-31 17:09:23,008 INFO  - ch115_WIN-e326e - 0:  [PASSED] Open https://falgsc.eu.org//#/pocPJ/166
 2023-07-31 17:09:27,748 INFO  - ch115_WIN-b5105 - 1:  [PASSED] Getting stats from ["ng.getComponent($('app-videocall-pj')[0]).mediaConnection.peerConnection"]
 2023-07-31 17:09:28,298 INFO  - ch115_WIN-e326e - 0:  [PASSED] Getting stats from ["ng.getComponent($('app-videocall-pj')[0]).mediaConnection.peerConnection"]
 2023-07-31 17:09:28,299 INFO  - execute(DEFAULT) completed.
 2023-07-31 17:09:28,299 INFO  - Terminating, quiting webdriver
 2023-07-31 17:09:28,300 INFO  - Closing down webDrivers
 2023-07-31 17:09:29,008 INFO  - Test PASSED
 2023-07-31 17:09:29,009 INFO  - Matrix runner at last phase, ending. 
 2023-07-31 17:09:29,019 WARN  - Done! All test cases have passed!
 2023-07-31 17:09:29,019 INFO  - shutdownExecutors() done.
 2023-07-31 17:34:23,432 INFO  - Reading 'C:\Users\giann\Documents\Progetti\KITE\KITE-Telemed-Test\.\configs\telemed.config.json' ...
 2023-07-31 17:34:23,645 INFO  - new RoomManager(2 max per room) for https://falgsc.eu.org/
 2023-07-31 17:34:23,646 INFO  - Please make sure that you have enough room for all users.
 2023-07-31 17:34:23,646 INFO  - getRoomUrl(random) function, with random value = true/false, will give you the base url with or without a randomized ID.
 2023-07-31 17:34:23,646 INFO  - Finished reading the configuration file
 2023-07-31 17:34:23,646 INFO  - Creating report folder if not exist at :C:\Users\giann\Documents\Progetti\KITE\KITE-Telemed-Test/kite-allure-reports/
 2023-07-31 17:34:23,650 INFO  - Running {"type":"interop","name":"Telemed Test %ts","testImpl":"org.webrtc.kite.telemed.KiteTelemedTest","description":"Telemed test description","tupleSize":2,"noOfThreads":1,"maxRetryCount":0,"delayForClosing":0,"permute":true} ...
 2023-07-31 17:34:23,655 INFO  - Executing {"type":"interop","name":"Telemed Test %ts","testImpl":"org.webrtc.kite.telemed.KiteTelemedTest","description":"Telemed test description","tupleSize":2,"noOfThreads":1,"maxRetryCount":0,"delayForClosing":0,"permute":true} for 1 browser tuples with size :2
 2023-07-31 17:34:23,661 INFO  - current phase in test manager has been set to DEFAULT
 2023-07-31 17:34:23,665 INFO  - 
           |--------------------------------------------------
           | Number of registered tests: 0
           | Elapsed time: 0m0s (avg:0m0s)
           | Running test case with ID: 0/1
           | ETA (for Telemed Test %ts): Estimating..
           |--------------------------------------------------
 2023-07-31 17:34:23,667 INFO  - execute(DEFAULT) for the test case: WIN_ch-WIN_ch (2023-07-31-173423)
 2023-07-31 17:34:23,668 INFO  - Not load test, init report for test
 2023-07-31 17:34:23,669 INFO  - Finished filling out initial report for phase 
 2023-07-31 17:34:23,669 INFO  - payload handling
 2023-07-31 17:34:23,670 INFO  - the payload is {"url":"https://falgsc.eu.org/","usersPerRoom":2,"getStats":{"enabled":true,"statsCollectionTime":2,"statsCollectionInterval":1,"peerConnections":["ng.getComponent($('app-videocall-pj')[0]).mediaConnection.peerConnection"],"selectedStats":["inbound-rtp","outbound-rtp","local-candidate","remote-candidate","candidate-pair","stream","peer-connection","codec","track","transport"]}}
 2023-07-31 17:34:23,671 INFO  - Creating runners
 2023-07-31 17:34:23,673 INFO  - Start creating the TestRunner id 0 in 0ms
 2023-07-31 17:34:23,673 INFO  - Start creating the TestRunner id 1 in 0ms
 2023-07-31 17:34:23,688 INFO  - unknown(no Web Driver): Creating web driver for {"app":false,"kind":"browser","logger":{"name":"org.webrtc.kite.config.client.Client","debugEnabled":true},"count":5,"clientIndex":0,"fullReset":false,"jsonConfig":{"browserName":{},"platform":{}},"capability":{"headless":false,"windowSize":"1920,1200","technologyPreview":false,"useFakeMedia":true,"flags":[],"maxInstances":5,"extraCapabilities":{},"gateway":"none"},"paas":{"specList":[],"networkProfile":{"corrupt":0,"delay":0,"cleanUpCommand":"","bandwidth":0,"packetloss":0,"name":"NONE","id":"","duplicate":0,"command":""},"availableSlots":3,"type":"local","region":"NC","url":"http://localhost:4444/wd/hub"},"name":"0","networkProfile":{"corrupt":0,"delay":0,"cleanUpCommand":"","bandwidth":0,"packetloss":0,"name":"","id":"","duplicate":0,"command":""},"exclude":false,"browserSpecs":{"extension":"","driverString":"-Dwebdriver.chrome.driver=./chromedriver","profile":"","browserName":"chrome","deviceName":"unknown","platform":"WINDOWS"},"region":"NC"}
 2023-07-31 17:34:23,688 INFO  - unknown(no Web Driver): Creating web driver for {"app":false,"kind":"browser","logger":{"name":"org.webrtc.kite.config.client.Client","debugEnabled":true},"count":5,"clientIndex":0,"fullReset":false,"jsonConfig":{"browserName":{},"platform":{}},"capability":{"headless":false,"windowSize":"1920,1200","technologyPreview":false,"useFakeMedia":true,"flags":[],"maxInstances":5,"extraCapabilities":{},"gateway":"none"},"paas":{"specList":[],"networkProfile":{"corrupt":0,"delay":0,"cleanUpCommand":"","bandwidth":0,"packetloss":0,"name":"NONE","id":"","duplicate":0,"command":""},"availableSlots":3,"type":"local","region":"NC","url":"http://localhost:4444/wd/hub"},"name":"1","networkProfile":{"corrupt":0,"delay":0,"cleanUpCommand":"","bandwidth":0,"packetloss":0,"name":"","id":"","duplicate":0,"command":""},"exclude":false,"browserSpecs":{"extension":"","driverString":"-Dwebdriver.chrome.driver=./chromedriver","profile":"","browserName":"chrome","deviceName":"unknown","platform":"WINDOWS"},"region":"NC"}
 2023-07-31 17:34:25,938 INFO  - unknown(no Web Driver):  [PASSED] Initiate webDriver for client
 2023-07-31 17:34:25,939 INFO  - unknown(no Web Driver):  [PASSED] Initiate webDriver for client
 2023-07-31 17:34:25,955 INFO  - Starting the execution of the test runners in parallel 
 2023-07-31 17:34:25,956 INFO  - Start processing the TestRunner(DEFAULT) id 1 in 0ms
 2023-07-31 17:34:25,956 INFO  - Start processing the TestRunner(DEFAULT) id 0 in 0ms
 2023-07-31 17:34:27,542 INFO  - ch115_WIN-82df4 - 0: il token  {"token":"eyJhbGciOiJIUzI1NiIsInR5cCI6IkpXVCJ9.eyJlbWFpbCI6ImdpYW5uaTAwcGFsbWllcmlAZ21haWwuY29tIiwiaWQiOjEsImlhdCI6MTY5MDgxNzY1MSwiZXhwIjoxNjkwODIxMjUxfQ.xp-0qi0QP1vw8TeDD-GDb6ZdBHBc5JOSYvOLR6vmczo","expiresIn":3600}
 2023-07-31 17:34:27,542 INFO  - ch115_WIN-0ed94 - 1: il token  {"token":"eyJhbGciOiJIUzI1NiIsInR5cCI6IkpXVCJ9.eyJlbWFpbCI6ImYuY2FwYWNjaGlvbmVAZ21haWwuY29tIiwiaWQiOjIsImlhdCI6MTY5MDgxNzY1MSwiZXhwIjoxNjkwODIxMjUxfQ.8wJbQ-ZOMucB3QQwDEvSZA2sxclZbiaPHVs6jM2Jk_w","expiresIn":3600}
 2023-07-31 17:34:27,658 INFO  - ch115_WIN-0ed94 - 1:  [PASSED] Open https://falgsc.eu.org/
 2023-07-31 17:34:27,659 INFO  - ch115_WIN-82df4 - 0:  [PASSED] Open https://falgsc.eu.org/
 2023-07-31 17:34:28,477 INFO  - ch115_WIN-0ed94 - 1:  [PASSED] Open https://falgsc.eu.org//#/pocPJ/166
 2023-07-31 17:34:30,839 INFO  - ch115_WIN-82df4 - 0:  [PASSED] Open https://falgsc.eu.org//#/pocPJ/166
 2023-07-31 17:34:33,793 INFO  - ch115_WIN-0ed94 - 1:  [PASSED] Getting stats from ["ng.getComponent($('app-videocall-pj')[0]).mediaConnection.peerConnection"]
 2023-07-31 17:34:36,155 INFO  - ch115_WIN-82df4 - 0:  [PASSED] Getting stats from ["ng.getComponent($('app-videocall-pj')[0]).mediaConnection.peerConnection"]
 2023-07-31 17:34:36,155 INFO  - execute(DEFAULT) completed.
 2023-07-31 17:34:36,156 INFO  - Terminating, quiting webdriver
 2023-07-31 17:34:36,156 INFO  - Closing down webDrivers
 2023-07-31 17:34:36,846 INFO  - Test PASSED
 2023-07-31 17:34:36,846 INFO  - Matrix runner at last phase, ending. 
 2023-07-31 17:34:36,857 WARN  - Done! All test cases have passed!
 2023-07-31 17:34:36,857 INFO  - shutdownExecutors() done.
 2023-07-31 17:41:12,467 INFO  - Reading 'C:\Users\giann\Documents\Progetti\KITE\KITE-Telemed-Test\.\configs\telemed.config.json' ...
 2023-07-31 17:41:12,678 INFO  - new RoomManager(2 max per room) for https://falgsc.eu.org/
 2023-07-31 17:41:12,678 INFO  - Please make sure that you have enough room for all users.
 2023-07-31 17:41:12,679 INFO  - getRoomUrl(random) function, with random value = true/false, will give you the base url with or without a randomized ID.
 2023-07-31 17:41:12,679 INFO  - Finished reading the configuration file
 2023-07-31 17:41:12,679 INFO  - Creating report folder if not exist at :C:\Users\giann\Documents\Progetti\KITE\KITE-Telemed-Test/kite-allure-reports/
 2023-07-31 17:41:12,683 INFO  - Running {"type":"interop","name":"Telemed Test %ts","testImpl":"org.webrtc.kite.telemed.KiteTelemedTest","description":"Telemed test description","tupleSize":2,"noOfThreads":1,"maxRetryCount":0,"delayForClosing":0,"permute":true} ...
 2023-07-31 17:41:12,687 INFO  - Executing {"type":"interop","name":"Telemed Test %ts","testImpl":"org.webrtc.kite.telemed.KiteTelemedTest","description":"Telemed test description","tupleSize":2,"noOfThreads":1,"maxRetryCount":0,"delayForClosing":0,"permute":true} for 1 browser tuples with size :2
 2023-07-31 17:41:12,690 INFO  - current phase in test manager has been set to DEFAULT
 2023-07-31 17:41:12,694 INFO  - 
           |--------------------------------------------------
           | Number of registered tests: 0
           | Elapsed time: 0m0s (avg:0m0s)
           | Running test case with ID: 0/1
           | ETA (for Telemed Test %ts): Estimating..
           |--------------------------------------------------
 2023-07-31 17:41:12,695 INFO  - execute(DEFAULT) for the test case: WIN_ch-WIN_ch (2023-07-31-174112)
 2023-07-31 17:41:12,697 INFO  - Not load test, init report for test
 2023-07-31 17:41:12,698 INFO  - Finished filling out initial report for phase 
 2023-07-31 17:41:12,698 INFO  - payload handling
 2023-07-31 17:41:12,698 INFO  - the payload is {"url":"https://falgsc.eu.org/","usersPerRoom":2,"getStats":{"enabled":true,"statsCollectionTime":2,"statsCollectionInterval":1,"peerConnections":["ng.getComponent($('app-videocall-pj')[0]).mediaConnection.peerConnection"],"selectedStats":["inbound-rtp","outbound-rtp","local-candidate","remote-candidate","candidate-pair","stream","peer-connection","codec","track","transport"]}}
 2023-07-31 17:41:12,701 INFO  - Creating runners
 2023-07-31 17:41:12,702 INFO  - Start creating the TestRunner id 0 in 0ms
 2023-07-31 17:41:12,702 INFO  - Start creating the TestRunner id 1 in 0ms
 2023-07-31 17:41:12,716 INFO  - unknown(no Web Driver): Creating web driver for {"app":false,"kind":"browser","logger":{"name":"org.webrtc.kite.config.client.Client","debugEnabled":true},"count":5,"clientIndex":0,"fullReset":false,"jsonConfig":{"browserName":{},"platform":{}},"capability":{"headless":false,"windowSize":"1920,1200","technologyPreview":false,"useFakeMedia":true,"flags":[],"maxInstances":5,"extraCapabilities":{},"gateway":"none"},"paas":{"specList":[],"networkProfile":{"corrupt":0,"delay":0,"cleanUpCommand":"","bandwidth":0,"packetloss":0,"name":"NONE","id":"","duplicate":0,"command":""},"availableSlots":3,"type":"local","region":"NC","url":"http://localhost:4444/wd/hub"},"name":"1","networkProfile":{"corrupt":0,"delay":0,"cleanUpCommand":"","bandwidth":0,"packetloss":0,"name":"","id":"","duplicate":0,"command":""},"exclude":false,"browserSpecs":{"extension":"","profile":"","driverString":"-Dwebdriver.chrome.driver=./chromedriver","browserName":"chrome","deviceName":"unknown","platform":"WINDOWS"},"region":"NC"}
 2023-07-31 17:41:12,716 INFO  - unknown(no Web Driver): Creating web driver for {"app":false,"kind":"browser","logger":{"name":"org.webrtc.kite.config.client.Client","debugEnabled":true},"count":5,"clientIndex":0,"fullReset":false,"jsonConfig":{"browserName":{},"platform":{}},"capability":{"headless":false,"windowSize":"1920,1200","technologyPreview":false,"useFakeMedia":true,"flags":[],"maxInstances":5,"extraCapabilities":{},"gateway":"none"},"paas":{"specList":[],"networkProfile":{"corrupt":0,"delay":0,"cleanUpCommand":"","bandwidth":0,"packetloss":0,"name":"NONE","id":"","duplicate":0,"command":""},"availableSlots":3,"type":"local","region":"NC","url":"http://localhost:4444/wd/hub"},"name":"0","networkProfile":{"corrupt":0,"delay":0,"cleanUpCommand":"","bandwidth":0,"packetloss":0,"name":"","id":"","duplicate":0,"command":""},"exclude":false,"browserSpecs":{"extension":"","profile":"","driverString":"-Dwebdriver.chrome.driver=./chromedriver","browserName":"chrome","deviceName":"unknown","platform":"WINDOWS"},"region":"NC"}
 2023-07-31 17:41:14,994 INFO  - unknown(no Web Driver):  [PASSED] Initiate webDriver for client
 2023-07-31 17:41:14,994 INFO  - unknown(no Web Driver):  [PASSED] Initiate webDriver for client
 2023-07-31 17:41:15,014 INFO  - Starting the execution of the test runners in parallel 
 2023-07-31 17:41:15,015 INFO  - Start processing the TestRunner(DEFAULT) id 0 in 0ms
 2023-07-31 17:41:15,015 INFO  - Start processing the TestRunner(DEFAULT) id 1 in 0ms
 2023-07-31 17:41:16,516 ERROR - Step broken:
   message = ***UNHANDLED EXCEPTION*** 
 This is a bug and must be fixed. The exception must be caught and thrown as KiteTestException
   trace = org.openqa.selenium.JavascriptException: javascript error: eyJhbGciOiJIUzI1NiIsInR5cCI6IkpXVCJ9 is not defined
  (Session info: chrome=115.0.5790.110)
Build info: version: 'unknown', revision: 'unknown', time: 'unknown'
System info: host: 'NORMALBOOK', ip: '192.168.178.64', os.name: 'Windows 11', os.arch: 'amd64', os.version: '10.0', java.version: '1.8.0_372'
Driver info: org.openqa.selenium.remote.RemoteWebDriver
Capabilities {acceptInsecureCerts: false, browserName: chrome, browserVersion: 115.0.5790.110, chrome: {chromedriverVersion: 114.0.5735.90 (386bc09e8f4f..., userDataDir: C:\Users\giann\AppData\Loca...}, goog:chromeOptions: {debuggerAddress: localhost:56232}, javascriptEnabled: true, networkConnectionEnabled: false, pageLoadStrategy: eager, platform: WINDOWS, platformName: WINDOWS, proxy: Proxy(), setWindowRect: true, strictFileInteractability: false, timeouts: {implicit: 0, pageLoad: 300000, script: 30000}, unhandledPromptBehavior: dismiss and notify, webauthn:extension:credBlob: true, webauthn:extension:largeBlob: true, webauthn:extension:minPinLength: true, webauthn:extension:prf: true, webauthn:virtualAuthenticators: true, webdriver.remote.sessionid: 68e0db728ab9e6977651ef71d88...}
Session ID: 68e0db728ab9e6977651ef71d889bcce
	at sun.reflect.NativeConstructorAccessorImpl.newInstance0(Native Method)
	at sun.reflect.NativeConstructorAccessorImpl.newInstance(NativeConstructorAccessorImpl.java:62)
	at sun.reflect.DelegatingConstructorAccessorImpl.newInstance(DelegatingConstructorAccessorImpl.java:45)
	at java.lang.reflect.Constructor.newInstance(Constructor.java:423)
	at org.openqa.selenium.remote.http.W3CHttpResponseCodec.createException(W3CHttpResponseCodec.java:187)
	at org.openqa.selenium.remote.http.W3CHttpResponseCodec.decode(W3CHttpResponseCodec.java:122)
	at org.openqa.selenium.remote.http.W3CHttpResponseCodec.decode(W3CHttpResponseCodec.java:49)
	at org.openqa.selenium.remote.HttpCommandExecutor.execute(HttpCommandExecutor.java:158)
	at org.openqa.selenium.remote.RemoteWebDriver.execute(RemoteWebDriver.java:552)
	at org.openqa.selenium.remote.RemoteWebDriver.executeScript(RemoteWebDriver.java:489)
	at org.webrtc.kite.telemed.steps.OpenUrlStep.step(OpenUrlStep.java:58)
	at io.cosmosoftware.kite.steps.TestStep.execute(TestStep.java:81)
	at io.cosmosoftware.kite.steps.TestStep.processTestStep(TestStep.java:329)
	at org.webrtc.kite.tests.TestRunner.call(TestRunner.java:187)
	at java.util.concurrent.FutureTask.run(FutureTask.java:266)
	at java.util.concurrent.ThreadPoolExecutor.runWorker(ThreadPoolExecutor.java:1149)
	at java.util.concurrent.ThreadPoolExecutor$Worker.run(ThreadPoolExecutor.java:624)
	at java.lang.Thread.run(Thread.java:750)

 2023-07-31 17:41:16,523 WARN  - ch115_WIN-68e0d - 0: [SKIPPING] Get the browser console logs.
 2023-07-31 17:41:16,524 INFO  - ch115_WIN-68e0d - 0:  [BROKEN] Open https://falgsc.eu.org/
 2023-07-31 17:41:16,524 WARN  - ch115_WIN-68e0d - 0: [SKIPPING] Open https://falgsc.eu.org//#/pocPJ/166
 2023-07-31 17:41:16,800 ERROR - Step broken:
   message = ***UNHANDLED EXCEPTION*** 
 This is a bug and must be fixed. The exception must be caught and thrown as KiteTestException
   trace = org.openqa.selenium.JavascriptException: javascript error: Invalid or unexpected token
  (Session info: chrome=115.0.5790.110)
Build info: version: 'unknown', revision: 'unknown', time: 'unknown'
System info: host: 'NORMALBOOK', ip: '192.168.178.64', os.name: 'Windows 11', os.arch: 'amd64', os.version: '10.0', java.version: '1.8.0_372'
Driver info: org.openqa.selenium.remote.RemoteWebDriver
Capabilities {acceptInsecureCerts: false, browserName: chrome, browserVersion: 115.0.5790.110, chrome: {chromedriverVersion: 114.0.5735.90 (386bc09e8f4f..., userDataDir: C:\Users\giann\AppData\Loca...}, goog:chromeOptions: {debuggerAddress: localhost:56233}, javascriptEnabled: true, networkConnectionEnabled: false, pageLoadStrategy: eager, platform: WINDOWS, platformName: WINDOWS, proxy: Proxy(), setWindowRect: true, strictFileInteractability: false, timeouts: {implicit: 0, pageLoad: 300000, script: 30000}, unhandledPromptBehavior: dismiss and notify, webauthn:extension:credBlob: true, webauthn:extension:largeBlob: true, webauthn:extension:minPinLength: true, webauthn:extension:prf: true, webauthn:virtualAuthenticators: true, webdriver.remote.sessionid: c3c38a49c90ce9b9bf073b00192...}
Session ID: c3c38a49c90ce9b9bf073b00192f55c4
	at sun.reflect.NativeConstructorAccessorImpl.newInstance0(Native Method)
	at sun.reflect.NativeConstructorAccessorImpl.newInstance(NativeConstructorAccessorImpl.java:62)
	at sun.reflect.DelegatingConstructorAccessorImpl.newInstance(DelegatingConstructorAccessorImpl.java:45)
	at java.lang.reflect.Constructor.newInstance(Constructor.java:423)
	at org.openqa.selenium.remote.http.W3CHttpResponseCodec.createException(W3CHttpResponseCodec.java:187)
	at org.openqa.selenium.remote.http.W3CHttpResponseCodec.decode(W3CHttpResponseCodec.java:122)
	at org.openqa.selenium.remote.http.W3CHttpResponseCodec.decode(W3CHttpResponseCodec.java:49)
	at org.openqa.selenium.remote.HttpCommandExecutor.execute(HttpCommandExecutor.java:158)
	at org.openqa.selenium.remote.RemoteWebDriver.execute(RemoteWebDriver.java:552)
	at org.openqa.selenium.remote.RemoteWebDriver.executeScript(RemoteWebDriver.java:489)
	at org.webrtc.kite.telemed.steps.OpenUrlStep.step(OpenUrlStep.java:58)
	at io.cosmosoftware.kite.steps.TestStep.execute(TestStep.java:81)
	at io.cosmosoftware.kite.steps.TestStep.processTestStep(TestStep.java:329)
	at org.webrtc.kite.tests.TestRunner.call(TestRunner.java:187)
	at java.util.concurrent.FutureTask.run(FutureTask.java:266)
	at java.util.concurrent.ThreadPoolExecutor.runWorker(ThreadPoolExecutor.java:1149)
	at java.util.concurrent.ThreadPoolExecutor$Worker.run(ThreadPoolExecutor.java:624)
	at java.lang.Thread.run(Thread.java:750)

 2023-07-31 17:41:16,802 WARN  - ch115_WIN-c3c38 - 1: [SKIPPING] Get the browser console logs.
 2023-07-31 17:41:16,803 INFO  - ch115_WIN-c3c38 - 1:  [BROKEN] Open https://falgsc.eu.org/
 2023-07-31 17:41:16,803 WARN  - ch115_WIN-c3c38 - 1: [SKIPPING] Open https://falgsc.eu.org//#/pocPJ/166
 2023-07-31 17:41:16,803 INFO  - execute(DEFAULT) completed.
 2023-07-31 17:41:16,804 INFO  - Terminating, quiting webdriver
 2023-07-31 17:41:16,804 INFO  - Closing down webDrivers
 2023-07-31 17:41:17,534 INFO  - Test FAILED
 2023-07-31 17:41:17,534 INFO  - Matrix runner at last phase, ending. 
 2023-07-31 17:41:17,544 WARN  - Adding [0, 0] to retry list..
 2023-07-31 17:41:17,551 INFO  - Reading 'C:\Users\giann\Documents\Progetti\KITE\KITE-Telemed-Test\.\configs\telemed.config.json' ...
 2023-07-31 17:41:17,554 WARN  - Done! Some test cases might need to be rerun!
 2023-07-31 17:41:17,555 INFO  - Reading 'C:\Users\giann\Documents\Progetti\KITE\KITE-Telemed-Test\.\configs\telemed.config.json' ...
 2023-07-31 17:41:17,559 INFO  - shutdownExecutors() done.
 2023-07-31 17:43:54,374 INFO  - Reading 'C:\Users\giann\Documents\Progetti\KITE\KITE-Telemed-Test\.\configs\telemed.config.json' ...
 2023-07-31 17:43:54,566 INFO  - new RoomManager(2 max per room) for https://falgsc.eu.org/
 2023-07-31 17:43:54,566 INFO  - Please make sure that you have enough room for all users.
 2023-07-31 17:43:54,566 INFO  - getRoomUrl(random) function, with random value = true/false, will give you the base url with or without a randomized ID.
 2023-07-31 17:43:54,568 INFO  - Finished reading the configuration file
 2023-07-31 17:43:54,568 INFO  - Creating report folder if not exist at :C:\Users\giann\Documents\Progetti\KITE\KITE-Telemed-Test/kite-allure-reports/
 2023-07-31 17:43:54,571 INFO  - Running {"type":"interop","name":"Telemed Test %ts","testImpl":"org.webrtc.kite.telemed.KiteTelemedTest","description":"Telemed test description","tupleSize":2,"noOfThreads":1,"maxRetryCount":0,"delayForClosing":0,"permute":true} ...
 2023-07-31 17:43:54,576 INFO  - Executing {"type":"interop","name":"Telemed Test %ts","testImpl":"org.webrtc.kite.telemed.KiteTelemedTest","description":"Telemed test description","tupleSize":2,"noOfThreads":1,"maxRetryCount":0,"delayForClosing":0,"permute":true} for 1 browser tuples with size :2
 2023-07-31 17:43:54,580 INFO  - current phase in test manager has been set to DEFAULT
 2023-07-31 17:43:54,583 INFO  - 
           |--------------------------------------------------
           | Number of registered tests: 0
           | Elapsed time: 0m0s (avg:0m0s)
           | Running test case with ID: 0/1
           | ETA (for Telemed Test %ts): Estimating..
           |--------------------------------------------------
 2023-07-31 17:43:54,585 INFO  - execute(DEFAULT) for the test case: WIN_ch-WIN_ch (2023-07-31-174354)
 2023-07-31 17:43:54,587 INFO  - Not load test, init report for test
 2023-07-31 17:43:54,587 INFO  - Finished filling out initial report for phase 
 2023-07-31 17:43:54,588 INFO  - payload handling
 2023-07-31 17:43:54,588 INFO  - the payload is {"url":"https://falgsc.eu.org/","usersPerRoom":2,"getStats":{"enabled":true,"statsCollectionTime":2,"statsCollectionInterval":1,"peerConnections":["ng.getComponent($('app-videocall-pj')[0]).mediaConnection.peerConnection"],"selectedStats":["inbound-rtp","outbound-rtp","local-candidate","remote-candidate","candidate-pair","stream","peer-connection","codec","track","transport"]}}
 2023-07-31 17:43:54,590 INFO  - Creating runners
 2023-07-31 17:43:54,591 INFO  - Start creating the TestRunner id 0 in 0ms
 2023-07-31 17:43:54,591 INFO  - Start creating the TestRunner id 1 in 0ms
 2023-07-31 17:43:54,603 INFO  - unknown(no Web Driver): Creating web driver for {"app":false,"kind":"browser","logger":{"name":"org.webrtc.kite.config.client.Client","debugEnabled":true},"count":5,"clientIndex":0,"fullReset":false,"jsonConfig":{"browserName":{},"platform":{}},"capability":{"headless":false,"windowSize":"1920,1200","technologyPreview":false,"useFakeMedia":true,"flags":[],"maxInstances":5,"extraCapabilities":{},"gateway":"none"},"paas":{"specList":[],"networkProfile":{"delay":0,"corrupt":0,"cleanUpCommand":"","bandwidth":0,"packetloss":0,"name":"NONE","duplicate":0,"id":"","command":""},"availableSlots":3,"type":"local","region":"NC","url":"http://localhost:4444/wd/hub"},"name":"1","networkProfile":{"delay":0,"corrupt":0,"cleanUpCommand":"","bandwidth":0,"packetloss":0,"name":"","duplicate":0,"id":"","command":""},"exclude":false,"browserSpecs":{"extension":"","profile":"","driverString":"-Dwebdriver.chrome.driver=./chromedriver","browserName":"chrome","deviceName":"unknown","platform":"WINDOWS"},"region":"NC"}
 2023-07-31 17:43:54,603 INFO  - unknown(no Web Driver): Creating web driver for {"app":false,"kind":"browser","logger":{"name":"org.webrtc.kite.config.client.Client","debugEnabled":true},"count":5,"clientIndex":0,"fullReset":false,"jsonConfig":{"browserName":{},"platform":{}},"capability":{"headless":false,"windowSize":"1920,1200","technologyPreview":false,"useFakeMedia":true,"flags":[],"maxInstances":5,"extraCapabilities":{},"gateway":"none"},"paas":{"specList":[],"networkProfile":{"delay":0,"corrupt":0,"cleanUpCommand":"","bandwidth":0,"packetloss":0,"name":"NONE","duplicate":0,"id":"","command":""},"availableSlots":3,"type":"local","region":"NC","url":"http://localhost:4444/wd/hub"},"name":"0","networkProfile":{"delay":0,"corrupt":0,"cleanUpCommand":"","bandwidth":0,"packetloss":0,"name":"","duplicate":0,"id":"","command":""},"exclude":false,"browserSpecs":{"extension":"","profile":"","driverString":"-Dwebdriver.chrome.driver=./chromedriver","browserName":"chrome","deviceName":"unknown","platform":"WINDOWS"},"region":"NC"}
 2023-07-31 17:43:56,992 INFO  - unknown(no Web Driver):  [PASSED] Initiate webDriver for client
 2023-07-31 17:43:56,994 INFO  - unknown(no Web Driver):  [PASSED] Initiate webDriver for client
 2023-07-31 17:43:57,027 INFO  - Starting the execution of the test runners in parallel 
 2023-07-31 17:43:57,027 INFO  - Start processing the TestRunner(DEFAULT) id 1 in 0ms
 2023-07-31 17:43:57,027 INFO  - Start processing the TestRunner(DEFAULT) id 0 in 0ms
 2023-07-31 17:43:58,534 ERROR - Step broken:
   message = ***UNHANDLED EXCEPTION*** 
 This is a bug and must be fixed. The exception must be caught and thrown as KiteTestException
   trace = org.openqa.selenium.JavascriptException: javascript error: eyJhbGciOiJIUzI1NiIsInR5cCI6IkpXVCJ9 is not defined
  (Session info: chrome=115.0.5790.110)
Build info: version: 'unknown', revision: 'unknown', time: 'unknown'
System info: host: 'NORMALBOOK', ip: '192.168.178.64', os.name: 'Windows 11', os.arch: 'amd64', os.version: '10.0', java.version: '1.8.0_372'
Driver info: org.openqa.selenium.remote.RemoteWebDriver
Capabilities {acceptInsecureCerts: false, browserName: chrome, browserVersion: 115.0.5790.110, chrome: {chromedriverVersion: 114.0.5735.90 (386bc09e8f4f..., userDataDir: C:\Users\giann\AppData\Loca...}, goog:chromeOptions: {debuggerAddress: localhost:56460}, javascriptEnabled: true, networkConnectionEnabled: false, pageLoadStrategy: eager, platform: WINDOWS, platformName: WINDOWS, proxy: Proxy(), setWindowRect: true, strictFileInteractability: false, timeouts: {implicit: 0, pageLoad: 300000, script: 30000}, unhandledPromptBehavior: dismiss and notify, webauthn:extension:credBlob: true, webauthn:extension:largeBlob: true, webauthn:extension:minPinLength: true, webauthn:extension:prf: true, webauthn:virtualAuthenticators: true, webdriver.remote.sessionid: ab3421714b14d69e4931222aefa...}
Session ID: ab3421714b14d69e4931222aefa69f0e
	at sun.reflect.NativeConstructorAccessorImpl.newInstance0(Native Method)
	at sun.reflect.NativeConstructorAccessorImpl.newInstance(NativeConstructorAccessorImpl.java:62)
	at sun.reflect.DelegatingConstructorAccessorImpl.newInstance(DelegatingConstructorAccessorImpl.java:45)
	at java.lang.reflect.Constructor.newInstance(Constructor.java:423)
	at org.openqa.selenium.remote.http.W3CHttpResponseCodec.createException(W3CHttpResponseCodec.java:187)
	at org.openqa.selenium.remote.http.W3CHttpResponseCodec.decode(W3CHttpResponseCodec.java:122)
	at org.openqa.selenium.remote.http.W3CHttpResponseCodec.decode(W3CHttpResponseCodec.java:49)
	at org.openqa.selenium.remote.HttpCommandExecutor.execute(HttpCommandExecutor.java:158)
	at org.openqa.selenium.remote.RemoteWebDriver.execute(RemoteWebDriver.java:552)
	at org.openqa.selenium.remote.RemoteWebDriver.executeScript(RemoteWebDriver.java:489)
	at org.webrtc.kite.telemed.steps.OpenUrlStep.step(OpenUrlStep.java:58)
	at io.cosmosoftware.kite.steps.TestStep.execute(TestStep.java:81)
	at io.cosmosoftware.kite.steps.TestStep.processTestStep(TestStep.java:329)
	at org.webrtc.kite.tests.TestRunner.call(TestRunner.java:187)
	at java.util.concurrent.FutureTask.run(FutureTask.java:266)
	at java.util.concurrent.ThreadPoolExecutor.runWorker(ThreadPoolExecutor.java:1149)
	at java.util.concurrent.ThreadPoolExecutor$Worker.run(ThreadPoolExecutor.java:624)
	at java.lang.Thread.run(Thread.java:750)

 2023-07-31 17:43:58,539 ERROR - Step broken:
   message = ***UNHANDLED EXCEPTION*** 
 This is a bug and must be fixed. The exception must be caught and thrown as KiteTestException
   trace = org.openqa.selenium.JavascriptException: javascript error: eyJhbGciOiJIUzI1NiIsInR5cCI6IkpXVCJ9 is not defined
  (Session info: chrome=115.0.5790.110)
Build info: version: 'unknown', revision: 'unknown', time: 'unknown'
System info: host: 'NORMALBOOK', ip: '192.168.178.64', os.name: 'Windows 11', os.arch: 'amd64', os.version: '10.0', java.version: '1.8.0_372'
Driver info: org.openqa.selenium.remote.RemoteWebDriver
Capabilities {acceptInsecureCerts: false, browserName: chrome, browserVersion: 115.0.5790.110, chrome: {chromedriverVersion: 114.0.5735.90 (386bc09e8f4f..., userDataDir: C:\Users\giann\AppData\Loca...}, goog:chromeOptions: {debuggerAddress: localhost:56459}, javascriptEnabled: true, networkConnectionEnabled: false, pageLoadStrategy: eager, platform: WINDOWS, platformName: WINDOWS, proxy: Proxy(), setWindowRect: true, strictFileInteractability: false, timeouts: {implicit: 0, pageLoad: 300000, script: 30000}, unhandledPromptBehavior: dismiss and notify, webauthn:extension:credBlob: true, webauthn:extension:largeBlob: true, webauthn:extension:minPinLength: true, webauthn:extension:prf: true, webauthn:virtualAuthenticators: true, webdriver.remote.sessionid: f5357c259c4e80fde1f60205735...}
Session ID: f5357c259c4e80fde1f6020573558a5a
	at sun.reflect.NativeConstructorAccessorImpl.newInstance0(Native Method)
	at sun.reflect.NativeConstructorAccessorImpl.newInstance(NativeConstructorAccessorImpl.java:62)
	at sun.reflect.DelegatingConstructorAccessorImpl.newInstance(DelegatingConstructorAccessorImpl.java:45)
	at java.lang.reflect.Constructor.newInstance(Constructor.java:423)
	at org.openqa.selenium.remote.http.W3CHttpResponseCodec.createException(W3CHttpResponseCodec.java:187)
	at org.openqa.selenium.remote.http.W3CHttpResponseCodec.decode(W3CHttpResponseCodec.java:122)
	at org.openqa.selenium.remote.http.W3CHttpResponseCodec.decode(W3CHttpResponseCodec.java:49)
	at org.openqa.selenium.remote.HttpCommandExecutor.execute(HttpCommandExecutor.java:158)
	at org.openqa.selenium.remote.RemoteWebDriver.execute(RemoteWebDriver.java:552)
	at org.openqa.selenium.remote.RemoteWebDriver.executeScript(RemoteWebDriver.java:489)
	at org.webrtc.kite.telemed.steps.OpenUrlStep.step(OpenUrlStep.java:58)
	at io.cosmosoftware.kite.steps.TestStep.execute(TestStep.java:81)
	at io.cosmosoftware.kite.steps.TestStep.processTestStep(TestStep.java:329)
	at org.webrtc.kite.tests.TestRunner.call(TestRunner.java:187)
	at java.util.concurrent.FutureTask.run(FutureTask.java:266)
	at java.util.concurrent.ThreadPoolExecutor.runWorker(ThreadPoolExecutor.java:1149)
	at java.util.concurrent.ThreadPoolExecutor$Worker.run(ThreadPoolExecutor.java:624)
	at java.lang.Thread.run(Thread.java:750)

 2023-07-31 17:43:58,539 WARN  - ch115_WIN-ab342 - 1: [SKIPPING] Get the browser console logs.
 2023-07-31 17:43:58,541 INFO  - ch115_WIN-ab342 - 1:  [BROKEN] Open https://falgsc.eu.org/
 2023-07-31 17:43:58,541 WARN  - ch115_WIN-ab342 - 1: [SKIPPING] Open https://falgsc.eu.org//#/pocPJ/166
 2023-07-31 17:43:58,542 WARN  - ch115_WIN-f5357 - 0: [SKIPPING] Get the browser console logs.
 2023-07-31 17:43:58,542 INFO  - ch115_WIN-f5357 - 0:  [BROKEN] Open https://falgsc.eu.org/
 2023-07-31 17:43:58,543 WARN  - ch115_WIN-f5357 - 0: [SKIPPING] Open https://falgsc.eu.org//#/pocPJ/166
 2023-07-31 17:43:58,543 INFO  - execute(DEFAULT) completed.
 2023-07-31 17:43:58,543 INFO  - Terminating, quiting webdriver
 2023-07-31 17:43:58,544 INFO  - Closing down webDrivers
 2023-07-31 17:43:59,224 INFO  - Test FAILED
 2023-07-31 17:43:59,224 INFO  - Matrix runner at last phase, ending. 
 2023-07-31 17:43:59,232 WARN  - Adding [0, 0] to retry list..
 2023-07-31 17:43:59,237 INFO  - Reading 'C:\Users\giann\Documents\Progetti\KITE\KITE-Telemed-Test\.\configs\telemed.config.json' ...
 2023-07-31 17:43:59,239 WARN  - Done! Some test cases might need to be rerun!
 2023-07-31 17:43:59,241 INFO  - Reading 'C:\Users\giann\Documents\Progetti\KITE\KITE-Telemed-Test\.\configs\telemed.config.json' ...
 2023-07-31 17:43:59,244 INFO  - shutdownExecutors() done.
 2023-07-31 17:45:24,903 INFO  - Reading 'C:\Users\giann\Documents\Progetti\KITE\KITE-Telemed-Test\.\configs\telemed.config.json' ...
 2023-07-31 17:45:25,115 INFO  - new RoomManager(2 max per room) for https://falgsc.eu.org/
 2023-07-31 17:45:25,115 INFO  - Please make sure that you have enough room for all users.
 2023-07-31 17:45:25,115 INFO  - getRoomUrl(random) function, with random value = true/false, will give you the base url with or without a randomized ID.
 2023-07-31 17:45:25,115 INFO  - Finished reading the configuration file
 2023-07-31 17:45:25,115 INFO  - Creating report folder if not exist at :C:\Users\giann\Documents\Progetti\KITE\KITE-Telemed-Test/kite-allure-reports/
 2023-07-31 17:45:25,125 INFO  - Running {"type":"interop","name":"Telemed Test %ts","testImpl":"org.webrtc.kite.telemed.KiteTelemedTest","description":"Telemed test description","tupleSize":2,"noOfThreads":1,"maxRetryCount":0,"delayForClosing":0,"permute":true} ...
 2023-07-31 17:45:25,127 INFO  - Executing {"type":"interop","name":"Telemed Test %ts","testImpl":"org.webrtc.kite.telemed.KiteTelemedTest","description":"Telemed test description","tupleSize":2,"noOfThreads":1,"maxRetryCount":0,"delayForClosing":0,"permute":true} for 1 browser tuples with size :2
 2023-07-31 17:45:25,127 INFO  - current phase in test manager has been set to DEFAULT
 2023-07-31 17:45:25,127 INFO  - 
           |--------------------------------------------------
           | Number of registered tests: 0
           | Elapsed time: 0m0s (avg:0m0s)
           | Running test case with ID: 0/1
           | ETA (for Telemed Test %ts): Estimating..
           |--------------------------------------------------
 2023-07-31 17:45:25,127 INFO  - execute(DEFAULT) for the test case: WIN_ch-WIN_ch (2023-07-31-174525)
 2023-07-31 17:45:25,127 INFO  - Not load test, init report for test
 2023-07-31 17:45:25,127 INFO  - Finished filling out initial report for phase 
 2023-07-31 17:45:25,140 INFO  - payload handling
 2023-07-31 17:45:25,140 INFO  - the payload is {"url":"https://falgsc.eu.org/","usersPerRoom":2,"getStats":{"enabled":true,"statsCollectionTime":2,"statsCollectionInterval":1,"peerConnections":["ng.getComponent($('app-videocall-pj')[0]).mediaConnection.peerConnection"],"selectedStats":["inbound-rtp","outbound-rtp","local-candidate","remote-candidate","candidate-pair","stream","peer-connection","codec","track","transport"]}}
 2023-07-31 17:45:25,140 INFO  - Creating runners
 2023-07-31 17:45:25,140 INFO  - Start creating the TestRunner id 0 in 0ms
 2023-07-31 17:45:25,140 INFO  - Start creating the TestRunner id 1 in 0ms
 2023-07-31 17:45:25,140 INFO  - unknown(no Web Driver): Creating web driver for {"app":false,"kind":"browser","logger":{"name":"org.webrtc.kite.config.client.Client","debugEnabled":true},"count":5,"clientIndex":0,"fullReset":false,"jsonConfig":{"browserName":{},"platform":{}},"capability":{"headless":false,"windowSize":"1920,1200","technologyPreview":false,"useFakeMedia":true,"flags":[],"maxInstances":5,"extraCapabilities":{},"gateway":"none"},"paas":{"specList":[],"networkProfile":{"corrupt":0,"delay":0,"cleanUpCommand":"","bandwidth":0,"packetloss":0,"name":"NONE","id":"","duplicate":0,"command":""},"availableSlots":3,"type":"local","region":"NC","url":"http://localhost:4444/wd/hub"},"name":"0","networkProfile":{"corrupt":0,"delay":0,"cleanUpCommand":"","bandwidth":0,"packetloss":0,"name":"","id":"","duplicate":0,"command":""},"exclude":false,"browserSpecs":{"extension":"","profile":"","driverString":"-Dwebdriver.chrome.driver=./chromedriver","browserName":"chrome","deviceName":"unknown","platform":"WINDOWS"},"region":"NC"}
 2023-07-31 17:45:25,155 INFO  - unknown(no Web Driver): Creating web driver for {"app":false,"kind":"browser","logger":{"name":"org.webrtc.kite.config.client.Client","debugEnabled":true},"count":5,"clientIndex":0,"fullReset":false,"jsonConfig":{"browserName":{},"platform":{}},"capability":{"headless":false,"windowSize":"1920,1200","technologyPreview":false,"useFakeMedia":true,"flags":[],"maxInstances":5,"extraCapabilities":{},"gateway":"none"},"paas":{"specList":[],"networkProfile":{"corrupt":0,"delay":0,"cleanUpCommand":"","bandwidth":0,"packetloss":0,"name":"NONE","id":"","duplicate":0,"command":""},"availableSlots":3,"type":"local","region":"NC","url":"http://localhost:4444/wd/hub"},"name":"1","networkProfile":{"corrupt":0,"delay":0,"cleanUpCommand":"","bandwidth":0,"packetloss":0,"name":"","id":"","duplicate":0,"command":""},"exclude":false,"browserSpecs":{"extension":"","profile":"","driverString":"-Dwebdriver.chrome.driver=./chromedriver","browserName":"chrome","deviceName":"unknown","platform":"WINDOWS"},"region":"NC"}
 2023-07-31 17:45:27,449 INFO  - unknown(no Web Driver):  [PASSED] Initiate webDriver for client
 2023-07-31 17:45:27,449 INFO  - unknown(no Web Driver):  [PASSED] Initiate webDriver for client
 2023-07-31 17:45:27,466 INFO  - Starting the execution of the test runners in parallel 
 2023-07-31 17:45:27,467 INFO  - Start processing the TestRunner(DEFAULT) id 0 in 0ms
 2023-07-31 17:45:27,467 INFO  - Start processing the TestRunner(DEFAULT) id 1 in 0ms
 2023-07-31 17:45:28,574 INFO  - ch115_WIN-a796e - 0: eyJhbGciOiJIUzI1NiIsInR5cCI6IkpXVCJ9.eyJlbWFpbCI6ImdpYW5uaTAwcGFsbWllcmlAZ21haWwuY29tIiwiaWQiOjEsImlhdCI6MTY5MDgxODMxMiwiZXhwIjoxNjkwODIxOTEyfQ.y0tquDr2Y-DzGYg-QpQqNdVCEcgY0htKoB78jp9kZjs
 2023-07-31 17:45:28,816 ERROR - Step broken:
   message = ***UNHANDLED EXCEPTION*** 
 This is a bug and must be fixed. The exception must be caught and thrown as KiteTestException
   trace = org.openqa.selenium.JavascriptException: javascript error: eyJhbGciOiJIUzI1NiIsInR5cCI6IkpXVCJ9 is not defined
  (Session info: chrome=115.0.5790.110)
Build info: version: 'unknown', revision: 'unknown', time: 'unknown'
System info: host: 'NORMALBOOK', ip: '192.168.178.64', os.name: 'Windows 11', os.arch: 'amd64', os.version: '10.0', java.version: '1.8.0_372'
Driver info: org.openqa.selenium.remote.RemoteWebDriver
Capabilities {acceptInsecureCerts: false, browserName: chrome, browserVersion: 115.0.5790.110, chrome: {chromedriverVersion: 114.0.5735.90 (386bc09e8f4f..., userDataDir: C:\Users\giann\AppData\Loca...}, goog:chromeOptions: {debuggerAddress: localhost:56625}, javascriptEnabled: true, networkConnectionEnabled: false, pageLoadStrategy: eager, platform: WINDOWS, platformName: WINDOWS, proxy: Proxy(), setWindowRect: true, strictFileInteractability: false, timeouts: {implicit: 0, pageLoad: 300000, script: 30000}, unhandledPromptBehavior: dismiss and notify, webauthn:extension:credBlob: true, webauthn:extension:largeBlob: true, webauthn:extension:minPinLength: true, webauthn:extension:prf: true, webauthn:virtualAuthenticators: true, webdriver.remote.sessionid: a796ed8c956007d82e12512f28b...}
Session ID: a796ed8c956007d82e12512f28bba406
	at sun.reflect.NativeConstructorAccessorImpl.newInstance0(Native Method)
	at sun.reflect.NativeConstructorAccessorImpl.newInstance(NativeConstructorAccessorImpl.java:62)
	at sun.reflect.DelegatingConstructorAccessorImpl.newInstance(DelegatingConstructorAccessorImpl.java:45)
	at java.lang.reflect.Constructor.newInstance(Constructor.java:423)
	at org.openqa.selenium.remote.http.W3CHttpResponseCodec.createException(W3CHttpResponseCodec.java:187)
	at org.openqa.selenium.remote.http.W3CHttpResponseCodec.decode(W3CHttpResponseCodec.java:122)
	at org.openqa.selenium.remote.http.W3CHttpResponseCodec.decode(W3CHttpResponseCodec.java:49)
	at org.openqa.selenium.remote.HttpCommandExecutor.execute(HttpCommandExecutor.java:158)
	at org.openqa.selenium.remote.RemoteWebDriver.execute(RemoteWebDriver.java:552)
	at org.openqa.selenium.remote.RemoteWebDriver.executeScript(RemoteWebDriver.java:489)
	at org.webrtc.kite.telemed.steps.OpenUrlStep.step(OpenUrlStep.java:59)
	at io.cosmosoftware.kite.steps.TestStep.execute(TestStep.java:81)
	at io.cosmosoftware.kite.steps.TestStep.processTestStep(TestStep.java:329)
	at org.webrtc.kite.tests.TestRunner.call(TestRunner.java:187)
	at java.util.concurrent.FutureTask.run(FutureTask.java:266)
	at java.util.concurrent.ThreadPoolExecutor.runWorker(ThreadPoolExecutor.java:1149)
	at java.util.concurrent.ThreadPoolExecutor$Worker.run(ThreadPoolExecutor.java:624)
	at java.lang.Thread.run(Thread.java:750)

 2023-07-31 17:45:28,823 WARN  - ch115_WIN-a796e - 0: [SKIPPING] Get the browser console logs.
 2023-07-31 17:45:28,823 INFO  - ch115_WIN-a796e - 0:  [BROKEN] Open https://falgsc.eu.org/
 2023-07-31 17:45:28,823 WARN  - ch115_WIN-a796e - 0: [SKIPPING] Open https://falgsc.eu.org//#/pocPJ/166
 2023-07-31 17:45:28,824 ERROR - Step broken:
   message = ***UNHANDLED EXCEPTION*** 
 This is a bug and must be fixed. The exception must be caught and thrown as KiteTestException
   trace = org.openqa.selenium.JavascriptException: javascript error: eyJhbGciOiJIUzI1NiIsInR5cCI6IkpXVCJ9 is not defined
  (Session info: chrome=115.0.5790.110)
Build info: version: 'unknown', revision: 'unknown', time: 'unknown'
System info: host: 'NORMALBOOK', ip: '192.168.178.64', os.name: 'Windows 11', os.arch: 'amd64', os.version: '10.0', java.version: '1.8.0_372'
Driver info: org.openqa.selenium.remote.RemoteWebDriver
Capabilities {acceptInsecureCerts: false, browserName: chrome, browserVersion: 115.0.5790.110, chrome: {chromedriverVersion: 114.0.5735.90 (386bc09e8f4f..., userDataDir: C:\Users\giann\AppData\Loca...}, goog:chromeOptions: {debuggerAddress: localhost:56624}, javascriptEnabled: true, networkConnectionEnabled: false, pageLoadStrategy: eager, platform: WINDOWS, platformName: WINDOWS, proxy: Proxy(), setWindowRect: true, strictFileInteractability: false, timeouts: {implicit: 0, pageLoad: 300000, script: 30000}, unhandledPromptBehavior: dismiss and notify, webauthn:extension:credBlob: true, webauthn:extension:largeBlob: true, webauthn:extension:minPinLength: true, webauthn:extension:prf: true, webauthn:virtualAuthenticators: true, webdriver.remote.sessionid: d25de67ef0da81c4b9905fba90a...}
Session ID: d25de67ef0da81c4b9905fba90a3d52f
	at sun.reflect.NativeConstructorAccessorImpl.newInstance0(Native Method)
	at sun.reflect.NativeConstructorAccessorImpl.newInstance(NativeConstructorAccessorImpl.java:62)
	at sun.reflect.DelegatingConstructorAccessorImpl.newInstance(DelegatingConstructorAccessorImpl.java:45)
	at java.lang.reflect.Constructor.newInstance(Constructor.java:423)
	at org.openqa.selenium.remote.http.W3CHttpResponseCodec.createException(W3CHttpResponseCodec.java:187)
	at org.openqa.selenium.remote.http.W3CHttpResponseCodec.decode(W3CHttpResponseCodec.java:122)
	at org.openqa.selenium.remote.http.W3CHttpResponseCodec.decode(W3CHttpResponseCodec.java:49)
	at org.openqa.selenium.remote.HttpCommandExecutor.execute(HttpCommandExecutor.java:158)
	at org.openqa.selenium.remote.RemoteWebDriver.execute(RemoteWebDriver.java:552)
	at org.openqa.selenium.remote.RemoteWebDriver.executeScript(RemoteWebDriver.java:489)
	at org.webrtc.kite.telemed.steps.OpenUrlStep.step(OpenUrlStep.java:59)
	at io.cosmosoftware.kite.steps.TestStep.execute(TestStep.java:81)
	at io.cosmosoftware.kite.steps.TestStep.processTestStep(TestStep.java:329)
	at org.webrtc.kite.tests.TestRunner.call(TestRunner.java:187)
	at java.util.concurrent.FutureTask.run(FutureTask.java:266)
	at java.util.concurrent.ThreadPoolExecutor.runWorker(ThreadPoolExecutor.java:1149)
	at java.util.concurrent.ThreadPoolExecutor$Worker.run(ThreadPoolExecutor.java:624)
	at java.lang.Thread.run(Thread.java:750)

 2023-07-31 17:45:28,828 WARN  - ch115_WIN-d25de - 1: [SKIPPING] Get the browser console logs.
 2023-07-31 17:45:28,829 INFO  - ch115_WIN-d25de - 1:  [BROKEN] Open https://falgsc.eu.org/
 2023-07-31 17:45:28,829 WARN  - ch115_WIN-d25de - 1: [SKIPPING] Open https://falgsc.eu.org//#/pocPJ/166
 2023-07-31 17:45:28,830 INFO  - execute(DEFAULT) completed.
 2023-07-31 17:45:28,831 INFO  - Terminating, quiting webdriver
 2023-07-31 17:45:28,831 INFO  - Closing down webDrivers
 2023-07-31 17:45:29,545 INFO  - Test FAILED
 2023-07-31 17:45:29,546 INFO  - Matrix runner at last phase, ending. 
 2023-07-31 17:45:29,557 WARN  - Adding [0, 0] to retry list..
 2023-07-31 17:45:29,560 INFO  - Reading 'C:\Users\giann\Documents\Progetti\KITE\KITE-Telemed-Test\.\configs\telemed.config.json' ...
 2023-07-31 17:45:29,563 WARN  - Done! Some test cases might need to be rerun!
 2023-07-31 17:45:29,563 INFO  - Reading 'C:\Users\giann\Documents\Progetti\KITE\KITE-Telemed-Test\.\configs\telemed.config.json' ...
 2023-07-31 17:45:29,567 INFO  - shutdownExecutors() done.
 2023-07-31 17:46:23,021 INFO  - Reading 'C:\Users\giann\Documents\Progetti\KITE\KITE-Telemed-Test\.\configs\telemed.config.json' ...
 2023-07-31 17:46:23,212 INFO  - new RoomManager(2 max per room) for https://falgsc.eu.org/
 2023-07-31 17:46:23,212 INFO  - Please make sure that you have enough room for all users.
 2023-07-31 17:46:23,213 INFO  - getRoomUrl(random) function, with random value = true/false, will give you the base url with or without a randomized ID.
 2023-07-31 17:46:23,213 INFO  - Finished reading the configuration file
 2023-07-31 17:46:23,213 INFO  - Creating report folder if not exist at :C:\Users\giann\Documents\Progetti\KITE\KITE-Telemed-Test/kite-allure-reports/
 2023-07-31 17:46:23,216 INFO  - Running {"type":"interop","name":"Telemed Test %ts","testImpl":"org.webrtc.kite.telemed.KiteTelemedTest","description":"Telemed test description","tupleSize":2,"noOfThreads":1,"maxRetryCount":0,"delayForClosing":0,"permute":true} ...
 2023-07-31 17:46:23,219 INFO  - Executing {"type":"interop","name":"Telemed Test %ts","testImpl":"org.webrtc.kite.telemed.KiteTelemedTest","description":"Telemed test description","tupleSize":2,"noOfThreads":1,"maxRetryCount":0,"delayForClosing":0,"permute":true} for 1 browser tuples with size :2
 2023-07-31 17:46:23,222 INFO  - current phase in test manager has been set to DEFAULT
 2023-07-31 17:46:23,226 INFO  - 
           |--------------------------------------------------
           | Number of registered tests: 0
           | Elapsed time: 0m0s (avg:0m0s)
           | Running test case with ID: 0/1
           | ETA (for Telemed Test %ts): Estimating..
           |--------------------------------------------------
 2023-07-31 17:46:23,228 INFO  - execute(DEFAULT) for the test case: WIN_ch-WIN_ch (2023-07-31-174623)
 2023-07-31 17:46:23,229 INFO  - Not load test, init report for test
 2023-07-31 17:46:23,230 INFO  - Finished filling out initial report for phase 
 2023-07-31 17:46:23,230 INFO  - payload handling
 2023-07-31 17:46:23,231 INFO  - the payload is {"url":"https://falgsc.eu.org/","usersPerRoom":2,"getStats":{"enabled":true,"statsCollectionTime":2,"statsCollectionInterval":1,"peerConnections":["ng.getComponent($('app-videocall-pj')[0]).mediaConnection.peerConnection"],"selectedStats":["inbound-rtp","outbound-rtp","local-candidate","remote-candidate","candidate-pair","stream","peer-connection","codec","track","transport"]}}
 2023-07-31 17:46:23,232 INFO  - Creating runners
 2023-07-31 17:46:23,233 INFO  - Start creating the TestRunner id 1 in 0ms
 2023-07-31 17:46:23,233 INFO  - Start creating the TestRunner id 0 in 0ms
 2023-07-31 17:46:23,243 INFO  - unknown(no Web Driver): Creating web driver for {"app":false,"kind":"browser","logger":{"name":"org.webrtc.kite.config.client.Client","debugEnabled":true},"count":5,"clientIndex":0,"fullReset":false,"jsonConfig":{"browserName":{},"platform":{}},"capability":{"headless":false,"windowSize":"1920,1200","technologyPreview":false,"useFakeMedia":true,"flags":[],"extraCapabilities":{},"maxInstances":5,"gateway":"none"},"paas":{"specList":[],"networkProfile":{"delay":0,"corrupt":0,"cleanUpCommand":"","bandwidth":0,"packetloss":0,"name":"NONE","id":"","duplicate":0,"command":""},"availableSlots":3,"type":"local","region":"NC","url":"http://localhost:4444/wd/hub"},"name":"0","networkProfile":{"delay":0,"corrupt":0,"cleanUpCommand":"","bandwidth":0,"packetloss":0,"name":"","id":"","duplicate":0,"command":""},"exclude":false,"browserSpecs":{"extension":"","profile":"","driverString":"-Dwebdriver.chrome.driver=./chromedriver","browserName":"chrome","deviceName":"unknown","platform":"WINDOWS"},"region":"NC"}
 2023-07-31 17:46:23,243 INFO  - unknown(no Web Driver): Creating web driver for {"app":false,"kind":"browser","logger":{"name":"org.webrtc.kite.config.client.Client","debugEnabled":true},"count":5,"clientIndex":0,"fullReset":false,"jsonConfig":{"browserName":{},"platform":{}},"capability":{"headless":false,"windowSize":"1920,1200","technologyPreview":false,"useFakeMedia":true,"flags":[],"extraCapabilities":{},"maxInstances":5,"gateway":"none"},"paas":{"specList":[],"networkProfile":{"delay":0,"corrupt":0,"cleanUpCommand":"","bandwidth":0,"packetloss":0,"name":"NONE","id":"","duplicate":0,"command":""},"availableSlots":3,"type":"local","region":"NC","url":"http://localhost:4444/wd/hub"},"name":"1","networkProfile":{"delay":0,"corrupt":0,"cleanUpCommand":"","bandwidth":0,"packetloss":0,"name":"","id":"","duplicate":0,"command":""},"exclude":false,"browserSpecs":{"extension":"","profile":"","driverString":"-Dwebdriver.chrome.driver=./chromedriver","browserName":"chrome","deviceName":"unknown","platform":"WINDOWS"},"region":"NC"}
 2023-07-31 17:46:24,951 INFO  - unknown(no Web Driver):  [PASSED] Initiate webDriver for client
 2023-07-31 17:46:24,954 INFO  - unknown(no Web Driver):  [PASSED] Initiate webDriver for client
 2023-07-31 17:46:24,969 INFO  - Starting the execution of the test runners in parallel 
 2023-07-31 17:46:24,971 INFO  - Start processing the TestRunner(DEFAULT) id 0 in 0ms
 2023-07-31 17:46:24,971 INFO  - Start processing the TestRunner(DEFAULT) id 1 in 0ms
 2023-07-31 17:46:25,990 INFO  - ch115_WIN-08bb7 - 0: localStorage.setItem('jwt_token', eyJhbGciOiJIUzI1NiIsInR5cCI6IkpXVCJ9.eyJlbWFpbCI6ImdpYW5uaTAwcGFsbWllcmlAZ21haWwuY29tIiwiaWQiOjEsImlhdCI6MTY5MDgxODM2OSwiZXhwIjoxNjkwODIxOTY5fQ.6RqtE209IG3NJ1N6buk5t7kS7lOQDvQ6a9xHIP7F72E);
 2023-07-31 17:46:26,225 ERROR - Step broken:
   message = ***UNHANDLED EXCEPTION*** 
 This is a bug and must be fixed. The exception must be caught and thrown as KiteTestException
   trace = org.openqa.selenium.JavascriptException: javascript error: missing ) after argument list
  (Session info: chrome=115.0.5790.110)
Build info: version: 'unknown', revision: 'unknown', time: 'unknown'
System info: host: 'NORMALBOOK', ip: '192.168.178.64', os.name: 'Windows 11', os.arch: 'amd64', os.version: '10.0', java.version: '1.8.0_372'
Driver info: org.openqa.selenium.remote.RemoteWebDriver
Capabilities {acceptInsecureCerts: false, browserName: chrome, browserVersion: 115.0.5790.110, chrome: {chromedriverVersion: 114.0.5735.90 (386bc09e8f4f..., userDataDir: C:\Users\giann\AppData\Loca...}, goog:chromeOptions: {debuggerAddress: localhost:56727}, javascriptEnabled: true, networkConnectionEnabled: false, pageLoadStrategy: eager, platform: WINDOWS, platformName: WINDOWS, proxy: Proxy(), setWindowRect: true, strictFileInteractability: false, timeouts: {implicit: 0, pageLoad: 300000, script: 30000}, unhandledPromptBehavior: dismiss and notify, webauthn:extension:credBlob: true, webauthn:extension:largeBlob: true, webauthn:extension:minPinLength: true, webauthn:extension:prf: true, webauthn:virtualAuthenticators: true, webdriver.remote.sessionid: 08bb745bf308bd3a7ce387b2276...}
Session ID: 08bb745bf308bd3a7ce387b2276dd6b4
	at sun.reflect.NativeConstructorAccessorImpl.newInstance0(Native Method)
	at sun.reflect.NativeConstructorAccessorImpl.newInstance(NativeConstructorAccessorImpl.java:62)
	at sun.reflect.DelegatingConstructorAccessorImpl.newInstance(DelegatingConstructorAccessorImpl.java:45)
	at java.lang.reflect.Constructor.newInstance(Constructor.java:423)
	at org.openqa.selenium.remote.http.W3CHttpResponseCodec.createException(W3CHttpResponseCodec.java:187)
	at org.openqa.selenium.remote.http.W3CHttpResponseCodec.decode(W3CHttpResponseCodec.java:122)
	at org.openqa.selenium.remote.http.W3CHttpResponseCodec.decode(W3CHttpResponseCodec.java:49)
	at org.openqa.selenium.remote.HttpCommandExecutor.execute(HttpCommandExecutor.java:158)
	at org.openqa.selenium.remote.RemoteWebDriver.execute(RemoteWebDriver.java:552)
	at org.openqa.selenium.remote.RemoteWebDriver.executeScript(RemoteWebDriver.java:489)
	at org.webrtc.kite.telemed.steps.OpenUrlStep.step(OpenUrlStep.java:59)
	at io.cosmosoftware.kite.steps.TestStep.execute(TestStep.java:81)
	at io.cosmosoftware.kite.steps.TestStep.processTestStep(TestStep.java:329)
	at org.webrtc.kite.tests.TestRunner.call(TestRunner.java:187)
	at java.util.concurrent.FutureTask.run(FutureTask.java:266)
	at java.util.concurrent.ThreadPoolExecutor.runWorker(ThreadPoolExecutor.java:1149)
	at java.util.concurrent.ThreadPoolExecutor$Worker.run(ThreadPoolExecutor.java:624)
	at java.lang.Thread.run(Thread.java:750)

 2023-07-31 17:46:26,230 WARN  - ch115_WIN-08bb7 - 0: [SKIPPING] Get the browser console logs.
 2023-07-31 17:46:26,231 INFO  - ch115_WIN-08bb7 - 0:  [BROKEN] Open https://falgsc.eu.org/
 2023-07-31 17:46:26,231 WARN  - ch115_WIN-08bb7 - 0: [SKIPPING] Open https://falgsc.eu.org//#/pocPJ/166
 2023-07-31 17:46:26,232 ERROR - Step broken:
   message = ***UNHANDLED EXCEPTION*** 
 This is a bug and must be fixed. The exception must be caught and thrown as KiteTestException
   trace = org.openqa.selenium.JavascriptException: javascript error: Invalid or unexpected token
  (Session info: chrome=115.0.5790.110)
Build info: version: 'unknown', revision: 'unknown', time: 'unknown'
System info: host: 'NORMALBOOK', ip: '192.168.178.64', os.name: 'Windows 11', os.arch: 'amd64', os.version: '10.0', java.version: '1.8.0_372'
Driver info: org.openqa.selenium.remote.RemoteWebDriver
Capabilities {acceptInsecureCerts: false, browserName: chrome, browserVersion: 115.0.5790.110, chrome: {chromedriverVersion: 114.0.5735.90 (386bc09e8f4f..., userDataDir: C:\Users\giann\AppData\Loca...}, goog:chromeOptions: {debuggerAddress: localhost:56728}, javascriptEnabled: true, networkConnectionEnabled: false, pageLoadStrategy: eager, platform: WINDOWS, platformName: WINDOWS, proxy: Proxy(), setWindowRect: true, strictFileInteractability: false, timeouts: {implicit: 0, pageLoad: 300000, script: 30000}, unhandledPromptBehavior: dismiss and notify, webauthn:extension:credBlob: true, webauthn:extension:largeBlob: true, webauthn:extension:minPinLength: true, webauthn:extension:prf: true, webauthn:virtualAuthenticators: true, webdriver.remote.sessionid: 464a5c829843f5989aa4ffa7ac2...}
Session ID: 464a5c829843f5989aa4ffa7ac274ec4
	at sun.reflect.NativeConstructorAccessorImpl.newInstance0(Native Method)
	at sun.reflect.NativeConstructorAccessorImpl.newInstance(NativeConstructorAccessorImpl.java:62)
	at sun.reflect.DelegatingConstructorAccessorImpl.newInstance(DelegatingConstructorAccessorImpl.java:45)
	at java.lang.reflect.Constructor.newInstance(Constructor.java:423)
	at org.openqa.selenium.remote.http.W3CHttpResponseCodec.createException(W3CHttpResponseCodec.java:187)
	at org.openqa.selenium.remote.http.W3CHttpResponseCodec.decode(W3CHttpResponseCodec.java:122)
	at org.openqa.selenium.remote.http.W3CHttpResponseCodec.decode(W3CHttpResponseCodec.java:49)
	at org.openqa.selenium.remote.HttpCommandExecutor.execute(HttpCommandExecutor.java:158)
	at org.openqa.selenium.remote.RemoteWebDriver.execute(RemoteWebDriver.java:552)
	at org.openqa.selenium.remote.RemoteWebDriver.executeScript(RemoteWebDriver.java:489)
	at org.webrtc.kite.telemed.steps.OpenUrlStep.step(OpenUrlStep.java:59)
	at io.cosmosoftware.kite.steps.TestStep.execute(TestStep.java:81)
	at io.cosmosoftware.kite.steps.TestStep.processTestStep(TestStep.java:329)
	at org.webrtc.kite.tests.TestRunner.call(TestRunner.java:187)
	at java.util.concurrent.FutureTask.run(FutureTask.java:266)
	at java.util.concurrent.ThreadPoolExecutor.runWorker(ThreadPoolExecutor.java:1149)
	at java.util.concurrent.ThreadPoolExecutor$Worker.run(ThreadPoolExecutor.java:624)
	at java.lang.Thread.run(Thread.java:750)

 2023-07-31 17:46:26,239 WARN  - ch115_WIN-464a5 - 1: [SKIPPING] Get the browser console logs.
 2023-07-31 17:46:26,239 INFO  - ch115_WIN-464a5 - 1:  [BROKEN] Open https://falgsc.eu.org/
 2023-07-31 17:46:26,239 WARN  - ch115_WIN-464a5 - 1: [SKIPPING] Open https://falgsc.eu.org//#/pocPJ/166
 2023-07-31 17:46:26,240 INFO  - execute(DEFAULT) completed.
 2023-07-31 17:46:26,240 INFO  - Terminating, quiting webdriver
 2023-07-31 17:46:26,241 INFO  - Closing down webDrivers
 2023-07-31 17:46:26,917 INFO  - Test FAILED
 2023-07-31 17:46:26,917 INFO  - Matrix runner at last phase, ending. 
 2023-07-31 17:46:26,925 WARN  - Adding [0, 0] to retry list..
 2023-07-31 17:46:26,930 INFO  - Reading 'C:\Users\giann\Documents\Progetti\KITE\KITE-Telemed-Test\.\configs\telemed.config.json' ...
 2023-07-31 17:46:26,932 WARN  - Done! Some test cases might need to be rerun!
 2023-07-31 17:46:26,933 INFO  - Reading 'C:\Users\giann\Documents\Progetti\KITE\KITE-Telemed-Test\.\configs\telemed.config.json' ...
 2023-07-31 17:46:26,937 INFO  - shutdownExecutors() done.
 2023-07-31 17:47:29,695 INFO  - Reading 'C:\Users\giann\Documents\Progetti\KITE\KITE-Telemed-Test\.\configs\telemed.config.json' ...
 2023-07-31 17:47:29,866 INFO  - new RoomManager(2 max per room) for https://falgsc.eu.org/
 2023-07-31 17:47:29,866 INFO  - Please make sure that you have enough room for all users.
 2023-07-31 17:47:29,866 INFO  - getRoomUrl(random) function, with random value = true/false, will give you the base url with or without a randomized ID.
 2023-07-31 17:47:29,868 INFO  - Finished reading the configuration file
 2023-07-31 17:47:29,868 INFO  - Creating report folder if not exist at :C:\Users\giann\Documents\Progetti\KITE\KITE-Telemed-Test/kite-allure-reports/
 2023-07-31 17:47:29,871 INFO  - Running {"type":"interop","name":"Telemed Test %ts","testImpl":"org.webrtc.kite.telemed.KiteTelemedTest","description":"Telemed test description","tupleSize":2,"noOfThreads":1,"maxRetryCount":0,"delayForClosing":0,"permute":true} ...
 2023-07-31 17:47:29,874 INFO  - Executing {"type":"interop","name":"Telemed Test %ts","testImpl":"org.webrtc.kite.telemed.KiteTelemedTest","description":"Telemed test description","tupleSize":2,"noOfThreads":1,"maxRetryCount":0,"delayForClosing":0,"permute":true} for 1 browser tuples with size :2
 2023-07-31 17:47:29,878 INFO  - current phase in test manager has been set to DEFAULT
 2023-07-31 17:47:29,882 INFO  - 
           |--------------------------------------------------
           | Number of registered tests: 0
           | Elapsed time: 0m0s (avg:0m0s)
           | Running test case with ID: 0/1
           | ETA (for Telemed Test %ts): Estimating..
           |--------------------------------------------------
 2023-07-31 17:47:29,883 INFO  - execute(DEFAULT) for the test case: WIN_ch-WIN_ch (2023-07-31-174729)
 2023-07-31 17:47:29,885 INFO  - Not load test, init report for test
 2023-07-31 17:47:29,886 INFO  - Finished filling out initial report for phase 
 2023-07-31 17:47:29,886 INFO  - payload handling
 2023-07-31 17:47:29,886 INFO  - the payload is {"url":"https://falgsc.eu.org/","usersPerRoom":2,"getStats":{"enabled":true,"statsCollectionTime":2,"statsCollectionInterval":1,"peerConnections":["ng.getComponent($('app-videocall-pj')[0]).mediaConnection.peerConnection"],"selectedStats":["inbound-rtp","outbound-rtp","local-candidate","remote-candidate","candidate-pair","stream","peer-connection","codec","track","transport"]}}
 2023-07-31 17:47:29,888 INFO  - Creating runners
 2023-07-31 17:47:29,889 INFO  - Start creating the TestRunner id 0 in 0ms
 2023-07-31 17:47:29,889 INFO  - Start creating the TestRunner id 1 in 0ms
 2023-07-31 17:47:29,899 INFO  - unknown(no Web Driver): Creating web driver for {"app":false,"kind":"browser","logger":{"name":"org.webrtc.kite.config.client.Client","debugEnabled":true},"count":5,"clientIndex":0,"fullReset":false,"jsonConfig":{"browserName":{},"platform":{}},"capability":{"headless":false,"windowSize":"1920,1200","technologyPreview":false,"useFakeMedia":true,"flags":[],"extraCapabilities":{},"maxInstances":5,"gateway":"none"},"paas":{"specList":[],"networkProfile":{"delay":0,"corrupt":0,"cleanUpCommand":"","bandwidth":0,"packetloss":0,"name":"NONE","duplicate":0,"id":"","command":""},"availableSlots":3,"type":"local","region":"NC","url":"http://localhost:4444/wd/hub"},"name":"0","networkProfile":{"delay":0,"corrupt":0,"cleanUpCommand":"","bandwidth":0,"packetloss":0,"name":"","duplicate":0,"id":"","command":""},"exclude":false,"browserSpecs":{"extension":"","profile":"","driverString":"-Dwebdriver.chrome.driver=./chromedriver","browserName":"chrome","deviceName":"unknown","platform":"WINDOWS"},"region":"NC"}
 2023-07-31 17:47:29,899 INFO  - unknown(no Web Driver): Creating web driver for {"app":false,"kind":"browser","logger":{"name":"org.webrtc.kite.config.client.Client","debugEnabled":true},"count":5,"clientIndex":0,"fullReset":false,"jsonConfig":{"browserName":{},"platform":{}},"capability":{"headless":false,"windowSize":"1920,1200","technologyPreview":false,"useFakeMedia":true,"flags":[],"extraCapabilities":{},"maxInstances":5,"gateway":"none"},"paas":{"specList":[],"networkProfile":{"delay":0,"corrupt":0,"cleanUpCommand":"","bandwidth":0,"packetloss":0,"name":"NONE","duplicate":0,"id":"","command":""},"availableSlots":3,"type":"local","region":"NC","url":"http://localhost:4444/wd/hub"},"name":"1","networkProfile":{"delay":0,"corrupt":0,"cleanUpCommand":"","bandwidth":0,"packetloss":0,"name":"","duplicate":0,"id":"","command":""},"exclude":false,"browserSpecs":{"extension":"","profile":"","driverString":"-Dwebdriver.chrome.driver=./chromedriver","browserName":"chrome","deviceName":"unknown","platform":"WINDOWS"},"region":"NC"}
 2023-07-31 17:47:31,655 INFO  - unknown(no Web Driver):  [PASSED] Initiate webDriver for client
 2023-07-31 17:47:31,655 INFO  - unknown(no Web Driver):  [PASSED] Initiate webDriver for client
 2023-07-31 17:47:31,671 INFO  - Starting the execution of the test runners in parallel 
 2023-07-31 17:47:31,671 INFO  - Start processing the TestRunner(DEFAULT) id 0 in 0ms
 2023-07-31 17:47:31,671 INFO  - Start processing the TestRunner(DEFAULT) id 1 in 0ms
 2023-07-31 17:47:32,717 INFO  - ch115_WIN-e177b - 0: localStorage.setItem('jwt_token', 'eyJhbGciOiJIUzI1NiIsInR5cCI6IkpXVCJ9.eyJlbWFpbCI6ImdpYW5uaTAwcGFsbWllcmlAZ21haWwuY29tIiwiaWQiOjEsImlhdCI6MTY5MDgxODQzNiwiZXhwIjoxNjkwODIyMDM2fQ.HLvKkZkLfUVgzgUYsX96Y_xmNXlswh7E97fC25rrxqU');
 2023-07-31 17:47:32,950 ERROR - Step broken:
   message = ***UNHANDLED EXCEPTION*** 
 This is a bug and must be fixed. The exception must be caught and thrown as KiteTestException
   trace = org.openqa.selenium.JavascriptException: javascript error: eyJhbGciOiJIUzI1NiIsInR5cCI6IkpXVCJ9 is not defined
  (Session info: chrome=115.0.5790.110)
Build info: version: 'unknown', revision: 'unknown', time: 'unknown'
System info: host: 'NORMALBOOK', ip: '192.168.178.64', os.name: 'Windows 11', os.arch: 'amd64', os.version: '10.0', java.version: '1.8.0_372'
Driver info: org.openqa.selenium.remote.RemoteWebDriver
Capabilities {acceptInsecureCerts: false, browserName: chrome, browserVersion: 115.0.5790.110, chrome: {chromedriverVersion: 114.0.5735.90 (386bc09e8f4f..., userDataDir: C:\Users\giann\AppData\Loca...}, goog:chromeOptions: {debuggerAddress: localhost:56858}, javascriptEnabled: true, networkConnectionEnabled: false, pageLoadStrategy: eager, platform: WINDOWS, platformName: WINDOWS, proxy: Proxy(), setWindowRect: true, strictFileInteractability: false, timeouts: {implicit: 0, pageLoad: 300000, script: 30000}, unhandledPromptBehavior: dismiss and notify, webauthn:extension:credBlob: true, webauthn:extension:largeBlob: true, webauthn:extension:minPinLength: true, webauthn:extension:prf: true, webauthn:virtualAuthenticators: true, webdriver.remote.sessionid: d44b5f9c77ddb3ec4e0bf31b0e8...}
Session ID: d44b5f9c77ddb3ec4e0bf31b0e8f7027
	at sun.reflect.NativeConstructorAccessorImpl.newInstance0(Native Method)
	at sun.reflect.NativeConstructorAccessorImpl.newInstance(NativeConstructorAccessorImpl.java:62)
	at sun.reflect.DelegatingConstructorAccessorImpl.newInstance(DelegatingConstructorAccessorImpl.java:45)
	at java.lang.reflect.Constructor.newInstance(Constructor.java:423)
	at org.openqa.selenium.remote.http.W3CHttpResponseCodec.createException(W3CHttpResponseCodec.java:187)
	at org.openqa.selenium.remote.http.W3CHttpResponseCodec.decode(W3CHttpResponseCodec.java:122)
	at org.openqa.selenium.remote.http.W3CHttpResponseCodec.decode(W3CHttpResponseCodec.java:49)
	at org.openqa.selenium.remote.HttpCommandExecutor.execute(HttpCommandExecutor.java:158)
	at org.openqa.selenium.remote.RemoteWebDriver.execute(RemoteWebDriver.java:552)
	at org.openqa.selenium.remote.RemoteWebDriver.executeScript(RemoteWebDriver.java:489)
	at org.webrtc.kite.telemed.steps.OpenUrlStep.step(OpenUrlStep.java:59)
	at io.cosmosoftware.kite.steps.TestStep.execute(TestStep.java:81)
	at io.cosmosoftware.kite.steps.TestStep.processTestStep(TestStep.java:329)
	at org.webrtc.kite.tests.TestRunner.call(TestRunner.java:187)
	at java.util.concurrent.FutureTask.run(FutureTask.java:266)
	at java.util.concurrent.ThreadPoolExecutor.runWorker(ThreadPoolExecutor.java:1149)
	at java.util.concurrent.ThreadPoolExecutor$Worker.run(ThreadPoolExecutor.java:624)
	at java.lang.Thread.run(Thread.java:750)

 2023-07-31 17:47:32,954 WARN  - ch115_WIN-d44b5 - 1: [SKIPPING] Get the browser console logs.
 2023-07-31 17:47:32,955 INFO  - ch115_WIN-d44b5 - 1:  [BROKEN] Open https://falgsc.eu.org/
 2023-07-31 17:47:32,955 WARN  - ch115_WIN-d44b5 - 1: [SKIPPING] Open https://falgsc.eu.org//#/pocPJ/166
 2023-07-31 17:47:32,956 ERROR - Step broken:
   message = ***UNHANDLED EXCEPTION*** 
 This is a bug and must be fixed. The exception must be caught and thrown as KiteTestException
   trace = org.openqa.selenium.JavascriptException: javascript error: eyJhbGciOiJIUzI1NiIsInR5cCI6IkpXVCJ9 is not defined
  (Session info: chrome=115.0.5790.110)
Build info: version: 'unknown', revision: 'unknown', time: 'unknown'
System info: host: 'NORMALBOOK', ip: '192.168.178.64', os.name: 'Windows 11', os.arch: 'amd64', os.version: '10.0', java.version: '1.8.0_372'
Driver info: org.openqa.selenium.remote.RemoteWebDriver
Capabilities {acceptInsecureCerts: false, browserName: chrome, browserVersion: 115.0.5790.110, chrome: {chromedriverVersion: 114.0.5735.90 (386bc09e8f4f..., userDataDir: C:\Users\giann\AppData\Loca...}, goog:chromeOptions: {debuggerAddress: localhost:56857}, javascriptEnabled: true, networkConnectionEnabled: false, pageLoadStrategy: eager, platform: WINDOWS, platformName: WINDOWS, proxy: Proxy(), setWindowRect: true, strictFileInteractability: false, timeouts: {implicit: 0, pageLoad: 300000, script: 30000}, unhandledPromptBehavior: dismiss and notify, webauthn:extension:credBlob: true, webauthn:extension:largeBlob: true, webauthn:extension:minPinLength: true, webauthn:extension:prf: true, webauthn:virtualAuthenticators: true, webdriver.remote.sessionid: e177b5d7ff1325aacb5404a6c5a...}
Session ID: e177b5d7ff1325aacb5404a6c5a64d21
	at sun.reflect.NativeConstructorAccessorImpl.newInstance0(Native Method)
	at sun.reflect.NativeConstructorAccessorImpl.newInstance(NativeConstructorAccessorImpl.java:62)
	at sun.reflect.DelegatingConstructorAccessorImpl.newInstance(DelegatingConstructorAccessorImpl.java:45)
	at java.lang.reflect.Constructor.newInstance(Constructor.java:423)
	at org.openqa.selenium.remote.http.W3CHttpResponseCodec.createException(W3CHttpResponseCodec.java:187)
	at org.openqa.selenium.remote.http.W3CHttpResponseCodec.decode(W3CHttpResponseCodec.java:122)
	at org.openqa.selenium.remote.http.W3CHttpResponseCodec.decode(W3CHttpResponseCodec.java:49)
	at org.openqa.selenium.remote.HttpCommandExecutor.execute(HttpCommandExecutor.java:158)
	at org.openqa.selenium.remote.RemoteWebDriver.execute(RemoteWebDriver.java:552)
	at org.openqa.selenium.remote.RemoteWebDriver.executeScript(RemoteWebDriver.java:489)
	at org.webrtc.kite.telemed.steps.OpenUrlStep.step(OpenUrlStep.java:59)
	at io.cosmosoftware.kite.steps.TestStep.execute(TestStep.java:81)
	at io.cosmosoftware.kite.steps.TestStep.processTestStep(TestStep.java:329)
	at org.webrtc.kite.tests.TestRunner.call(TestRunner.java:187)
	at java.util.concurrent.FutureTask.run(FutureTask.java:266)
	at java.util.concurrent.ThreadPoolExecutor.runWorker(ThreadPoolExecutor.java:1149)
	at java.util.concurrent.ThreadPoolExecutor$Worker.run(ThreadPoolExecutor.java:624)
	at java.lang.Thread.run(Thread.java:750)

 2023-07-31 17:47:32,959 WARN  - ch115_WIN-e177b - 0: [SKIPPING] Get the browser console logs.
 2023-07-31 17:47:32,959 INFO  - ch115_WIN-e177b - 0:  [BROKEN] Open https://falgsc.eu.org/
 2023-07-31 17:47:32,959 WARN  - ch115_WIN-e177b - 0: [SKIPPING] Open https://falgsc.eu.org//#/pocPJ/166
 2023-07-31 17:47:32,960 INFO  - execute(DEFAULT) completed.
 2023-07-31 17:47:32,960 INFO  - Terminating, quiting webdriver
 2023-07-31 17:47:32,960 INFO  - Closing down webDrivers
 2023-07-31 17:47:33,631 INFO  - Test FAILED
 2023-07-31 17:47:33,631 INFO  - Matrix runner at last phase, ending. 
 2023-07-31 17:47:33,643 WARN  - Adding [0, 0] to retry list..
 2023-07-31 17:47:33,648 INFO  - Reading 'C:\Users\giann\Documents\Progetti\KITE\KITE-Telemed-Test\.\configs\telemed.config.json' ...
 2023-07-31 17:47:33,650 WARN  - Done! Some test cases might need to be rerun!
 2023-07-31 17:47:33,650 INFO  - Reading 'C:\Users\giann\Documents\Progetti\KITE\KITE-Telemed-Test\.\configs\telemed.config.json' ...
 2023-07-31 17:47:33,654 INFO  - shutdownExecutors() done.
 2023-07-31 17:48:55,970 INFO  - Reading 'C:\Users\giann\Documents\Progetti\KITE\KITE-Telemed-Test\.\configs\telemed.config.json' ...
 2023-07-31 17:48:56,161 INFO  - new RoomManager(2 max per room) for https://falgsc.eu.org/
 2023-07-31 17:48:56,161 INFO  - Please make sure that you have enough room for all users.
 2023-07-31 17:48:56,161 INFO  - getRoomUrl(random) function, with random value = true/false, will give you the base url with or without a randomized ID.
 2023-07-31 17:48:56,163 INFO  - Finished reading the configuration file
 2023-07-31 17:48:56,163 INFO  - Creating report folder if not exist at :C:\Users\giann\Documents\Progetti\KITE\KITE-Telemed-Test/kite-allure-reports/
 2023-07-31 17:48:56,167 INFO  - Running {"type":"interop","name":"Telemed Test %ts","testImpl":"org.webrtc.kite.telemed.KiteTelemedTest","description":"Telemed test description","tupleSize":2,"noOfThreads":1,"maxRetryCount":0,"delayForClosing":0,"permute":true} ...
 2023-07-31 17:48:56,171 INFO  - Executing {"type":"interop","name":"Telemed Test %ts","testImpl":"org.webrtc.kite.telemed.KiteTelemedTest","description":"Telemed test description","tupleSize":2,"noOfThreads":1,"maxRetryCount":0,"delayForClosing":0,"permute":true} for 1 browser tuples with size :2
 2023-07-31 17:48:56,174 INFO  - current phase in test manager has been set to DEFAULT
 2023-07-31 17:48:56,177 INFO  - 
           |--------------------------------------------------
           | Number of registered tests: 0
           | Elapsed time: 0m0s (avg:0m0s)
           | Running test case with ID: 0/1
           | ETA (for Telemed Test %ts): Estimating..
           |--------------------------------------------------
 2023-07-31 17:48:56,179 INFO  - execute(DEFAULT) for the test case: WIN_ch-WIN_ch (2023-07-31-174856)
 2023-07-31 17:48:56,181 INFO  - Not load test, init report for test
 2023-07-31 17:48:56,182 INFO  - Finished filling out initial report for phase 
 2023-07-31 17:48:56,183 INFO  - payload handling
 2023-07-31 17:48:56,183 INFO  - the payload is {"url":"https://falgsc.eu.org/","usersPerRoom":2,"getStats":{"enabled":true,"statsCollectionTime":2,"statsCollectionInterval":1,"peerConnections":["ng.getComponent($('app-videocall-pj')[0]).mediaConnection.peerConnection"],"selectedStats":["inbound-rtp","outbound-rtp","local-candidate","remote-candidate","candidate-pair","stream","peer-connection","codec","track","transport"]}}
 2023-07-31 17:48:56,185 INFO  - Creating runners
 2023-07-31 17:48:56,186 INFO  - Start creating the TestRunner id 0 in 0ms
 2023-07-31 17:48:56,186 INFO  - Start creating the TestRunner id 1 in 0ms
 2023-07-31 17:48:56,197 INFO  - unknown(no Web Driver): Creating web driver for {"app":false,"kind":"browser","logger":{"name":"org.webrtc.kite.config.client.Client","debugEnabled":true},"count":5,"clientIndex":0,"fullReset":false,"jsonConfig":{"browserName":{},"platform":{}},"capability":{"headless":false,"windowSize":"1920,1200","technologyPreview":false,"useFakeMedia":true,"flags":[],"maxInstances":5,"extraCapabilities":{},"gateway":"none"},"paas":{"specList":[],"networkProfile":{"corrupt":0,"delay":0,"cleanUpCommand":"","bandwidth":0,"packetloss":0,"name":"NONE","id":"","duplicate":0,"command":""},"availableSlots":3,"type":"local","region":"NC","url":"http://localhost:4444/wd/hub"},"name":"1","networkProfile":{"corrupt":0,"delay":0,"cleanUpCommand":"","bandwidth":0,"packetloss":0,"name":"","id":"","duplicate":0,"command":""},"exclude":false,"browserSpecs":{"extension":"","profile":"","driverString":"-Dwebdriver.chrome.driver=./chromedriver","browserName":"chrome","deviceName":"unknown","platform":"WINDOWS"},"region":"NC"}
 2023-07-31 17:48:56,197 INFO  - unknown(no Web Driver): Creating web driver for {"app":false,"kind":"browser","logger":{"name":"org.webrtc.kite.config.client.Client","debugEnabled":true},"count":5,"clientIndex":0,"fullReset":false,"jsonConfig":{"browserName":{},"platform":{}},"capability":{"headless":false,"windowSize":"1920,1200","technologyPreview":false,"useFakeMedia":true,"flags":[],"maxInstances":5,"extraCapabilities":{},"gateway":"none"},"paas":{"specList":[],"networkProfile":{"corrupt":0,"delay":0,"cleanUpCommand":"","bandwidth":0,"packetloss":0,"name":"NONE","id":"","duplicate":0,"command":""},"availableSlots":3,"type":"local","region":"NC","url":"http://localhost:4444/wd/hub"},"name":"0","networkProfile":{"corrupt":0,"delay":0,"cleanUpCommand":"","bandwidth":0,"packetloss":0,"name":"","id":"","duplicate":0,"command":""},"exclude":false,"browserSpecs":{"extension":"","profile":"","driverString":"-Dwebdriver.chrome.driver=./chromedriver","browserName":"chrome","deviceName":"unknown","platform":"WINDOWS"},"region":"NC"}
 2023-07-31 17:48:57,920 INFO  - unknown(no Web Driver):  [PASSED] Initiate webDriver for client
 2023-07-31 17:48:57,920 INFO  - unknown(no Web Driver):  [PASSED] Initiate webDriver for client
 2023-07-31 17:48:57,934 INFO  - Starting the execution of the test runners in parallel 
 2023-07-31 17:48:57,934 INFO  - Start processing the TestRunner(DEFAULT) id 1 in 0ms
 2023-07-31 17:48:57,934 INFO  - Start processing the TestRunner(DEFAULT) id 0 in 0ms
 2023-07-31 17:50:25,189 INFO  - Closing down webDrivers
 2023-07-31 17:50:40,182 INFO  - Reading 'C:\Users\giann\Documents\Progetti\KITE\KITE-Telemed-Test\.\configs\telemed.config.json' ...
 2023-07-31 17:50:40,418 INFO  - new RoomManager(2 max per room) for https://falgsc.eu.org/
 2023-07-31 17:50:40,418 INFO  - Please make sure that you have enough room for all users.
 2023-07-31 17:50:40,419 INFO  - getRoomUrl(random) function, with random value = true/false, will give you the base url with or without a randomized ID.
 2023-07-31 17:50:40,419 INFO  - Finished reading the configuration file
 2023-07-31 17:50:40,419 INFO  - Creating report folder if not exist at :C:\Users\giann\Documents\Progetti\KITE\KITE-Telemed-Test/kite-allure-reports/
 2023-07-31 17:50:40,425 INFO  - Running {"type":"interop","name":"Telemed Test %ts","testImpl":"org.webrtc.kite.telemed.KiteTelemedTest","description":"Telemed test description","tupleSize":2,"noOfThreads":1,"maxRetryCount":0,"delayForClosing":0,"permute":true} ...
 2023-07-31 17:50:40,428 INFO  - Executing {"type":"interop","name":"Telemed Test %ts","testImpl":"org.webrtc.kite.telemed.KiteTelemedTest","description":"Telemed test description","tupleSize":2,"noOfThreads":1,"maxRetryCount":0,"delayForClosing":0,"permute":true} for 1 browser tuples with size :2
 2023-07-31 17:50:40,432 INFO  - current phase in test manager has been set to DEFAULT
 2023-07-31 17:50:40,435 INFO  - 
           |--------------------------------------------------
           | Number of registered tests: 0
           | Elapsed time: 0m0s (avg:0m0s)
           | Running test case with ID: 0/1
           | ETA (for Telemed Test %ts): Estimating..
           |--------------------------------------------------
 2023-07-31 17:50:40,437 INFO  - execute(DEFAULT) for the test case: WIN_ch-WIN_ch (2023-07-31-175040)
 2023-07-31 17:50:40,438 INFO  - Not load test, init report for test
 2023-07-31 17:50:40,439 INFO  - Finished filling out initial report for phase 
 2023-07-31 17:50:40,440 INFO  - payload handling
 2023-07-31 17:50:40,441 INFO  - the payload is {"url":"https://falgsc.eu.org/","usersPerRoom":2,"getStats":{"enabled":true,"statsCollectionTime":2,"statsCollectionInterval":1,"peerConnections":["ng.getComponent($('app-videocall-pj')[0]).mediaConnection.peerConnection"],"selectedStats":["inbound-rtp","outbound-rtp","local-candidate","remote-candidate","candidate-pair","stream","peer-connection","codec","track","transport"]}}
 2023-07-31 17:50:40,444 INFO  - Creating runners
 2023-07-31 17:50:40,445 INFO  - Start creating the TestRunner id 1 in 0ms
 2023-07-31 17:50:40,445 INFO  - Start creating the TestRunner id 0 in 0ms
 2023-07-31 17:50:40,457 INFO  - unknown(no Web Driver): Creating web driver for {"app":false,"kind":"browser","logger":{"name":"org.webrtc.kite.config.client.Client","debugEnabled":true},"count":5,"clientIndex":0,"fullReset":false,"jsonConfig":{"browserName":{},"platform":{}},"capability":{"headless":false,"windowSize":"1920,1200","technologyPreview":false,"useFakeMedia":true,"flags":[],"extraCapabilities":{},"maxInstances":5,"gateway":"none"},"paas":{"specList":[],"networkProfile":{"corrupt":0,"delay":0,"cleanUpCommand":"","bandwidth":0,"packetloss":0,"name":"NONE","id":"","duplicate":0,"command":""},"availableSlots":3,"type":"local","region":"NC","url":"http://localhost:4444/wd/hub"},"name":"1","networkProfile":{"corrupt":0,"delay":0,"cleanUpCommand":"","bandwidth":0,"packetloss":0,"name":"","id":"","duplicate":0,"command":""},"exclude":false,"browserSpecs":{"extension":"","profile":"","driverString":"-Dwebdriver.chrome.driver=./chromedriver","browserName":"chrome","deviceName":"unknown","platform":"WINDOWS"},"region":"NC"}
 2023-07-31 17:50:40,457 INFO  - unknown(no Web Driver): Creating web driver for {"app":false,"kind":"browser","logger":{"name":"org.webrtc.kite.config.client.Client","debugEnabled":true},"count":5,"clientIndex":0,"fullReset":false,"jsonConfig":{"browserName":{},"platform":{}},"capability":{"headless":false,"windowSize":"1920,1200","technologyPreview":false,"useFakeMedia":true,"flags":[],"extraCapabilities":{},"maxInstances":5,"gateway":"none"},"paas":{"specList":[],"networkProfile":{"corrupt":0,"delay":0,"cleanUpCommand":"","bandwidth":0,"packetloss":0,"name":"NONE","id":"","duplicate":0,"command":""},"availableSlots":3,"type":"local","region":"NC","url":"http://localhost:4444/wd/hub"},"name":"0","networkProfile":{"corrupt":0,"delay":0,"cleanUpCommand":"","bandwidth":0,"packetloss":0,"name":"","id":"","duplicate":0,"command":""},"exclude":false,"browserSpecs":{"extension":"","profile":"","driverString":"-Dwebdriver.chrome.driver=./chromedriver","browserName":"chrome","deviceName":"unknown","platform":"WINDOWS"},"region":"NC"}
 2023-07-31 17:50:42,702 INFO  - unknown(no Web Driver):  [PASSED] Initiate webDriver for client
 2023-07-31 17:50:42,702 INFO  - unknown(no Web Driver):  [PASSED] Initiate webDriver for client
 2023-07-31 17:50:42,719 INFO  - Starting the execution of the test runners in parallel 
 2023-07-31 17:50:42,720 INFO  - Start processing the TestRunner(DEFAULT) id 1 in 0ms
 2023-07-31 17:50:42,720 INFO  - Start processing the TestRunner(DEFAULT) id 0 in 0ms
 2023-07-31 17:50:43,861 INFO  - ch115_WIN-cf87f - 1:  [PASSED] Open https://falgsc.eu.org/
 2023-07-31 17:50:44,618 INFO  - ch115_WIN-f07dc - 0:  [PASSED] Open https://falgsc.eu.org/
 2023-07-31 17:51:25,097 INFO  - Closing down webDrivers
 2023-07-31 18:00:02,124 INFO  - Reading 'C:\Users\giann\Documents\Progetti\KITE\KITE-Telemed-Test\.\configs\telemed.config.json' ...
 2023-07-31 18:00:02,365 INFO  - new RoomManager(2 max per room) for https://falgsc.eu.org/
 2023-07-31 18:00:02,365 INFO  - Please make sure that you have enough room for all users.
 2023-07-31 18:00:02,365 INFO  - getRoomUrl(random) function, with random value = true/false, will give you the base url with or without a randomized ID.
 2023-07-31 18:00:02,365 INFO  - Finished reading the configuration file
 2023-07-31 18:00:02,366 INFO  - Creating report folder if not exist at :C:\Users\giann\Documents\Progetti\KITE\KITE-Telemed-Test/kite-allure-reports/
 2023-07-31 18:00:02,370 INFO  - Running {"type":"interop","name":"Telemed Test %ts","testImpl":"org.webrtc.kite.telemed.KiteTelemedTest","description":"Telemed test description","tupleSize":2,"noOfThreads":1,"maxRetryCount":0,"delayForClosing":0,"permute":true} ...
 2023-07-31 18:00:02,375 INFO  - Executing {"type":"interop","name":"Telemed Test %ts","testImpl":"org.webrtc.kite.telemed.KiteTelemedTest","description":"Telemed test description","tupleSize":2,"noOfThreads":1,"maxRetryCount":0,"delayForClosing":0,"permute":true} for 1 browser tuples with size :2
 2023-07-31 18:00:02,380 INFO  - current phase in test manager has been set to DEFAULT
 2023-07-31 18:00:02,385 INFO  - 
           |--------------------------------------------------
           | Number of registered tests: 0
           | Elapsed time: 0m0s (avg:0m0s)
           | Running test case with ID: 0/1
           | ETA (for Telemed Test %ts): Estimating..
           |--------------------------------------------------
 2023-07-31 18:00:02,386 INFO  - execute(DEFAULT) for the test case: WIN_ch-WIN_ch (2023-07-31-180002)
 2023-07-31 18:00:02,389 INFO  - Not load test, init report for test
 2023-07-31 18:00:02,391 INFO  - Finished filling out initial report for phase 
 2023-07-31 18:00:02,391 INFO  - payload handling
 2023-07-31 18:00:02,392 INFO  - the payload is {"url":"https://falgsc.eu.org/","usersPerRoom":2,"getStats":{"enabled":true,"statsCollectionTime":2,"statsCollectionInterval":1,"peerConnections":["ng.getComponent($('app-videocall-pj')[0]).mediaConnection.peerConnection"],"selectedStats":["inbound-rtp","outbound-rtp","local-candidate","remote-candidate","candidate-pair","stream","peer-connection","codec","track","transport"]}}
 2023-07-31 18:00:02,393 INFO  - Creating runners
 2023-07-31 18:00:02,395 INFO  - Start creating the TestRunner id 0 in 0ms
 2023-07-31 18:00:02,395 INFO  - Start creating the TestRunner id 1 in 0ms
 2023-07-31 18:00:02,410 INFO  - unknown(no Web Driver): Creating web driver for {"app":false,"kind":"browser","logger":{"name":"org.webrtc.kite.config.client.Client","debugEnabled":true},"count":5,"clientIndex":0,"fullReset":false,"jsonConfig":{"browserName":{},"platform":{}},"capability":{"headless":false,"windowSize":"1920,1200","technologyPreview":false,"useFakeMedia":true,"flags":[],"maxInstances":5,"extraCapabilities":{},"gateway":"none"},"paas":{"specList":[],"networkProfile":{"delay":0,"corrupt":0,"cleanUpCommand":"","bandwidth":0,"packetloss":0,"name":"NONE","id":"","duplicate":0,"command":""},"availableSlots":3,"type":"local","region":"NC","url":"http://localhost:4444/wd/hub"},"name":"0","networkProfile":{"delay":0,"corrupt":0,"cleanUpCommand":"","bandwidth":0,"packetloss":0,"name":"","id":"","duplicate":0,"command":""},"exclude":false,"browserSpecs":{"extension":"","profile":"","driverString":"-Dwebdriver.chrome.driver=./chromedriver","browserName":"chrome","deviceName":"unknown","platform":"WINDOWS"},"region":"NC"}
 2023-07-31 18:00:02,410 INFO  - unknown(no Web Driver): Creating web driver for {"app":false,"kind":"browser","logger":{"name":"org.webrtc.kite.config.client.Client","debugEnabled":true},"count":5,"clientIndex":0,"fullReset":false,"jsonConfig":{"browserName":{},"platform":{}},"capability":{"headless":false,"windowSize":"1920,1200","technologyPreview":false,"useFakeMedia":true,"flags":[],"maxInstances":5,"extraCapabilities":{},"gateway":"none"},"paas":{"specList":[],"networkProfile":{"delay":0,"corrupt":0,"cleanUpCommand":"","bandwidth":0,"packetloss":0,"name":"NONE","id":"","duplicate":0,"command":""},"availableSlots":3,"type":"local","region":"NC","url":"http://localhost:4444/wd/hub"},"name":"1","networkProfile":{"delay":0,"corrupt":0,"cleanUpCommand":"","bandwidth":0,"packetloss":0,"name":"","id":"","duplicate":0,"command":""},"exclude":false,"browserSpecs":{"extension":"","profile":"","driverString":"-Dwebdriver.chrome.driver=./chromedriver","browserName":"chrome","deviceName":"unknown","platform":"WINDOWS"},"region":"NC"}
 2023-07-31 18:00:04,839 INFO  - unknown(no Web Driver):  [PASSED] Initiate webDriver for client
 2023-07-31 18:00:04,839 INFO  - unknown(no Web Driver):  [PASSED] Initiate webDriver for client
 2023-07-31 18:00:04,855 INFO  - Starting the execution of the test runners in parallel 
 2023-07-31 18:00:04,856 INFO  - Start processing the TestRunner(DEFAULT) id 0 in 0ms
 2023-07-31 18:00:04,856 INFO  - Start processing the TestRunner(DEFAULT) id 1 in 0ms
 2023-07-31 18:00:06,156 INFO  - ch115_WIN-ebb51 - 0:  [PASSED] Open https://falgsc.eu.org/
 2023-07-31 18:00:06,157 INFO  - ch115_WIN-f8062 - 1:  [PASSED] Open https://falgsc.eu.org/
 2023-07-31 18:01:58,312 INFO  - Closing down webDrivers
 2023-07-31 18:02:24,733 INFO  - Reading 'C:\Users\giann\Documents\Progetti\KITE\KITE-Telemed-Test\.\configs\telemed.config.json' ...
 2023-07-31 18:02:24,940 INFO  - new RoomManager(2 max per room) for https://falgsc.eu.org/
 2023-07-31 18:02:24,941 INFO  - Please make sure that you have enough room for all users.
 2023-07-31 18:02:24,941 INFO  - getRoomUrl(random) function, with random value = true/false, will give you the base url with or without a randomized ID.
 2023-07-31 18:02:24,941 INFO  - Finished reading the configuration file
 2023-07-31 18:02:24,941 INFO  - Creating report folder if not exist at :C:\Users\giann\Documents\Progetti\KITE\KITE-Telemed-Test/kite-allure-reports/
 2023-07-31 18:02:24,945 INFO  - Running {"type":"interop","name":"Telemed Test %ts","testImpl":"org.webrtc.kite.telemed.KiteTelemedTest","description":"Telemed test description","tupleSize":2,"noOfThreads":1,"maxRetryCount":0,"delayForClosing":0,"permute":true} ...
 2023-07-31 18:02:24,948 INFO  - Executing {"type":"interop","name":"Telemed Test %ts","testImpl":"org.webrtc.kite.telemed.KiteTelemedTest","description":"Telemed test description","tupleSize":2,"noOfThreads":1,"maxRetryCount":0,"delayForClosing":0,"permute":true} for 1 browser tuples with size :2
 2023-07-31 18:02:24,952 INFO  - current phase in test manager has been set to DEFAULT
 2023-07-31 18:02:24,955 INFO  - 
           |--------------------------------------------------
           | Number of registered tests: 0
           | Elapsed time: 0m0s (avg:0m0s)
           | Running test case with ID: 0/1
           | ETA (for Telemed Test %ts): Estimating..
           |--------------------------------------------------
 2023-07-31 18:02:24,956 INFO  - execute(DEFAULT) for the test case: WIN_ch-WIN_ch (2023-07-31-180224)
 2023-07-31 18:02:24,957 INFO  - Not load test, init report for test
 2023-07-31 18:02:24,958 INFO  - Finished filling out initial report for phase 
 2023-07-31 18:02:24,959 INFO  - payload handling
 2023-07-31 18:02:24,959 INFO  - the payload is {"url":"https://falgsc.eu.org/","usersPerRoom":2,"getStats":{"enabled":true,"statsCollectionTime":2,"statsCollectionInterval":1,"peerConnections":["ng.getComponent($('app-videocall-pj')[0]).mediaConnection.peerConnection"],"selectedStats":["inbound-rtp","outbound-rtp","local-candidate","remote-candidate","candidate-pair","stream","peer-connection","codec","track","transport"]}}
 2023-07-31 18:02:24,961 INFO  - Creating runners
 2023-07-31 18:02:24,962 INFO  - Start creating the TestRunner id 1 in 0ms
 2023-07-31 18:02:24,963 INFO  - Start creating the TestRunner id 0 in 0ms
 2023-07-31 18:02:24,975 INFO  - unknown(no Web Driver): Creating web driver for {"app":false,"kind":"browser","logger":{"name":"org.webrtc.kite.config.client.Client","debugEnabled":true},"count":5,"clientIndex":0,"fullReset":false,"jsonConfig":{"browserName":{},"platform":{}},"capability":{"headless":false,"windowSize":"1920,1200","technologyPreview":false,"useFakeMedia":true,"flags":[],"maxInstances":5,"extraCapabilities":{},"gateway":"none"},"paas":{"specList":[],"networkProfile":{"corrupt":0,"delay":0,"cleanUpCommand":"","bandwidth":0,"packetloss":0,"name":"NONE","id":"","duplicate":0,"command":""},"availableSlots":3,"type":"local","region":"NC","url":"http://localhost:4444/wd/hub"},"name":"1","networkProfile":{"corrupt":0,"delay":0,"cleanUpCommand":"","bandwidth":0,"packetloss":0,"name":"","id":"","duplicate":0,"command":""},"exclude":false,"browserSpecs":{"extension":"","profile":"","driverString":"-Dwebdriver.chrome.driver=./chromedriver","browserName":"chrome","deviceName":"unknown","platform":"WINDOWS"},"region":"NC"}
 2023-07-31 18:02:24,975 INFO  - unknown(no Web Driver): Creating web driver for {"app":false,"kind":"browser","logger":{"name":"org.webrtc.kite.config.client.Client","debugEnabled":true},"count":5,"clientIndex":0,"fullReset":false,"jsonConfig":{"browserName":{},"platform":{}},"capability":{"headless":false,"windowSize":"1920,1200","technologyPreview":false,"useFakeMedia":true,"flags":[],"maxInstances":5,"extraCapabilities":{},"gateway":"none"},"paas":{"specList":[],"networkProfile":{"corrupt":0,"delay":0,"cleanUpCommand":"","bandwidth":0,"packetloss":0,"name":"NONE","id":"","duplicate":0,"command":""},"availableSlots":3,"type":"local","region":"NC","url":"http://localhost:4444/wd/hub"},"name":"0","networkProfile":{"corrupt":0,"delay":0,"cleanUpCommand":"","bandwidth":0,"packetloss":0,"name":"","id":"","duplicate":0,"command":""},"exclude":false,"browserSpecs":{"extension":"","profile":"","driverString":"-Dwebdriver.chrome.driver=./chromedriver","browserName":"chrome","deviceName":"unknown","platform":"WINDOWS"},"region":"NC"}
 2023-07-31 18:02:27,044 INFO  - unknown(no Web Driver):  [PASSED] Initiate webDriver for client
 2023-07-31 18:02:27,044 INFO  - unknown(no Web Driver):  [PASSED] Initiate webDriver for client
 2023-07-31 18:02:27,061 INFO  - Starting the execution of the test runners in parallel 
 2023-07-31 18:02:27,064 INFO  - Start processing the TestRunner(DEFAULT) id 1 in 0ms
 2023-07-31 18:02:27,064 INFO  - Start processing the TestRunner(DEFAULT) id 0 in 0ms
 2023-07-31 18:02:28,299 INFO  - ch115_WIN-d2966 - 0:  [PASSED] Open https://falgsc.eu.org/
 2023-07-31 18:02:28,300 INFO  - ch115_WIN-434b7 - 1:  [PASSED] Open https://falgsc.eu.org/
 2023-07-31 18:02:34,034 INFO  - Closing down webDrivers
 